{"/mnt/c/Users/norac/Desktop/PES/front-app/esCultura/src/components/Calendar.js": {"path":"/mnt/c/Users/norac/Desktop/PES/front-app/esCultura/src/components/Calendar.js","statementMap":{"0":{"start":{"line":8,"column":23},"end":{"line":104,"column":1}},"1":{"start":{"line":9,"column":34},"end":{"line":9,"column":46}},"2":{"start":{"line":10,"column":46},"end":{"line":10,"column":58}},"3":{"start":{"line":11,"column":26},"end":{"line":11,"column":38}},"4":{"start":{"line":12,"column":18},"end":{"line":12,"column":107}},"5":{"start":{"line":13,"column":17},"end":{"line":13,"column":31}},"6":{"start":{"line":14,"column":42},"end":{"line":14,"column":57}},"7":{"start":{"line":16,"column":2},"end":{"line":51,"column":21}},"8":{"start":{"line":17,"column":26},"end":{"line":49,"column":3}},"9":{"start":{"line":18,"column":6},"end":{"line":48,"column":5}},"10":{"start":{"line":19,"column":25},"end":{"line":22,"column":13}},"11":{"start":{"line":23,"column":8},"end":{"line":25,"column":9}},"12":{"start":{"line":24,"column":10},"end":{"line":24,"column":63}},"13":{"start":{"line":26,"column":21},"end":{"line":26,"column":42}},"14":{"start":{"line":27,"column":8},"end":{"line":27,"column":26}},"15":{"start":{"line":28,"column":8},"end":{"line":42,"column":9}},"16":{"start":{"line":28,"column":21},"end":{"line":28,"column":22}},"17":{"start":{"line":29,"column":31},"end":{"line":29,"column":51}},"18":{"start":{"line":30,"column":32},"end":{"line":33,"column":13}},"19":{"start":{"line":34,"column":10},"end":{"line":36,"column":11}},"20":{"start":{"line":35,"column":12},"end":{"line":35,"column":64}},"21":{"start":{"line":37,"column":24},"end":{"line":37,"column":50}},"22":{"start":{"line":38,"column":23},"end":{"line":38,"column":50}},"23":{"start":{"line":39,"column":10},"end":{"line":39,"column":50}},"24":{"start":{"line":40,"column":10},"end":{"line":40,"column":30}},"25":{"start":{"line":41,"column":10},"end":{"line":41,"column":38}},"26":{"start":{"line":43,"column":8},"end":{"line":43,"column":42}},"27":{"start":{"line":44,"column":8},"end":{"line":44,"column":28}},"28":{"start":{"line":45,"column":8},"end":{"line":45,"column":36}},"29":{"start":{"line":47,"column":6},"end":{"line":47,"column":27}},"30":{"start":{"line":50,"column":2},"end":{"line":50,"column":18}},"31":{"start":{"line":53,"column":4},"end":{"line":103,"column":4}},"32":{"start":{"line":57,"column":8},"end":{"line":57,"column":104}},"33":{"start":{"line":84,"column":10},"end":{"line":84,"column":37}},"34":{"start":{"line":85,"column":10},"end":{"line":89,"column":11}},"35":{"start":{"line":86,"column":12},"end":{"line":86,"column":39}},"36":{"start":{"line":88,"column":12},"end":{"line":88,"column":51}},"37":{"start":{"line":106,"column":0},"end":{"line":132,"column":2}},"38":{"start":{"line":133,"column":0},"end":{"line":133,"column":35}},"39":{"start":{"line":135,"column":15},"end":{"line":148,"column":4}}},"fnMap":{"0":{"name":"(anonymous_0)","decl":{"start":{"line":8,"column":23},"end":{"line":8,"column":24}},"loc":{"start":{"line":8,"column":34},"end":{"line":104,"column":1}},"line":8},"1":{"name":"(anonymous_1)","decl":{"start":{"line":16,"column":12},"end":{"line":16,"column":13}},"loc":{"start":{"line":16,"column":18},"end":{"line":51,"column":3}},"line":16},"2":{"name":"(anonymous_2)","decl":{"start":{"line":17,"column":26},"end":{"line":17,"column":27}},"loc":{"start":{"line":17,"column":38},"end":{"line":49,"column":3}},"line":17},"3":{"name":"(anonymous_3)","decl":{"start":{"line":56,"column":19},"end":{"line":56,"column":20}},"loc":{"start":{"line":57,"column":8},"end":{"line":57,"column":104}},"line":57},"4":{"name":"(anonymous_4)","decl":{"start":{"line":83,"column":20},"end":{"line":83,"column":21}},"loc":{"start":{"line":83,"column":27},"end":{"line":90,"column":9}},"line":83}},"branchMap":{"0":{"loc":{"start":{"line":23,"column":8},"end":{"line":25,"column":9}},"type":"if","locations":[{"start":{"line":23,"column":8},"end":{"line":25,"column":9}},{"start":{},"end":{}}],"line":23},"1":{"loc":{"start":{"line":34,"column":10},"end":{"line":36,"column":11}},"type":"if","locations":[{"start":{"line":34,"column":10},"end":{"line":36,"column":11}},{"start":{},"end":{}}],"line":34},"2":{"loc":{"start":{"line":57,"column":20},"end":{"line":57,"column":74}},"type":"cond-expr","locations":[{"start":{"line":57,"column":42},"end":{"line":57,"column":56}},{"start":{"line":57,"column":59},"end":{"line":57,"column":74}}],"line":57},"3":{"loc":{"start":{"line":85,"column":10},"end":{"line":89,"column":11}},"type":"if","locations":[{"start":{"line":85,"column":10},"end":{"line":89,"column":11}},{"start":{"line":87,"column":17},"end":{"line":89,"column":11}}],"line":85}},"s":{"0":0,"1":0,"2":0,"3":0,"4":0,"5":0,"6":0,"7":0,"8":0,"9":0,"10":0,"11":0,"12":0,"13":0,"14":0,"15":0,"16":0,"17":0,"18":0,"19":0,"20":0,"21":0,"22":0,"23":0,"24":0,"25":0,"26":0,"27":0,"28":0,"29":0,"30":0,"31":0,"32":0,"33":0,"34":0,"35":0,"36":0,"37":0,"38":0,"39":0},"f":{"0":0,"1":0,"2":0,"3":0,"4":0},"b":{"0":[0,0],"1":[0,0],"2":[0,0],"3":[0,0]}}
,"/mnt/c/Users/norac/Desktop/PES/front-app/esCultura/src/components/Esdeveniment.js": {"path":"/mnt/c/Users/norac/Desktop/PES/front-app/esCultura/src/components/Esdeveniment.js","statementMap":{"0":{"start":{"line":8,"column":16},"end":{"line":8,"column":25}},"1":{"start":{"line":9,"column":22},"end":{"line":9,"column":69}},"2":{"start":{"line":10,"column":22},"end":{"line":10,"column":66}},"3":{"start":{"line":13,"column":44},"end":{"line":13,"column":59}},"4":{"start":{"line":15,"column":15},"end":{"line":15,"column":28}},"5":{"start":{"line":17,"column":4},"end":{"line":46,"column":5}},"6":{"start":{"line":19,"column":65},"end":{"line":19,"column":86}},"7":{"start":{"line":35,"column":28},"end":{"line":35,"column":50}},"8":{"start":{"line":49,"column":15},"end":{"line":120,"column":2}}},"fnMap":{"0":{"name":"Esdeveniment","decl":{"start":{"line":12,"column":24},"end":{"line":12,"column":36}},"loc":{"start":{"line":12,"column":45},"end":{"line":47,"column":1}},"line":12},"1":{"name":"(anonymous_1)","decl":{"start":{"line":19,"column":59},"end":{"line":19,"column":60}},"loc":{"start":{"line":19,"column":65},"end":{"line":19,"column":86}},"line":19},"2":{"name":"(anonymous_2)","decl":{"start":{"line":35,"column":22},"end":{"line":35,"column":23}},"loc":{"start":{"line":35,"column":28},"end":{"line":35,"column":50}},"line":35}},"branchMap":{},"s":{"0":0,"1":0,"2":0,"3":0,"4":0,"5":0,"6":0,"7":0,"8":0},"f":{"0":0,"1":0,"2":0},"b":{}}
,"/mnt/c/Users/norac/Desktop/PES/front-app/esCultura/src/components/GrupXatButton.js": {"path":"/mnt/c/Users/norac/Desktop/PES/front-app/esCultura/src/components/GrupXatButton.js","statementMap":{"0":{"start":{"line":10,"column":44},"end":{"line":10,"column":59}},"1":{"start":{"line":11,"column":33},"end":{"line":11,"column":45}},"2":{"start":{"line":12,"column":31},"end":{"line":12,"column":43}},"3":{"start":{"line":13,"column":50},"end":{"line":13,"column":62}},"4":{"start":{"line":14,"column":44},"end":{"line":14,"column":56}},"5":{"start":{"line":17,"column":8},"end":{"line":17,"column":31}},"6":{"start":{"line":20,"column":4},"end":{"line":60,"column":5}},"7":{"start":{"line":22,"column":65},"end":{"line":22,"column":86}},"8":{"start":{"line":32,"column":69},"end":{"line":32,"column":91}},"9":{"start":{"line":48,"column":16},"end":{"line":54,"column":25}},"10":{"start":{"line":49,"column":16},"end":{"line":54,"column":24}},"11":{"start":{"line":51,"column":81},"end":{"line":51,"column":109}},"12":{"start":{"line":64,"column":15},"end":{"line":155,"column":2}}},"fnMap":{"0":{"name":"NewGrup","decl":{"start":{"line":9,"column":24},"end":{"line":9,"column":31}},"loc":{"start":{"line":9,"column":39},"end":{"line":61,"column":1}},"line":9},"1":{"name":"handleTextChange","decl":{"start":{"line":16,"column":13},"end":{"line":16,"column":29}},"loc":{"start":{"line":16,"column":37},"end":{"line":19,"column":5}},"line":16},"2":{"name":"(anonymous_2)","decl":{"start":{"line":22,"column":59},"end":{"line":22,"column":60}},"loc":{"start":{"line":22,"column":65},"end":{"line":22,"column":86}},"line":22},"3":{"name":"(anonymous_3)","decl":{"start":{"line":32,"column":63},"end":{"line":32,"column":64}},"loc":{"start":{"line":32,"column":69},"end":{"line":32,"column":91}},"line":32},"4":{"name":"(anonymous_4)","decl":{"start":{"line":47,"column":30},"end":{"line":47,"column":31}},"loc":{"start":{"line":47,"column":41},"end":{"line":55,"column":18}},"line":47},"5":{"name":"(anonymous_5)","decl":{"start":{"line":51,"column":77},"end":{"line":51,"column":78}},"loc":{"start":{"line":51,"column":81},"end":{"line":51,"column":109}},"line":51}},"branchMap":{"0":{"loc":{"start":{"line":48,"column":16},"end":{"line":54,"column":25}},"type":"if","locations":[{"start":{"line":48,"column":16},"end":{"line":54,"column":25}},{"start":{},"end":{}}],"line":48}},"s":{"0":0,"1":0,"2":0,"3":0,"4":0,"5":0,"6":0,"7":0,"8":0,"9":0,"10":0,"11":0,"12":0},"f":{"0":0,"1":0,"2":0,"3":0,"4":0,"5":0},"b":{"0":[0,0]}}
,"/mnt/c/Users/norac/Desktop/PES/front-app/esCultura/src/components/InfoCompleta.js": {"path":"/mnt/c/Users/norac/Desktop/PES/front-app/esCultura/src/components/InfoCompleta.js","statementMap":{"0":{"start":{"line":7,"column":16},"end":{"line":7,"column":25}},"1":{"start":{"line":12,"column":20},"end":{"line":14,"column":5}},"2":{"start":{"line":13,"column":8},"end":{"line":13,"column":44}},"3":{"start":{"line":16,"column":4},"end":{"line":55,"column":5}},"4":{"start":{"line":31,"column":36},"end":{"line":31,"column":93}},"5":{"start":{"line":58,"column":15},"end":{"line":142,"column":2}}},"fnMap":{"0":{"name":"InfoCompleta","decl":{"start":{"line":10,"column":24},"end":{"line":10,"column":36}},"loc":{"start":{"line":10,"column":45},"end":{"line":56,"column":1}},"line":10},"1":{"name":"(anonymous_1)","decl":{"start":{"line":12,"column":20},"end":{"line":12,"column":21}},"loc":{"start":{"line":12,"column":32},"end":{"line":14,"column":5}},"line":12},"2":{"name":"(anonymous_2)","decl":{"start":{"line":30,"column":47},"end":{"line":30,"column":48}},"loc":{"start":{"line":30,"column":60},"end":{"line":32,"column":33}},"line":30}},"branchMap":{"0":{"loc":{"start":{"line":44,"column":25},"end":{"line":44,"column":90}},"type":"binary-expr","locations":[{"start":{"line":44,"column":25},"end":{"line":44,"column":35}},{"start":{"line":44,"column":39},"end":{"line":44,"column":90}}],"line":44}},"s":{"0":0,"1":0,"2":0,"3":0,"4":0,"5":0},"f":{"0":0,"1":0,"2":0},"b":{"0":[0,0]}}
,"/mnt/c/Users/norac/Desktop/PES/front-app/esCultura/src/components/InfoXatComp.js": {"path":"/mnt/c/Users/norac/Desktop/PES/front-app/esCultura/src/components/InfoXatComp.js","statementMap":{"0":{"start":{"line":11,"column":38},"end":{"line":11,"column":53}},"1":{"start":{"line":12,"column":33},"end":{"line":12,"column":45}},"2":{"start":{"line":13,"column":25},"end":{"line":13,"column":37}},"3":{"start":{"line":16,"column":8},"end":{"line":16,"column":38}},"4":{"start":{"line":19,"column":4},"end":{"line":33,"column":17}},"5":{"start":{"line":24,"column":20},"end":{"line":24,"column":38}},"6":{"start":{"line":25,"column":8},"end":{"line":28,"column":29}},"7":{"start":{"line":26,"column":12},"end":{"line":26,"column":30}},"8":{"start":{"line":28,"column":13},"end":{"line":28,"column":29}},"9":{"start":{"line":32,"column":8},"end":{"line":32,"column":30}},"10":{"start":{"line":35,"column":24},"end":{"line":42,"column":5}},"11":{"start":{"line":37,"column":20},"end":{"line":37,"column":41}},"12":{"start":{"line":38,"column":6},"end":{"line":38,"column":68}},"13":{"start":{"line":38,"column":54},"end":{"line":38,"column":67}},"14":{"start":{"line":39,"column":6},"end":{"line":39,"column":29}},"15":{"start":{"line":40,"column":6},"end":{"line":40,"column":26}},"16":{"start":{"line":41,"column":6},"end":{"line":41,"column":27}},"17":{"start":{"line":45,"column":4},"end":{"line":89,"column":5}},"18":{"start":{"line":47,"column":66},"end":{"line":47,"column":84}},"19":{"start":{"line":60,"column":68},"end":{"line":60,"column":89}},"20":{"start":{"line":72,"column":16},"end":{"line":82,"column":25}},"21":{"start":{"line":73,"column":16},"end":{"line":82,"column":24}},"22":{"start":{"line":93,"column":15},"end":{"line":182,"column":2}}},"fnMap":{"0":{"name":"InfoXat","decl":{"start":{"line":10,"column":24},"end":{"line":10,"column":31}},"loc":{"start":{"line":10,"column":39},"end":{"line":90,"column":1}},"line":10},"1":{"name":"patata","decl":{"start":{"line":15,"column":13},"end":{"line":15,"column":19}},"loc":{"start":{"line":15,"column":21},"end":{"line":17,"column":5}},"line":15},"2":{"name":"(anonymous_2)","decl":{"start":{"line":19,"column":14},"end":{"line":19,"column":15}},"loc":{"start":{"line":19,"column":20},"end":{"line":33,"column":11}},"line":19},"3":{"name":"usuarisParticipants","decl":{"start":{"line":22,"column":16},"end":{"line":22,"column":35}},"loc":{"start":{"line":22,"column":37},"end":{"line":30,"column":8}},"line":22},"4":{"name":"(anonymous_4)","decl":{"start":{"line":35,"column":24},"end":{"line":35,"column":25}},"loc":{"start":{"line":35,"column":38},"end":{"line":42,"column":5}},"line":35},"5":{"name":"(anonymous_5)","decl":{"start":{"line":38,"column":45},"end":{"line":38,"column":46}},"loc":{"start":{"line":38,"column":54},"end":{"line":38,"column":67}},"line":38},"6":{"name":"(anonymous_6)","decl":{"start":{"line":47,"column":60},"end":{"line":47,"column":61}},"loc":{"start":{"line":47,"column":66},"end":{"line":47,"column":84}},"line":47},"7":{"name":"(anonymous_7)","decl":{"start":{"line":60,"column":63},"end":{"line":60,"column":64}},"loc":{"start":{"line":60,"column":68},"end":{"line":60,"column":89}},"line":60},"8":{"name":"(anonymous_8)","decl":{"start":{"line":71,"column":24},"end":{"line":71,"column":25}},"loc":{"start":{"line":71,"column":35},"end":{"line":83,"column":18}},"line":71}},"branchMap":{"0":{"loc":{"start":{"line":25,"column":8},"end":{"line":28,"column":29}},"type":"if","locations":[{"start":{"line":25,"column":8},"end":{"line":28,"column":29}},{"start":{"line":28,"column":13},"end":{"line":28,"column":29}}],"line":25},"1":{"loc":{"start":{"line":72,"column":16},"end":{"line":82,"column":25}},"type":"if","locations":[{"start":{"line":72,"column":16},"end":{"line":82,"column":25}},{"start":{},"end":{}}],"line":72}},"s":{"0":0,"1":0,"2":0,"3":0,"4":0,"5":0,"6":0,"7":0,"8":0,"9":0,"10":0,"11":0,"12":0,"13":0,"14":0,"15":0,"16":0,"17":0,"18":0,"19":0,"20":0,"21":0,"22":0},"f":{"0":0,"1":0,"2":0,"3":0,"4":0,"5":0,"6":0,"7":0,"8":0},"b":{"0":[0,0],"1":[0,0]}}
,"/mnt/c/Users/norac/Desktop/PES/front-app/esCultura/src/components/LikeButton.js": {"path":"/mnt/c/Users/norac/Desktop/PES/front-app/esCultura/src/components/LikeButton.js","statementMap":{"0":{"start":{"line":5,"column":20},"end":{"line":95,"column":3}},"1":{"start":{"line":6,"column":30},"end":{"line":6,"column":41}},"2":{"start":{"line":7,"column":30},"end":{"line":7,"column":41}},"3":{"start":{"line":8,"column":22},"end":{"line":8,"column":36}},"4":{"start":{"line":9,"column":19},"end":{"line":9,"column":33}},"5":{"start":{"line":10,"column":25},"end":{"line":10,"column":35}},"6":{"start":{"line":12,"column":3},"end":{"line":36,"column":9}},"7":{"start":{"line":13,"column":23},"end":{"line":34,"column":3}},"8":{"start":{"line":14,"column":6},"end":{"line":33,"column":5}},"9":{"start":{"line":15,"column":25},"end":{"line":15,"column":158}},"10":{"start":{"line":16,"column":8},"end":{"line":18,"column":9}},"11":{"start":{"line":17,"column":10},"end":{"line":17,"column":65}},"12":{"start":{"line":19,"column":21},"end":{"line":19,"column":42}},"13":{"start":{"line":20,"column":8},"end":{"line":20,"column":30}},"14":{"start":{"line":23,"column":26},"end":{"line":23,"column":176}},"15":{"start":{"line":24,"column":8},"end":{"line":26,"column":9}},"16":{"start":{"line":25,"column":10},"end":{"line":25,"column":54}},"17":{"start":{"line":27,"column":22},"end":{"line":27,"column":44}},"18":{"start":{"line":28,"column":8},"end":{"line":29,"column":31}},"19":{"start":{"line":28,"column":33},"end":{"line":28,"column":49}},"20":{"start":{"line":29,"column":16},"end":{"line":29,"column":31}},"21":{"start":{"line":32,"column":6},"end":{"line":32,"column":27}},"22":{"start":{"line":35,"column":2},"end":{"line":35,"column":15}},"23":{"start":{"line":38,"column":21},"end":{"line":60,"column":3}},"24":{"start":{"line":39,"column":4},"end":{"line":59,"column":5}},"25":{"start":{"line":40,"column":23},"end":{"line":49,"column":8}},"26":{"start":{"line":51,"column":6},"end":{"line":53,"column":7}},"27":{"start":{"line":52,"column":8},"end":{"line":52,"column":53}},"28":{"start":{"line":55,"column":6},"end":{"line":55,"column":53}},"29":{"start":{"line":55,"column":30},"end":{"line":55,"column":51}},"30":{"start":{"line":56,"column":6},"end":{"line":56,"column":21}},"31":{"start":{"line":58,"column":6},"end":{"line":58,"column":27}},"32":{"start":{"line":62,"column":23},"end":{"line":77,"column":3}},"33":{"start":{"line":63,"column":4},"end":{"line":76,"column":5}},"34":{"start":{"line":64,"column":23},"end":{"line":66,"column":8}},"35":{"start":{"line":68,"column":6},"end":{"line":70,"column":7}},"36":{"start":{"line":69,"column":8},"end":{"line":69,"column":54}},"37":{"start":{"line":72,"column":6},"end":{"line":72,"column":53}},"38":{"start":{"line":72,"column":30},"end":{"line":72,"column":51}},"39":{"start":{"line":73,"column":6},"end":{"line":73,"column":22}},"40":{"start":{"line":75,"column":6},"end":{"line":75,"column":27}},"41":{"start":{"line":79,"column":22},"end":{"line":85,"column":3}},"42":{"start":{"line":80,"column":4},"end":{"line":84,"column":5}},"43":{"start":{"line":81,"column":6},"end":{"line":81,"column":21}},"44":{"start":{"line":83,"column":6},"end":{"line":83,"column":19}},"45":{"start":{"line":88,"column":4},"end":{"line":94,"column":6}}},"fnMap":{"0":{"name":"(anonymous_0)","decl":{"start":{"line":5,"column":20},"end":{"line":5,"column":21}},"loc":{"start":{"line":5,"column":33},"end":{"line":95,"column":3}},"line":5},"1":{"name":"(anonymous_1)","decl":{"start":{"line":12,"column":13},"end":{"line":12,"column":14}},"loc":{"start":{"line":12,"column":19},"end":{"line":36,"column":3}},"line":12},"2":{"name":"(anonymous_2)","decl":{"start":{"line":13,"column":23},"end":{"line":13,"column":24}},"loc":{"start":{"line":13,"column":35},"end":{"line":34,"column":3}},"line":13},"3":{"name":"(anonymous_3)","decl":{"start":{"line":38,"column":21},"end":{"line":38,"column":22}},"loc":{"start":{"line":38,"column":33},"end":{"line":60,"column":3}},"line":38},"4":{"name":"(anonymous_4)","decl":{"start":{"line":55,"column":15},"end":{"line":55,"column":16}},"loc":{"start":{"line":55,"column":30},"end":{"line":55,"column":51}},"line":55},"5":{"name":"(anonymous_5)","decl":{"start":{"line":62,"column":23},"end":{"line":62,"column":24}},"loc":{"start":{"line":62,"column":35},"end":{"line":77,"column":3}},"line":62},"6":{"name":"(anonymous_6)","decl":{"start":{"line":72,"column":15},"end":{"line":72,"column":16}},"loc":{"start":{"line":72,"column":30},"end":{"line":72,"column":51}},"line":72},"7":{"name":"(anonymous_7)","decl":{"start":{"line":79,"column":22},"end":{"line":79,"column":23}},"loc":{"start":{"line":79,"column":28},"end":{"line":85,"column":3}},"line":79}},"branchMap":{"0":{"loc":{"start":{"line":8,"column":22},"end":{"line":8,"column":36}},"type":"cond-expr","locations":[{"start":{"line":8,"column":30},"end":{"line":8,"column":32}},{"start":{"line":8,"column":35},"end":{"line":8,"column":36}}],"line":8},"1":{"loc":{"start":{"line":16,"column":8},"end":{"line":18,"column":9}},"type":"if","locations":[{"start":{"line":16,"column":8},"end":{"line":18,"column":9}},{"start":{},"end":{}}],"line":16},"2":{"loc":{"start":{"line":24,"column":8},"end":{"line":26,"column":9}},"type":"if","locations":[{"start":{"line":24,"column":8},"end":{"line":26,"column":9}},{"start":{},"end":{}}],"line":24},"3":{"loc":{"start":{"line":28,"column":8},"end":{"line":29,"column":31}},"type":"if","locations":[{"start":{"line":28,"column":8},"end":{"line":29,"column":31}},{"start":{"line":29,"column":16},"end":{"line":29,"column":31}}],"line":28},"4":{"loc":{"start":{"line":51,"column":6},"end":{"line":53,"column":7}},"type":"if","locations":[{"start":{"line":51,"column":6},"end":{"line":53,"column":7}},{"start":{},"end":{}}],"line":51},"5":{"loc":{"start":{"line":68,"column":6},"end":{"line":70,"column":7}},"type":"if","locations":[{"start":{"line":68,"column":6},"end":{"line":70,"column":7}},{"start":{},"end":{}}],"line":68},"6":{"loc":{"start":{"line":80,"column":4},"end":{"line":84,"column":5}},"type":"if","locations":[{"start":{"line":80,"column":4},"end":{"line":84,"column":5}},{"start":{"line":82,"column":11},"end":{"line":84,"column":5}}],"line":80},"7":{"loc":{"start":{"line":90,"column":20},"end":{"line":90,"column":47}},"type":"cond-expr","locations":[{"start":{"line":90,"column":28},"end":{"line":90,"column":35}},{"start":{"line":90,"column":38},"end":{"line":90,"column":47}}],"line":90},"8":{"loc":{"start":{"line":90,"column":66},"end":{"line":90,"column":89}},"type":"cond-expr","locations":[{"start":{"line":90,"column":74},"end":{"line":90,"column":79}},{"start":{"line":90,"column":82},"end":{"line":90,"column":89}}],"line":90}},"s":{"0":0,"1":0,"2":0,"3":0,"4":0,"5":0,"6":0,"7":0,"8":0,"9":0,"10":0,"11":0,"12":0,"13":0,"14":0,"15":0,"16":0,"17":0,"18":0,"19":0,"20":0,"21":0,"22":0,"23":0,"24":0,"25":0,"26":0,"27":0,"28":0,"29":0,"30":0,"31":0,"32":0,"33":0,"34":0,"35":0,"36":0,"37":0,"38":0,"39":0,"40":0,"41":0,"42":0,"43":0,"44":0,"45":0},"f":{"0":0,"1":0,"2":0,"3":0,"4":0,"5":0,"6":0,"7":0},"b":{"0":[0,0],"1":[0,0],"2":[0,0],"3":[0,0],"4":[0,0],"5":[0,0],"6":[0,0],"7":[0,0],"8":[0,0]}}
,"/mnt/c/Users/norac/Desktop/PES/front-app/esCultura/src/components/MapComp.js": {"path":"/mnt/c/Users/norac/Desktop/PES/front-app/esCultura/src/components/MapComp.js","statementMap":{"0":{"start":{"line":11,"column":36},"end":{"line":11,"column":48}},"1":{"start":{"line":12,"column":34},"end":{"line":12,"column":48}},"2":{"start":{"line":13,"column":30},"end":{"line":18,"column":4}},"3":{"start":{"line":20,"column":2},"end":{"line":38,"column":9}},"4":{"start":{"line":21,"column":4},"end":{"line":37,"column":9}},"5":{"start":{"line":23,"column":23},"end":{"line":23,"column":73}},"6":{"start":{"line":24,"column":6},"end":{"line":27,"column":7}},"7":{"start":{"line":25,"column":8},"end":{"line":25,"column":66}},"8":{"start":{"line":26,"column":8},"end":{"line":26,"column":15}},"9":{"start":{"line":29,"column":21},"end":{"line":29,"column":63}},"10":{"start":{"line":30,"column":6},"end":{"line":30,"column":28}},"11":{"start":{"line":31,"column":6},"end":{"line":36,"column":9}},"12":{"start":{"line":40,"column":22},"end":{"line":42,"column":3}},"13":{"start":{"line":41,"column":4},"end":{"line":41,"column":30}},"14":{"start":{"line":44,"column":4},"end":{"line":55,"column":6}},"15":{"start":{"line":58,"column":17},"end":{"line":69,"column":4}}},"fnMap":{"0":{"name":"MapComp","decl":{"start":{"line":9,"column":24},"end":{"line":9,"column":31}},"loc":{"start":{"line":9,"column":34},"end":{"line":56,"column":3}},"line":9},"1":{"name":"(anonymous_1)","decl":{"start":{"line":20,"column":12},"end":{"line":20,"column":13}},"loc":{"start":{"line":20,"column":18},"end":{"line":38,"column":3}},"line":20},"2":{"name":"(anonymous_2)","decl":{"start":{"line":21,"column":5},"end":{"line":21,"column":6}},"loc":{"start":{"line":21,"column":17},"end":{"line":37,"column":5}},"line":21},"3":{"name":"(anonymous_3)","decl":{"start":{"line":40,"column":22},"end":{"line":40,"column":23}},"loc":{"start":{"line":40,"column":39},"end":{"line":42,"column":3}},"line":40}},"branchMap":{"0":{"loc":{"start":{"line":24,"column":6},"end":{"line":27,"column":7}},"type":"if","locations":[{"start":{"line":24,"column":6},"end":{"line":27,"column":7}},{"start":{},"end":{}}],"line":24}},"s":{"0":0,"1":0,"2":0,"3":0,"4":0,"5":0,"6":0,"7":0,"8":0,"9":0,"10":0,"11":0,"12":0,"13":0,"14":0,"15":0},"f":{"0":0,"1":0,"2":0,"3":0},"b":{"0":[0,0]}}
,"/mnt/c/Users/norac/Desktop/PES/front-app/esCultura/src/components/MarkersComp.js": {"path":"/mnt/c/Users/norac/Desktop/PES/front-app/esCultura/src/components/MarkersComp.js","statementMap":{"0":{"start":{"line":8,"column":21},"end":{"line":8,"column":37}},"1":{"start":{"line":10,"column":6},"end":{"line":10,"column":74}},"2":{"start":{"line":10,"column":54},"end":{"line":10,"column":73}},"3":{"start":{"line":13,"column":4},"end":{"line":15,"column":21}},"4":{"start":{"line":14,"column":6},"end":{"line":14,"column":26}},"5":{"start":{"line":17,"column":40},"end":{"line":17,"column":52}},"6":{"start":{"line":19,"column":4},"end":{"line":27,"column":15}},"7":{"start":{"line":19,"column":36},"end":{"line":27,"column":14}}},"fnMap":{"0":{"name":"MarkersMap","decl":{"start":{"line":5,"column":24},"end":{"line":5,"column":34}},"loc":{"start":{"line":5,"column":50},"end":{"line":28,"column":3}},"line":5},"1":{"name":"componentDidMount","decl":{"start":{"line":7,"column":13},"end":{"line":7,"column":30}},"loc":{"start":{"line":7,"column":33},"end":{"line":11,"column":5}},"line":7},"2":{"name":"(anonymous_2)","decl":{"start":{"line":10,"column":44},"end":{"line":10,"column":45}},"loc":{"start":{"line":10,"column":54},"end":{"line":10,"column":73}},"line":10},"3":{"name":"(anonymous_3)","decl":{"start":{"line":13,"column":15},"end":{"line":13,"column":16}},"loc":{"start":{"line":13,"column":19},"end":{"line":15,"column":5}},"line":13},"4":{"name":"(anonymous_4)","decl":{"start":{"line":19,"column":26},"end":{"line":19,"column":27}},"loc":{"start":{"line":19,"column":36},"end":{"line":27,"column":14}},"line":19}},"branchMap":{"0":{"loc":{"start":{"line":21,"column":30},"end":{"line":21,"column":61}},"type":"cond-expr","locations":[{"start":{"line":21,"column":45},"end":{"line":21,"column":57}},{"start":{"line":21,"column":60},"end":{"line":21,"column":61}}],"line":21},"1":{"loc":{"start":{"line":22,"column":31},"end":{"line":22,"column":64}},"type":"cond-expr","locations":[{"start":{"line":22,"column":47},"end":{"line":22,"column":60}},{"start":{"line":22,"column":63},"end":{"line":22,"column":64}}],"line":22}},"s":{"0":0,"1":0,"2":0,"3":0,"4":0,"5":0,"6":0,"7":0},"f":{"0":0,"1":0,"2":0,"3":0,"4":0},"b":{"0":[0,0],"1":[0,0]}}
,"/mnt/c/Users/norac/Desktop/PES/front-app/esCultura/src/components/NewXatButton.js": {"path":"/mnt/c/Users/norac/Desktop/PES/front-app/esCultura/src/components/NewXatButton.js","statementMap":{"0":{"start":{"line":11,"column":44},"end":{"line":11,"column":59}},"1":{"start":{"line":12,"column":33},"end":{"line":12,"column":45}},"2":{"start":{"line":13,"column":25},"end":{"line":13,"column":37}},"3":{"start":{"line":14,"column":40},"end":{"line":14,"column":52}},"4":{"start":{"line":15,"column":36},"end":{"line":15,"column":91}},"5":{"start":{"line":16,"column":30},"end":{"line":16,"column":45}},"6":{"start":{"line":20,"column":8},"end":{"line":20,"column":29}},"7":{"start":{"line":21,"column":8},"end":{"line":21,"column":43}},"8":{"start":{"line":21,"column":32},"end":{"line":21,"column":42}},"9":{"start":{"line":26,"column":4},"end":{"line":37,"column":19}},"10":{"start":{"line":27,"column":8},"end":{"line":27,"column":39}},"11":{"start":{"line":28,"column":29},"end":{"line":33,"column":5}},"12":{"start":{"line":29,"column":27},"end":{"line":29,"column":44}},"13":{"start":{"line":30,"column":16},"end":{"line":30,"column":81}},"14":{"start":{"line":30,"column":64},"end":{"line":30,"column":80}},"15":{"start":{"line":31,"column":16},"end":{"line":31,"column":48}},"16":{"start":{"line":32,"column":16},"end":{"line":32,"column":36}},"17":{"start":{"line":34,"column":4},"end":{"line":34,"column":18}},"18":{"start":{"line":35,"column":4},"end":{"line":35,"column":17}},"19":{"start":{"line":39,"column":23},"end":{"line":51,"column":1}},"20":{"start":{"line":40,"column":8},"end":{"line":40,"column":37}},"21":{"start":{"line":41,"column":8},"end":{"line":41,"column":29}},"22":{"start":{"line":42,"column":8},"end":{"line":42,"column":25}},"23":{"start":{"line":43,"column":8},"end":{"line":43,"column":36}},"24":{"start":{"line":44,"column":23},"end":{"line":44,"column":30}},"25":{"start":{"line":45,"column":12},"end":{"line":45,"column":113}},"26":{"start":{"line":45,"column":99},"end":{"line":45,"column":112}},"27":{"start":{"line":46,"column":12},"end":{"line":46,"column":35}},"28":{"start":{"line":47,"column":12},"end":{"line":47,"column":29}},"29":{"start":{"line":48,"column":8},"end":{"line":48,"column":30}},"30":{"start":{"line":49,"column":8},"end":{"line":49,"column":22}},"31":{"start":{"line":54,"column":12},"end":{"line":54,"column":45}},"32":{"start":{"line":55,"column":22},"end":{"line":55,"column":24}},"33":{"start":{"line":56,"column":12},"end":{"line":69,"column":9}},"34":{"start":{"line":57,"column":29},"end":{"line":57,"column":39}},"35":{"start":{"line":58,"column":12},"end":{"line":65,"column":13}},"36":{"start":{"line":59,"column":16},"end":{"line":63,"column":17}},"37":{"start":{"line":60,"column":20},"end":{"line":62,"column":22}},"38":{"start":{"line":61,"column":24},"end":{"line":61,"column":69}},"39":{"start":{"line":61,"column":50},"end":{"line":61,"column":69}},"40":{"start":{"line":66,"column":12},"end":{"line":66,"column":33}},"41":{"start":{"line":67,"column":12},"end":{"line":67,"column":32}},"42":{"start":{"line":74,"column":4},"end":{"line":121,"column":5}},"43":{"start":{"line":81,"column":65},"end":{"line":81,"column":87}},"44":{"start":{"line":99,"column":16},"end":{"line":109,"column":25}},"45":{"start":{"line":100,"column":16},"end":{"line":109,"column":24}},"46":{"start":{"line":102,"column":95},"end":{"line":102,"column":113}},"47":{"start":{"line":125,"column":15},"end":{"line":204,"column":2}}},"fnMap":{"0":{"name":"NewXat","decl":{"start":{"line":10,"column":24},"end":{"line":10,"column":30}},"loc":{"start":{"line":10,"column":38},"end":{"line":123,"column":1}},"line":10},"1":{"name":"recarregar","decl":{"start":{"line":19,"column":13},"end":{"line":19,"column":23}},"loc":{"start":{"line":19,"column":25},"end":{"line":23,"column":5}},"line":19},"2":{"name":"(anonymous_2)","decl":{"start":{"line":21,"column":18},"end":{"line":21,"column":19}},"loc":{"start":{"line":21,"column":32},"end":{"line":21,"column":42}},"line":21},"3":{"name":"(anonymous_3)","decl":{"start":{"line":26,"column":14},"end":{"line":26,"column":15}},"loc":{"start":{"line":26,"column":20},"end":{"line":37,"column":7}},"line":26},"4":{"name":"(anonymous_4)","decl":{"start":{"line":28,"column":29},"end":{"line":28,"column":30}},"loc":{"start":{"line":28,"column":41},"end":{"line":33,"column":5}},"line":28},"5":{"name":"(anonymous_5)","decl":{"start":{"line":30,"column":54},"end":{"line":30,"column":55}},"loc":{"start":{"line":30,"column":64},"end":{"line":30,"column":80}},"line":30},"6":{"name":"(anonymous_6)","decl":{"start":{"line":39,"column":23},"end":{"line":39,"column":24}},"loc":{"start":{"line":39,"column":39},"end":{"line":51,"column":1}},"line":39},"7":{"name":"(anonymous_7)","decl":{"start":{"line":45,"column":89},"end":{"line":45,"column":90}},"loc":{"start":{"line":45,"column":99},"end":{"line":45,"column":112}},"line":45},"8":{"name":"existeixXat","decl":{"start":{"line":53,"column":17},"end":{"line":53,"column":28}},"loc":{"start":{"line":53,"column":31},"end":{"line":69,"column":10}},"line":53},"9":{"name":"(anonymous_9)","decl":{"start":{"line":58,"column":31},"end":{"line":58,"column":32}},"loc":{"start":{"line":58,"column":38},"end":{"line":64,"column":13}},"line":58},"10":{"name":"(anonymous_10)","decl":{"start":{"line":60,"column":46},"end":{"line":60,"column":47}},"loc":{"start":{"line":60,"column":50},"end":{"line":62,"column":21}},"line":60},"11":{"name":"(anonymous_11)","decl":{"start":{"line":81,"column":59},"end":{"line":81,"column":60}},"loc":{"start":{"line":81,"column":65},"end":{"line":81,"column":87}},"line":81},"12":{"name":"(anonymous_12)","decl":{"start":{"line":98,"column":24},"end":{"line":98,"column":25}},"loc":{"start":{"line":98,"column":35},"end":{"line":110,"column":18}},"line":98},"13":{"name":"(anonymous_13)","decl":{"start":{"line":102,"column":90},"end":{"line":102,"column":91}},"loc":{"start":{"line":102,"column":95},"end":{"line":102,"column":113}},"line":102}},"branchMap":{"0":{"loc":{"start":{"line":56,"column":12},"end":{"line":69,"column":9}},"type":"if","locations":[{"start":{"line":56,"column":12},"end":{"line":69,"column":9}},{"start":{},"end":{}}],"line":56},"1":{"loc":{"start":{"line":59,"column":16},"end":{"line":63,"column":17}},"type":"if","locations":[{"start":{"line":59,"column":16},"end":{"line":63,"column":17}},{"start":{},"end":{}}],"line":59},"2":{"loc":{"start":{"line":61,"column":24},"end":{"line":61,"column":69}},"type":"if","locations":[{"start":{"line":61,"column":24},"end":{"line":61,"column":69}},{"start":{},"end":{}}],"line":61},"3":{"loc":{"start":{"line":99,"column":16},"end":{"line":109,"column":25}},"type":"if","locations":[{"start":{"line":99,"column":16},"end":{"line":109,"column":25}},{"start":{},"end":{}}],"line":99}},"s":{"0":0,"1":0,"2":0,"3":0,"4":0,"5":0,"6":0,"7":0,"8":0,"9":0,"10":0,"11":0,"12":0,"13":0,"14":0,"15":0,"16":0,"17":0,"18":0,"19":0,"20":0,"21":0,"22":0,"23":0,"24":0,"25":0,"26":0,"27":0,"28":0,"29":0,"30":0,"31":0,"32":0,"33":0,"34":0,"35":0,"36":0,"37":0,"38":0,"39":0,"40":0,"41":0,"42":0,"43":0,"44":0,"45":0,"46":0,"47":0},"f":{"0":0,"1":0,"2":0,"3":0,"4":0,"5":0,"6":0,"7":0,"8":0,"9":0,"10":0,"11":0,"12":0,"13":0},"b":{"0":[0,0],"1":[0,0],"2":[0,0],"3":[0,0]}}
,"/mnt/c/Users/norac/Desktop/PES/front-app/esCultura/src/components/ReservarButton.js": {"path":"/mnt/c/Users/norac/Desktop/PES/front-app/esCultura/src/components/ReservarButton.js","statementMap":{"0":{"start":{"line":7,"column":36},"end":{"line":7,"column":51}},"1":{"start":{"line":8,"column":26},"end":{"line":8,"column":38}},"2":{"start":{"line":9,"column":19},"end":{"line":9,"column":33}},"3":{"start":{"line":10,"column":16},"end":{"line":10,"column":26}},"4":{"start":{"line":12,"column":6},"end":{"line":42,"column":13}},"5":{"start":{"line":14,"column":30},"end":{"line":40,"column":9}},"6":{"start":{"line":15,"column":12},"end":{"line":39,"column":11}},"7":{"start":{"line":16,"column":31},"end":{"line":19,"column":25}},"8":{"start":{"line":20,"column":14},"end":{"line":22,"column":15}},"9":{"start":{"line":21,"column":16},"end":{"line":21,"column":62}},"10":{"start":{"line":24,"column":27},"end":{"line":24,"column":48}},"11":{"start":{"line":26,"column":14},"end":{"line":26,"column":28}},"12":{"start":{"line":29,"column":14},"end":{"line":33,"column":15}},"13":{"start":{"line":29,"column":27},"end":{"line":29,"column":28}},"14":{"start":{"line":30,"column":18},"end":{"line":32,"column":19}},"15":{"start":{"line":31,"column":20},"end":{"line":31,"column":38}},"16":{"start":{"line":38,"column":12},"end":{"line":38,"column":33}},"17":{"start":{"line":41,"column":6},"end":{"line":41,"column":22}},"18":{"start":{"line":44,"column":25},"end":{"line":66,"column":1}},"19":{"start":{"line":46,"column":8},"end":{"line":65,"column":5}},"20":{"start":{"line":47,"column":25},"end":{"line":57,"column":8}},"21":{"start":{"line":58,"column":6},"end":{"line":60,"column":7}},"22":{"start":{"line":59,"column":8},"end":{"line":59,"column":53}},"23":{"start":{"line":62,"column":4},"end":{"line":62,"column":22}},"24":{"start":{"line":64,"column":6},"end":{"line":64,"column":27}},"25":{"start":{"line":67,"column":24},"end":{"line":86,"column":1}},"26":{"start":{"line":70,"column":4},"end":{"line":85,"column":1}},"27":{"start":{"line":71,"column":21},"end":{"line":78,"column":4}},"28":{"start":{"line":79,"column":2},"end":{"line":81,"column":3}},"29":{"start":{"line":80,"column":4},"end":{"line":80,"column":49}},"30":{"start":{"line":82,"column":0},"end":{"line":82,"column":19}},"31":{"start":{"line":84,"column":2},"end":{"line":84,"column":23}},"32":{"start":{"line":88,"column":0},"end":{"line":108,"column":4}},"33":{"start":{"line":89,"column":4},"end":{"line":95,"column":12}},"34":{"start":{"line":99,"column":0},"end":{"line":108,"column":3}},"35":{"start":{"line":114,"column":15},"end":{"line":132,"column":4}}},"fnMap":{"0":{"name":"Reservar","decl":{"start":{"line":5,"column":24},"end":{"line":5,"column":32}},"loc":{"start":{"line":5,"column":40},"end":{"line":112,"column":1}},"line":5},"1":{"name":"(anonymous_1)","decl":{"start":{"line":12,"column":16},"end":{"line":12,"column":17}},"loc":{"start":{"line":12,"column":22},"end":{"line":42,"column":7}},"line":12},"2":{"name":"(anonymous_2)","decl":{"start":{"line":14,"column":30},"end":{"line":14,"column":31}},"loc":{"start":{"line":14,"column":42},"end":{"line":40,"column":9}},"line":14},"3":{"name":"(anonymous_3)","decl":{"start":{"line":44,"column":25},"end":{"line":44,"column":26}},"loc":{"start":{"line":44,"column":37},"end":{"line":66,"column":1}},"line":44},"4":{"name":"(anonymous_4)","decl":{"start":{"line":67,"column":24},"end":{"line":67,"column":25}},"loc":{"start":{"line":67,"column":36},"end":{"line":86,"column":1}},"line":67}},"branchMap":{"0":{"loc":{"start":{"line":20,"column":14},"end":{"line":22,"column":15}},"type":"if","locations":[{"start":{"line":20,"column":14},"end":{"line":22,"column":15}},{"start":{},"end":{}}],"line":20},"1":{"loc":{"start":{"line":30,"column":18},"end":{"line":32,"column":19}},"type":"if","locations":[{"start":{"line":30,"column":18},"end":{"line":32,"column":19}},{"start":{},"end":{}}],"line":30},"2":{"loc":{"start":{"line":58,"column":6},"end":{"line":60,"column":7}},"type":"if","locations":[{"start":{"line":58,"column":6},"end":{"line":60,"column":7}},{"start":{},"end":{}}],"line":58},"3":{"loc":{"start":{"line":79,"column":2},"end":{"line":81,"column":3}},"type":"if","locations":[{"start":{"line":79,"column":2},"end":{"line":81,"column":3}},{"start":{},"end":{}}],"line":79},"4":{"loc":{"start":{"line":88,"column":0},"end":{"line":108,"column":4}},"type":"if","locations":[{"start":{"line":88,"column":0},"end":{"line":108,"column":4}},{"start":{"line":97,"column":4},"end":{"line":108,"column":4}}],"line":88}},"s":{"0":0,"1":0,"2":0,"3":0,"4":0,"5":0,"6":0,"7":0,"8":0,"9":0,"10":0,"11":0,"12":0,"13":0,"14":0,"15":0,"16":0,"17":0,"18":0,"19":0,"20":0,"21":0,"22":0,"23":0,"24":0,"25":0,"26":0,"27":0,"28":0,"29":0,"30":0,"31":0,"32":0,"33":0,"34":0,"35":0},"f":{"0":0,"1":0,"2":0,"3":0,"4":0},"b":{"0":[0,0],"1":[0,0],"2":[0,0],"3":[0,0],"4":[0,0]}}
,"/mnt/c/Users/norac/Desktop/PES/front-app/esCultura/src/components/Screen.js": {"path":"/mnt/c/Users/norac/Desktop/PES/front-app/esCultura/src/components/Screen.js","statementMap":{"0":{"start":{"line":5,"column":4},"end":{"line":23,"column":6}},"1":{"start":{"line":26,"column":15},"end":{"line":79,"column":2}}},"fnMap":{"0":{"name":"Screen","decl":{"start":{"line":4,"column":24},"end":{"line":4,"column":30}},"loc":{"start":{"line":4,"column":38},"end":{"line":24,"column":1}},"line":4}},"branchMap":{},"s":{"0":0,"1":0},"f":{"0":0},"b":{}}
,"/mnt/c/Users/norac/Desktop/PES/front-app/esCultura/src/components/SearchFilter.js": {"path":"/mnt/c/Users/norac/Desktop/PES/front-app/esCultura/src/components/SearchFilter.js","statementMap":{"0":{"start":{"line":11,"column":40},"end":{"line":11,"column":52}},"1":{"start":{"line":12,"column":36},"end":{"line":12,"column":48}},"2":{"start":{"line":14,"column":44},"end":{"line":14,"column":59}},"3":{"start":{"line":15,"column":34},"end":{"line":15,"column":45}},"4":{"start":{"line":17,"column":34},"end":{"line":17,"column":54}},"5":{"start":{"line":18,"column":32},"end":{"line":18,"column":52}},"6":{"start":{"line":19,"column":54},"end":{"line":19,"column":69}},"7":{"start":{"line":20,"column":52},"end":{"line":20,"column":67}},"8":{"start":{"line":22,"column":42},"end":{"line":22,"column":57}},"9":{"start":{"line":23,"column":52},"end":{"line":23,"column":67}},"10":{"start":{"line":24,"column":42},"end":{"line":24,"column":57}},"11":{"start":{"line":25,"column":52},"end":{"line":25,"column":67}},"12":{"start":{"line":26,"column":42},"end":{"line":26,"column":57}},"13":{"start":{"line":27,"column":50},"end":{"line":27,"column":65}},"14":{"start":{"line":28,"column":40},"end":{"line":28,"column":55}},"15":{"start":{"line":29,"column":46},"end":{"line":29,"column":61}},"16":{"start":{"line":32,"column":40},"end":{"line":32,"column":52}},"17":{"start":{"line":35,"column":8},"end":{"line":35,"column":35}},"18":{"start":{"line":43,"column":8},"end":{"line":43,"column":29}},"19":{"start":{"line":44,"column":8},"end":{"line":44,"column":45}},"20":{"start":{"line":52,"column":28},"end":{"line":52,"column":30}},"21":{"start":{"line":53,"column":23},"end":{"line":53,"column":25}},"22":{"start":{"line":55,"column":8},"end":{"line":55,"column":31}},"23":{"start":{"line":56,"column":8},"end":{"line":56,"column":36}},"24":{"start":{"line":59,"column":8},"end":{"line":61,"column":9}},"25":{"start":{"line":60,"column":12},"end":{"line":60,"column":48}},"26":{"start":{"line":64,"column":8},"end":{"line":75,"column":9}},"27":{"start":{"line":65,"column":31},"end":{"line":65,"column":51}},"28":{"start":{"line":66,"column":12},"end":{"line":73,"column":14}},"29":{"start":{"line":67,"column":16},"end":{"line":72,"column":17}},"30":{"start":{"line":68,"column":20},"end":{"line":68,"column":40}},"31":{"start":{"line":71,"column":20},"end":{"line":71,"column":44}},"32":{"start":{"line":74,"column":12},"end":{"line":74,"column":40}},"33":{"start":{"line":78,"column":8},"end":{"line":81,"column":9}},"34":{"start":{"line":79,"column":12},"end":{"line":79,"column":98}},"35":{"start":{"line":80,"column":12},"end":{"line":80,"column":97}},"36":{"start":{"line":84,"column":8},"end":{"line":86,"column":9}},"37":{"start":{"line":85,"column":12},"end":{"line":85,"column":55}},"38":{"start":{"line":88,"column":8},"end":{"line":95,"column":10}},"39":{"start":{"line":89,"column":12},"end":{"line":94,"column":13}},"40":{"start":{"line":90,"column":16},"end":{"line":90,"column":37}},"41":{"start":{"line":93,"column":16},"end":{"line":93,"column":41}},"42":{"start":{"line":97,"column":8},"end":{"line":97,"column":35}},"43":{"start":{"line":98,"column":8},"end":{"line":98,"column":23}},"44":{"start":{"line":105,"column":18},"end":{"line":105,"column":20}},"45":{"start":{"line":106,"column":8},"end":{"line":108,"column":9}},"46":{"start":{"line":107,"column":12},"end":{"line":107,"column":31}},"47":{"start":{"line":109,"column":8},"end":{"line":111,"column":9}},"48":{"start":{"line":110,"column":12},"end":{"line":110,"column":36}},"49":{"start":{"line":112,"column":8},"end":{"line":114,"column":9}},"50":{"start":{"line":113,"column":12},"end":{"line":113,"column":31}},"51":{"start":{"line":115,"column":8},"end":{"line":117,"column":9}},"52":{"start":{"line":116,"column":12},"end":{"line":116,"column":36}},"53":{"start":{"line":118,"column":8},"end":{"line":120,"column":9}},"54":{"start":{"line":119,"column":12},"end":{"line":119,"column":31}},"55":{"start":{"line":121,"column":8},"end":{"line":123,"column":9}},"56":{"start":{"line":122,"column":12},"end":{"line":122,"column":35}},"57":{"start":{"line":124,"column":8},"end":{"line":126,"column":9}},"58":{"start":{"line":125,"column":12},"end":{"line":125,"column":30}},"59":{"start":{"line":127,"column":8},"end":{"line":129,"column":9}},"60":{"start":{"line":128,"column":12},"end":{"line":128,"column":33}},"61":{"start":{"line":131,"column":8},"end":{"line":131,"column":19}},"62":{"start":{"line":134,"column":32},"end":{"line":138,"column":5}},"63":{"start":{"line":135,"column":28},"end":{"line":135,"column":51}},"64":{"start":{"line":136,"column":8},"end":{"line":136,"column":36}},"65":{"start":{"line":137,"column":8},"end":{"line":137,"column":32}},"66":{"start":{"line":140,"column":31},"end":{"line":144,"column":5}},"67":{"start":{"line":141,"column":28},"end":{"line":141,"column":50}},"68":{"start":{"line":142,"column":8},"end":{"line":142,"column":35}},"69":{"start":{"line":143,"column":8},"end":{"line":143,"column":31}},"70":{"start":{"line":146,"column":4},"end":{"line":280,"column":6}},"71":{"start":{"line":150,"column":31},"end":{"line":150,"column":52}},"72":{"start":{"line":158,"column":72},"end":{"line":158,"column":94}},"73":{"start":{"line":164,"column":80},"end":{"line":164,"column":106}},"74":{"start":{"line":179,"column":80},"end":{"line":179,"column":105}},"75":{"start":{"line":200,"column":43},"end":{"line":200,"column":71}},"76":{"start":{"line":206,"column":43},"end":{"line":206,"column":81}},"77":{"start":{"line":212,"column":43},"end":{"line":212,"column":71}},"78":{"start":{"line":218,"column":43},"end":{"line":218,"column":81}},"79":{"start":{"line":224,"column":43},"end":{"line":224,"column":71}},"80":{"start":{"line":230,"column":43},"end":{"line":230,"column":79}},"81":{"start":{"line":236,"column":43},"end":{"line":236,"column":69}},"82":{"start":{"line":242,"column":43},"end":{"line":242,"column":75}},"83":{"start":{"line":283,"column":17},"end":{"line":331,"column":4}}},"fnMap":{"0":{"name":"SearchFilter","decl":{"start":{"line":9,"column":24},"end":{"line":9,"column":36}},"loc":{"start":{"line":9,"column":65},"end":{"line":281,"column":3}},"line":9},"1":{"name":"emitVariable","decl":{"start":{"line":34,"column":13},"end":{"line":34,"column":25}},"loc":{"start":{"line":34,"column":28},"end":{"line":36,"column":5}},"line":34},"2":{"name":"handleTextChange","decl":{"start":{"line":42,"column":13},"end":{"line":42,"column":29}},"loc":{"start":{"line":42,"column":37},"end":{"line":45,"column":5}},"line":42},"3":{"name":"saveFilter","decl":{"start":{"line":51,"column":13},"end":{"line":51,"column":23}},"loc":{"start":{"line":51,"column":26},"end":{"line":99,"column":5}},"line":51},"4":{"name":"(anonymous_4)","decl":{"start":{"line":66,"column":37},"end":{"line":66,"column":38}},"loc":{"start":{"line":66,"column":55},"end":{"line":73,"column":13}},"line":66},"5":{"name":"(anonymous_5)","decl":{"start":{"line":88,"column":25},"end":{"line":88,"column":26}},"loc":{"start":{"line":88,"column":43},"end":{"line":95,"column":9}},"line":88},"6":{"name":"tematiquesArry","decl":{"start":{"line":104,"column":13},"end":{"line":104,"column":27}},"loc":{"start":{"line":104,"column":30},"end":{"line":132,"column":5}},"line":104},"7":{"name":"(anonymous_7)","decl":{"start":{"line":134,"column":32},"end":{"line":134,"column":33}},"loc":{"start":{"line":134,"column":57},"end":{"line":138,"column":5}},"line":134},"8":{"name":"(anonymous_8)","decl":{"start":{"line":140,"column":31},"end":{"line":140,"column":32}},"loc":{"start":{"line":140,"column":56},"end":{"line":144,"column":5}},"line":140},"9":{"name":"(anonymous_9)","decl":{"start":{"line":150,"column":25},"end":{"line":150,"column":26}},"loc":{"start":{"line":150,"column":31},"end":{"line":150,"column":52}},"line":150},"10":{"name":"(anonymous_10)","decl":{"start":{"line":158,"column":66},"end":{"line":158,"column":67}},"loc":{"start":{"line":158,"column":72},"end":{"line":158,"column":94}},"line":158},"11":{"name":"(anonymous_11)","decl":{"start":{"line":164,"column":74},"end":{"line":164,"column":75}},"loc":{"start":{"line":164,"column":80},"end":{"line":164,"column":106}},"line":164},"12":{"name":"(anonymous_12)","decl":{"start":{"line":179,"column":74},"end":{"line":179,"column":75}},"loc":{"start":{"line":179,"column":80},"end":{"line":179,"column":105}},"line":179},"13":{"name":"(anonymous_13)","decl":{"start":{"line":200,"column":37},"end":{"line":200,"column":38}},"loc":{"start":{"line":200,"column":43},"end":{"line":200,"column":71}},"line":200},"14":{"name":"(anonymous_14)","decl":{"start":{"line":206,"column":37},"end":{"line":206,"column":38}},"loc":{"start":{"line":206,"column":43},"end":{"line":206,"column":81}},"line":206},"15":{"name":"(anonymous_15)","decl":{"start":{"line":212,"column":37},"end":{"line":212,"column":38}},"loc":{"start":{"line":212,"column":43},"end":{"line":212,"column":71}},"line":212},"16":{"name":"(anonymous_16)","decl":{"start":{"line":218,"column":37},"end":{"line":218,"column":38}},"loc":{"start":{"line":218,"column":43},"end":{"line":218,"column":81}},"line":218},"17":{"name":"(anonymous_17)","decl":{"start":{"line":224,"column":37},"end":{"line":224,"column":38}},"loc":{"start":{"line":224,"column":43},"end":{"line":224,"column":71}},"line":224},"18":{"name":"(anonymous_18)","decl":{"start":{"line":230,"column":37},"end":{"line":230,"column":38}},"loc":{"start":{"line":230,"column":43},"end":{"line":230,"column":79}},"line":230},"19":{"name":"(anonymous_19)","decl":{"start":{"line":236,"column":37},"end":{"line":236,"column":38}},"loc":{"start":{"line":236,"column":43},"end":{"line":236,"column":69}},"line":236},"20":{"name":"(anonymous_20)","decl":{"start":{"line":242,"column":37},"end":{"line":242,"column":38}},"loc":{"start":{"line":242,"column":43},"end":{"line":242,"column":75}},"line":242}},"branchMap":{"0":{"loc":{"start":{"line":59,"column":8},"end":{"line":61,"column":9}},"type":"if","locations":[{"start":{"line":59,"column":8},"end":{"line":61,"column":9}},{"start":{},"end":{}}],"line":59},"1":{"loc":{"start":{"line":64,"column":8},"end":{"line":75,"column":9}},"type":"if","locations":[{"start":{"line":64,"column":8},"end":{"line":75,"column":9}},{"start":{},"end":{}}],"line":64},"2":{"loc":{"start":{"line":67,"column":16},"end":{"line":72,"column":17}},"type":"if","locations":[{"start":{"line":67,"column":16},"end":{"line":72,"column":17}},{"start":{"line":70,"column":21},"end":{"line":72,"column":17}}],"line":67},"3":{"loc":{"start":{"line":78,"column":8},"end":{"line":81,"column":9}},"type":"if","locations":[{"start":{"line":78,"column":8},"end":{"line":81,"column":9}},{"start":{},"end":{}}],"line":78},"4":{"loc":{"start":{"line":84,"column":8},"end":{"line":86,"column":9}},"type":"if","locations":[{"start":{"line":84,"column":8},"end":{"line":86,"column":9}},{"start":{},"end":{}}],"line":84},"5":{"loc":{"start":{"line":89,"column":12},"end":{"line":94,"column":13}},"type":"if","locations":[{"start":{"line":89,"column":12},"end":{"line":94,"column":13}},{"start":{"line":92,"column":17},"end":{"line":94,"column":13}}],"line":89},"6":{"loc":{"start":{"line":106,"column":8},"end":{"line":108,"column":9}},"type":"if","locations":[{"start":{"line":106,"column":8},"end":{"line":108,"column":9}},{"start":{},"end":{}}],"line":106},"7":{"loc":{"start":{"line":109,"column":8},"end":{"line":111,"column":9}},"type":"if","locations":[{"start":{"line":109,"column":8},"end":{"line":111,"column":9}},{"start":{},"end":{}}],"line":109},"8":{"loc":{"start":{"line":112,"column":8},"end":{"line":114,"column":9}},"type":"if","locations":[{"start":{"line":112,"column":8},"end":{"line":114,"column":9}},{"start":{},"end":{}}],"line":112},"9":{"loc":{"start":{"line":115,"column":8},"end":{"line":117,"column":9}},"type":"if","locations":[{"start":{"line":115,"column":8},"end":{"line":117,"column":9}},{"start":{},"end":{}}],"line":115},"10":{"loc":{"start":{"line":118,"column":8},"end":{"line":120,"column":9}},"type":"if","locations":[{"start":{"line":118,"column":8},"end":{"line":120,"column":9}},{"start":{},"end":{}}],"line":118},"11":{"loc":{"start":{"line":121,"column":8},"end":{"line":123,"column":9}},"type":"if","locations":[{"start":{"line":121,"column":8},"end":{"line":123,"column":9}},{"start":{},"end":{}}],"line":121},"12":{"loc":{"start":{"line":124,"column":8},"end":{"line":126,"column":9}},"type":"if","locations":[{"start":{"line":124,"column":8},"end":{"line":126,"column":9}},{"start":{},"end":{}}],"line":124},"13":{"loc":{"start":{"line":127,"column":8},"end":{"line":129,"column":9}},"type":"if","locations":[{"start":{"line":127,"column":8},"end":{"line":129,"column":9}},{"start":{},"end":{}}],"line":127},"14":{"loc":{"start":{"line":135,"column":28},"end":{"line":135,"column":51}},"type":"binary-expr","locations":[{"start":{"line":135,"column":28},"end":{"line":135,"column":40}},{"start":{"line":135,"column":44},"end":{"line":135,"column":51}}],"line":135},"15":{"loc":{"start":{"line":141,"column":28},"end":{"line":141,"column":50}},"type":"binary-expr","locations":[{"start":{"line":141,"column":28},"end":{"line":141,"column":40}},{"start":{"line":141,"column":44},"end":{"line":141,"column":50}}],"line":141},"16":{"loc":{"start":{"line":168,"column":29},"end":{"line":177,"column":29}},"type":"binary-expr","locations":[{"start":{"line":168,"column":29},"end":{"line":168,"column":46}},{"start":{"line":169,"column":32},"end":{"line":176,"column":34}}],"line":168},"17":{"loc":{"start":{"line":183,"column":29},"end":{"line":192,"column":29}},"type":"binary-expr","locations":[{"start":{"line":183,"column":29},"end":{"line":183,"column":45}},{"start":{"line":184,"column":32},"end":{"line":191,"column":34}}],"line":183},"18":{"loc":{"start":{"line":245,"column":25},"end":{"line":256,"column":25}},"type":"cond-expr","locations":[{"start":{"line":245,"column":35},"end":{"line":245,"column":40}},{"start":{"line":246,"column":28},"end":{"line":255,"column":31}}],"line":245}},"s":{"0":0,"1":0,"2":0,"3":0,"4":0,"5":0,"6":0,"7":0,"8":0,"9":0,"10":0,"11":0,"12":0,"13":0,"14":0,"15":0,"16":0,"17":0,"18":0,"19":0,"20":0,"21":0,"22":0,"23":0,"24":0,"25":0,"26":0,"27":0,"28":0,"29":0,"30":0,"31":0,"32":0,"33":0,"34":0,"35":0,"36":0,"37":0,"38":0,"39":0,"40":0,"41":0,"42":0,"43":0,"44":0,"45":0,"46":0,"47":0,"48":0,"49":0,"50":0,"51":0,"52":0,"53":0,"54":0,"55":0,"56":0,"57":0,"58":0,"59":0,"60":0,"61":0,"62":0,"63":0,"64":0,"65":0,"66":0,"67":0,"68":0,"69":0,"70":0,"71":0,"72":0,"73":0,"74":0,"75":0,"76":0,"77":0,"78":0,"79":0,"80":0,"81":0,"82":0,"83":0},"f":{"0":0,"1":0,"2":0,"3":0,"4":0,"5":0,"6":0,"7":0,"8":0,"9":0,"10":0,"11":0,"12":0,"13":0,"14":0,"15":0,"16":0,"17":0,"18":0,"19":0,"20":0},"b":{"0":[0,0],"1":[0,0],"2":[0,0],"3":[0,0],"4":[0,0],"5":[0,0],"6":[0,0],"7":[0,0],"8":[0,0],"9":[0,0],"10":[0,0],"11":[0,0],"12":[0,0],"13":[0,0],"14":[0,0],"15":[0,0],"16":[0,0],"17":[0,0],"18":[0,0]}}
,"/mnt/c/Users/norac/Desktop/PES/front-app/esCultura/src/components/XatComp.js": {"path":"/mnt/c/Users/norac/Desktop/PES/front-app/esCultura/src/components/XatComp.js","statementMap":{"0":{"start":{"line":10,"column":44},"end":{"line":10,"column":59}},"1":{"start":{"line":11,"column":36},"end":{"line":11,"column":91}},"2":{"start":{"line":12,"column":35},"end":{"line":12,"column":47}},"3":{"start":{"line":13,"column":44},"end":{"line":13,"column":56}},"4":{"start":{"line":14,"column":27},"end":{"line":14,"column":39}},"5":{"start":{"line":15,"column":38},"end":{"line":15,"column":50}},"6":{"start":{"line":16,"column":26},"end":{"line":16,"column":34}},"7":{"start":{"line":17,"column":30},"end":{"line":17,"column":45}},"8":{"start":{"line":18,"column":24},"end":{"line":18,"column":36}},"9":{"start":{"line":19,"column":30},"end":{"line":19,"column":42}},"10":{"start":{"line":22,"column":8},"end":{"line":24,"column":9}},"11":{"start":{"line":23,"column":12},"end":{"line":23,"column":39}},"12":{"start":{"line":28,"column":8},"end":{"line":28,"column":31}},"13":{"start":{"line":32,"column":8},"end":{"line":34,"column":9}},"14":{"start":{"line":33,"column":12},"end":{"line":33,"column":41}},"15":{"start":{"line":37,"column":7},"end":{"line":37,"column":27}},"16":{"start":{"line":42,"column":8},"end":{"line":42,"column":30}},"17":{"start":{"line":45,"column":4},"end":{"line":47,"column":6}},"18":{"start":{"line":46,"column":8},"end":{"line":46,"column":16}},"19":{"start":{"line":49,"column":4},"end":{"line":64,"column":19}},"20":{"start":{"line":51,"column":8},"end":{"line":51,"column":32}},"21":{"start":{"line":52,"column":8},"end":{"line":52,"column":27}},"22":{"start":{"line":63,"column":4},"end":{"line":63,"column":19}},"23":{"start":{"line":67,"column":21},"end":{"line":67,"column":31}},"24":{"start":{"line":68,"column":9},"end":{"line":78,"column":12}},"25":{"start":{"line":69,"column":9},"end":{"line":78,"column":11}},"26":{"start":{"line":71,"column":13},"end":{"line":76,"column":14}},"27":{"start":{"line":72,"column":17},"end":{"line":72,"column":41}},"28":{"start":{"line":75,"column":17},"end":{"line":75,"column":58}},"29":{"start":{"line":75,"column":36},"end":{"line":75,"column":58}},"30":{"start":{"line":80,"column":27},"end":{"line":88,"column":1}},"31":{"start":{"line":81,"column":23},"end":{"line":81,"column":53}},"32":{"start":{"line":82,"column":8},"end":{"line":82,"column":30}},"33":{"start":{"line":83,"column":8},"end":{"line":83,"column":101}},"34":{"start":{"line":83,"column":87},"end":{"line":83,"column":100}},"35":{"start":{"line":85,"column":8},"end":{"line":85,"column":33}},"36":{"start":{"line":86,"column":8},"end":{"line":86,"column":28}},"37":{"start":{"line":87,"column":8},"end":{"line":87,"column":43}},"38":{"start":{"line":87,"column":32},"end":{"line":87,"column":42}},"39":{"start":{"line":92,"column":4},"end":{"line":151,"column":5}},"40":{"start":{"line":105,"column":73},"end":{"line":105,"column":95}},"41":{"start":{"line":120,"column":55},"end":{"line":120,"column":108}},"42":{"start":{"line":123,"column":24},"end":{"line":135,"column":34}},"43":{"start":{"line":124,"column":28},"end":{"line":128,"column":36}},"44":{"start":{"line":131,"column":24},"end":{"line":135,"column":33}},"45":{"start":{"line":155,"column":15},"end":{"line":300,"column":6}}},"fnMap":{"0":{"name":"Xat","decl":{"start":{"line":9,"column":24},"end":{"line":9,"column":27}},"loc":{"start":{"line":9,"column":35},"end":{"line":153,"column":1}},"line":9},"1":{"name":"imatgePerfil","decl":{"start":{"line":21,"column":13},"end":{"line":21,"column":25}},"loc":{"start":{"line":21,"column":33},"end":{"line":25,"column":5}},"line":21},"2":{"name":"handleTextChange","decl":{"start":{"line":27,"column":13},"end":{"line":27,"column":29}},"loc":{"start":{"line":27,"column":37},"end":{"line":30,"column":5}},"line":27},"3":{"name":"ultimMissatge","decl":{"start":{"line":31,"column":13},"end":{"line":31,"column":26}},"loc":{"start":{"line":31,"column":28},"end":{"line":35,"column":5}},"line":31},"4":{"name":"getData","decl":{"start":{"line":36,"column":13},"end":{"line":36,"column":20}},"loc":{"start":{"line":36,"column":25},"end":{"line":38,"column":5}},"line":36},"5":{"name":"veureXat","decl":{"start":{"line":41,"column":13},"end":{"line":41,"column":21}},"loc":{"start":{"line":41,"column":23},"end":{"line":43,"column":5}},"line":41},"6":{"name":"(anonymous_6)","decl":{"start":{"line":45,"column":14},"end":{"line":45,"column":15}},"loc":{"start":{"line":45,"column":19},"end":{"line":47,"column":5}},"line":45},"7":{"name":"(anonymous_7)","decl":{"start":{"line":49,"column":14},"end":{"line":49,"column":15}},"loc":{"start":{"line":49,"column":20},"end":{"line":64,"column":7}},"line":49},"8":{"name":"nomXat","decl":{"start":{"line":66,"column":15},"end":{"line":66,"column":21}},"loc":{"start":{"line":66,"column":23},"end":{"line":79,"column":6}},"line":66},"9":{"name":"(anonymous_9)","decl":{"start":{"line":69,"column":23},"end":{"line":69,"column":24}},"loc":{"start":{"line":69,"column":30},"end":{"line":78,"column":10}},"line":69},"10":{"name":"(anonymous_10)","decl":{"start":{"line":80,"column":27},"end":{"line":80,"column":28}},"loc":{"start":{"line":80,"column":39},"end":{"line":88,"column":1}},"line":80},"11":{"name":"(anonymous_11)","decl":{"start":{"line":83,"column":77},"end":{"line":83,"column":78}},"loc":{"start":{"line":83,"column":87},"end":{"line":83,"column":100}},"line":83},"12":{"name":"(anonymous_12)","decl":{"start":{"line":87,"column":18},"end":{"line":87,"column":19}},"loc":{"start":{"line":87,"column":32},"end":{"line":87,"column":42}},"line":87},"13":{"name":"(anonymous_13)","decl":{"start":{"line":105,"column":67},"end":{"line":105,"column":68}},"loc":{"start":{"line":105,"column":73},"end":{"line":105,"column":95}},"line":105},"14":{"name":"(anonymous_14)","decl":{"start":{"line":120,"column":49},"end":{"line":120,"column":50}},"loc":{"start":{"line":120,"column":55},"end":{"line":120,"column":108}},"line":120},"15":{"name":"(anonymous_15)","decl":{"start":{"line":122,"column":35},"end":{"line":122,"column":36}},"loc":{"start":{"line":122,"column":47},"end":{"line":135,"column":35}},"line":122}},"branchMap":{"0":{"loc":{"start":{"line":22,"column":8},"end":{"line":24,"column":9}},"type":"if","locations":[{"start":{"line":22,"column":8},"end":{"line":24,"column":9}},{"start":{},"end":{}}],"line":22},"1":{"loc":{"start":{"line":32,"column":8},"end":{"line":34,"column":9}},"type":"if","locations":[{"start":{"line":32,"column":8},"end":{"line":34,"column":9}},{"start":{},"end":{}}],"line":32},"2":{"loc":{"start":{"line":68,"column":9},"end":{"line":78,"column":12}},"type":"if","locations":[{"start":{"line":68,"column":9},"end":{"line":78,"column":12}},{"start":{},"end":{}}],"line":68},"3":{"loc":{"start":{"line":71,"column":13},"end":{"line":76,"column":14}},"type":"if","locations":[{"start":{"line":71,"column":13},"end":{"line":76,"column":14}},{"start":{"line":74,"column":17},"end":{"line":76,"column":14}}],"line":71},"4":{"loc":{"start":{"line":75,"column":17},"end":{"line":75,"column":58}},"type":"if","locations":[{"start":{"line":75,"column":17},"end":{"line":75,"column":58}},{"start":{},"end":{}}],"line":75},"5":{"loc":{"start":{"line":123,"column":24},"end":{"line":135,"column":34}},"type":"if","locations":[{"start":{"line":123,"column":24},"end":{"line":135,"column":34}},{"start":{"line":130,"column":28},"end":{"line":135,"column":34}}],"line":123}},"s":{"0":0,"1":0,"2":0,"3":0,"4":0,"5":0,"6":0,"7":0,"8":0,"9":0,"10":0,"11":0,"12":0,"13":0,"14":0,"15":0,"16":0,"17":0,"18":0,"19":0,"20":0,"21":0,"22":0,"23":0,"24":0,"25":0,"26":0,"27":0,"28":0,"29":0,"30":0,"31":0,"32":0,"33":0,"34":0,"35":0,"36":0,"37":0,"38":0,"39":0,"40":0,"41":0,"42":0,"43":0,"44":0,"45":0},"f":{"0":0,"1":0,"2":0,"3":0,"4":0,"5":0,"6":0,"7":0,"8":0,"9":0,"10":0,"11":0,"12":0,"13":0,"14":0,"15":0},"b":{"0":[0,0],"1":[0,0],"2":[0,0],"3":[0,0],"4":[0,0],"5":[0,0]}}
,"/mnt/c/Users/norac/Desktop/PES/front-app/esCultura/src/screens/Agenda.js": {"path":"/mnt/c/Users/norac/Desktop/PES/front-app/esCultura/src/screens/Agenda.js","statementMap":{"0":{"start":{"line":8,"column":4},"end":{"line":12,"column":4}},"1":{"start":{"line":16,"column":15},"end":{"line":23,"column":2}}},"fnMap":{"0":{"name":"Agenda","decl":{"start":{"line":7,"column":24},"end":{"line":7,"column":30}},"loc":{"start":{"line":7,"column":38},"end":{"line":14,"column":1}},"line":7}},"branchMap":{},"s":{"0":0,"1":0},"f":{"0":0},"b":{}}
,"/mnt/c/Users/norac/Desktop/PES/front-app/esCultura/src/screens/Chat.js": {"path":"/mnt/c/Users/norac/Desktop/PES/front-app/esCultura/src/screens/Chat.js","statementMap":{"0":{"start":{"line":11,"column":25},"end":{"line":11,"column":37}},"1":{"start":{"line":12,"column":34},"end":{"line":12,"column":46}},"2":{"start":{"line":13,"column":28},"end":{"line":13,"column":40}},"3":{"start":{"line":14,"column":31},"end":{"line":14,"column":43}},"4":{"start":{"line":15,"column":30},"end":{"line":15,"column":42}},"5":{"start":{"line":16,"column":15},"end":{"line":16,"column":17}},"6":{"start":{"line":17,"column":4},"end":{"line":25,"column":11}},"7":{"start":{"line":18,"column":26},"end":{"line":23,"column":5}},"8":{"start":{"line":19,"column":27},"end":{"line":19,"column":47}},"9":{"start":{"line":20,"column":12},"end":{"line":20,"column":31}},"10":{"start":{"line":21,"column":8},"end":{"line":21,"column":82}},"11":{"start":{"line":21,"column":65},"end":{"line":21,"column":80}},"12":{"start":{"line":24,"column":4},"end":{"line":24,"column":16}},"13":{"start":{"line":26,"column":4},"end":{"line":39,"column":19}},"14":{"start":{"line":28,"column":26},"end":{"line":34,"column":9}},"15":{"start":{"line":29,"column":27},"end":{"line":29,"column":34}},"16":{"start":{"line":30,"column":12},"end":{"line":30,"column":80}},"17":{"start":{"line":30,"column":66},"end":{"line":30,"column":79}},"18":{"start":{"line":36,"column":6},"end":{"line":36,"column":18}},"19":{"start":{"line":43,"column":8},"end":{"line":43,"column":43}},"20":{"start":{"line":43,"column":32},"end":{"line":43,"column":42}},"21":{"start":{"line":49,"column":4},"end":{"line":75,"column":6}},"22":{"start":{"line":64,"column":12},"end":{"line":68,"column":25}},"23":{"start":{"line":79,"column":15},"end":{"line":143,"column":2}}},"fnMap":{"0":{"name":"Chat","decl":{"start":{"line":10,"column":24},"end":{"line":10,"column":28}},"loc":{"start":{"line":10,"column":36},"end":{"line":76,"column":1}},"line":10},"1":{"name":"(anonymous_1)","decl":{"start":{"line":17,"column":14},"end":{"line":17,"column":15}},"loc":{"start":{"line":17,"column":20},"end":{"line":25,"column":5}},"line":17},"2":{"name":"(anonymous_2)","decl":{"start":{"line":18,"column":26},"end":{"line":18,"column":27}},"loc":{"start":{"line":18,"column":38},"end":{"line":23,"column":5}},"line":18},"3":{"name":"(anonymous_3)","decl":{"start":{"line":21,"column":55},"end":{"line":21,"column":56}},"loc":{"start":{"line":21,"column":65},"end":{"line":21,"column":80}},"line":21},"4":{"name":"(anonymous_4)","decl":{"start":{"line":26,"column":14},"end":{"line":26,"column":15}},"loc":{"start":{"line":26,"column":20},"end":{"line":39,"column":7}},"line":26},"5":{"name":"(anonymous_5)","decl":{"start":{"line":28,"column":26},"end":{"line":28,"column":27}},"loc":{"start":{"line":28,"column":38},"end":{"line":34,"column":9}},"line":28},"6":{"name":"(anonymous_6)","decl":{"start":{"line":30,"column":56},"end":{"line":30,"column":57}},"loc":{"start":{"line":30,"column":66},"end":{"line":30,"column":79}},"line":30},"7":{"name":"recarrega","decl":{"start":{"line":42,"column":15},"end":{"line":42,"column":24}},"loc":{"start":{"line":42,"column":26},"end":{"line":44,"column":7}},"line":42},"8":{"name":"(anonymous_8)","decl":{"start":{"line":43,"column":18},"end":{"line":43,"column":19}},"loc":{"start":{"line":43,"column":32},"end":{"line":43,"column":42}},"line":43},"9":{"name":"(anonymous_9)","decl":{"start":{"line":63,"column":21},"end":{"line":63,"column":22}},"loc":{"start":{"line":63,"column":32},"end":{"line":68,"column":26}},"line":63}},"branchMap":{},"s":{"0":0,"1":0,"2":0,"3":0,"4":0,"5":0,"6":0,"7":0,"8":0,"9":0,"10":0,"11":0,"12":0,"13":0,"14":0,"15":0,"16":0,"17":0,"18":0,"19":0,"20":0,"21":0,"22":0,"23":0},"f":{"0":0,"1":0,"2":0,"3":0,"4":0,"5":0,"6":0,"7":0,"8":0,"9":0},"b":{}}
,"/mnt/c/Users/norac/Desktop/PES/front-app/esCultura/src/screens/Home.js": {"path":"/mnt/c/Users/norac/Desktop/PES/front-app/esCultura/src/screens/Home.js","statementMap":{"0":{"start":{"line":12,"column":40},"end":{"line":12,"column":54}},"1":{"start":{"line":13,"column":30},"end":{"line":13,"column":41}},"2":{"start":{"line":15,"column":2},"end":{"line":30,"column":9}},"3":{"start":{"line":16,"column":23},"end":{"line":28,"column":3}},"4":{"start":{"line":17,"column":6},"end":{"line":27,"column":5}},"5":{"start":{"line":18,"column":25},"end":{"line":18,"column":118}},"6":{"start":{"line":19,"column":8},"end":{"line":21,"column":9}},"7":{"start":{"line":20,"column":10},"end":{"line":20,"column":55}},"8":{"start":{"line":22,"column":21},"end":{"line":22,"column":42}},"9":{"start":{"line":23,"column":8},"end":{"line":23,"column":24}},"10":{"start":{"line":26,"column":6},"end":{"line":26,"column":27}},"11":{"start":{"line":29,"column":2},"end":{"line":29,"column":15}},"12":{"start":{"line":32,"column":22},"end":{"line":34,"column":3}},"13":{"start":{"line":33,"column":4},"end":{"line":33,"column":33}},"14":{"start":{"line":36,"column":2},"end":{"line":40,"column":4}},"15":{"start":{"line":45,"column":16},"end":{"line":62,"column":2}}},"fnMap":{"0":{"name":"Home","decl":{"start":{"line":9,"column":24},"end":{"line":9,"column":28}},"loc":{"start":{"line":9,"column":36},"end":{"line":41,"column":1}},"line":9},"1":{"name":"(anonymous_1)","decl":{"start":{"line":15,"column":12},"end":{"line":15,"column":13}},"loc":{"start":{"line":15,"column":18},"end":{"line":30,"column":3}},"line":15},"2":{"name":"(anonymous_2)","decl":{"start":{"line":16,"column":23},"end":{"line":16,"column":24}},"loc":{"start":{"line":16,"column":35},"end":{"line":28,"column":3}},"line":16},"3":{"name":"(anonymous_3)","decl":{"start":{"line":32,"column":22},"end":{"line":32,"column":23}},"loc":{"start":{"line":32,"column":28},"end":{"line":34,"column":3}},"line":32}},"branchMap":{"0":{"loc":{"start":{"line":19,"column":8},"end":{"line":21,"column":9}},"type":"if","locations":[{"start":{"line":19,"column":8},"end":{"line":21,"column":9}},{"start":{},"end":{}}],"line":19}},"s":{"0":0,"1":0,"2":0,"3":0,"4":0,"5":0,"6":0,"7":0,"8":0,"9":0,"10":0,"11":0,"12":0,"13":0,"14":0,"15":0},"f":{"0":0,"1":0,"2":0,"3":0},"b":{"0":[0,0]}}
,"/mnt/c/Users/norac/Desktop/PES/front-app/esCultura/src/screens/Login.js": {"path":"/mnt/c/Users/norac/Desktop/PES/front-app/esCultura/src/screens/Login.js","statementMap":{"0":{"start":{"line":7,"column":36},"end":{"line":7,"column":48}},"1":{"start":{"line":8,"column":36},"end":{"line":8,"column":48}},"2":{"start":{"line":9,"column":28},"end":{"line":9,"column":40}},"3":{"start":{"line":10,"column":15},"end":{"line":10,"column":79}},"4":{"start":{"line":14,"column":8},"end":{"line":14,"column":29}},"5":{"start":{"line":16,"column":8},"end":{"line":36,"column":33}},"6":{"start":{"line":31,"column":25},"end":{"line":31,"column":35}},"7":{"start":{"line":33,"column":16},"end":{"line":33,"column":30}},"8":{"start":{"line":34,"column":16},"end":{"line":34,"column":45}},"9":{"start":{"line":40,"column":8},"end":{"line":40,"column":41}},"10":{"start":{"line":44,"column":8},"end":{"line":44,"column":27}},"11":{"start":{"line":47,"column":8},"end":{"line":47,"column":27}},"12":{"start":{"line":50,"column":4},"end":{"line":92,"column":6}},"13":{"start":{"line":75,"column":31},"end":{"line":75,"column":38}},"14":{"start":{"line":83,"column":31},"end":{"line":83,"column":48}},"15":{"start":{"line":96,"column":15},"end":{"line":182,"column":2}}},"fnMap":{"0":{"name":"Login","decl":{"start":{"line":5,"column":24},"end":{"line":5,"column":29}},"loc":{"start":{"line":5,"column":32},"end":{"line":93,"column":1}},"line":5},"1":{"name":"login","decl":{"start":{"line":13,"column":13},"end":{"line":13,"column":18}},"loc":{"start":{"line":13,"column":21},"end":{"line":37,"column":5}},"line":13},"2":{"name":"(anonymous_2)","decl":{"start":{"line":31,"column":18},"end":{"line":31,"column":19}},"loc":{"start":{"line":31,"column":25},"end":{"line":31,"column":35}},"line":31},"3":{"name":"(anonymous_3)","decl":{"start":{"line":32,"column":18},"end":{"line":32,"column":19}},"loc":{"start":{"line":32,"column":26},"end":{"line":35,"column":13}},"line":32},"4":{"name":"loginWithGoogle","decl":{"start":{"line":39,"column":13},"end":{"line":39,"column":28}},"loc":{"start":{"line":39,"column":31},"end":{"line":41,"column":5}},"line":39},"5":{"name":"handleTextChangePassword","decl":{"start":{"line":43,"column":13},"end":{"line":43,"column":37}},"loc":{"start":{"line":43,"column":45},"end":{"line":45,"column":5}},"line":43},"6":{"name":"handleTextChangeUsername","decl":{"start":{"line":46,"column":13},"end":{"line":46,"column":37}},"loc":{"start":{"line":46,"column":45},"end":{"line":48,"column":5}},"line":46},"7":{"name":"(anonymous_7)","decl":{"start":{"line":75,"column":25},"end":{"line":75,"column":26}},"loc":{"start":{"line":75,"column":31},"end":{"line":75,"column":38}},"line":75},"8":{"name":"(anonymous_8)","decl":{"start":{"line":83,"column":25},"end":{"line":83,"column":26}},"loc":{"start":{"line":83,"column":31},"end":{"line":83,"column":48}},"line":83}},"branchMap":{},"s":{"0":0,"1":0,"2":0,"3":0,"4":0,"5":0,"6":0,"7":0,"8":0,"9":0,"10":0,"11":0,"12":0,"13":0,"14":0,"15":0},"f":{"0":0,"1":0,"2":0,"3":0,"4":0,"5":0,"6":0,"7":0,"8":0},"b":{}}
,"/mnt/c/Users/norac/Desktop/PES/front-app/esCultura/src/screens/Map.js": {"path":"/mnt/c/Users/norac/Desktop/PES/front-app/esCultura/src/screens/Map.js","statementMap":{"0":{"start":{"line":8,"column":4},"end":{"line":12,"column":6}}},"fnMap":{"0":{"name":"Map","decl":{"start":{"line":6,"column":24},"end":{"line":6,"column":27}},"loc":{"start":{"line":6,"column":35},"end":{"line":13,"column":1}},"line":6}},"branchMap":{},"s":{"0":0},"f":{"0":0},"b":{}}
,"/mnt/c/Users/norac/Desktop/PES/front-app/esCultura/src/screens/Search.js": {"path":"/mnt/c/Users/norac/Desktop/PES/front-app/esCultura/src/screens/Search.js","statementMap":{"0":{"start":{"line":7,"column":24},"end":{"line":11,"column":1}},"1":{"start":{"line":8,"column":26},"end":{"line":8,"column":28}},"2":{"start":{"line":9,"column":2},"end":{"line":10,"column":41}},"3":{"start":{"line":14,"column":16},"end":{"line":14,"column":94}},"4":{"start":{"line":15,"column":19},"end":{"line":15,"column":28}},"5":{"start":{"line":16,"column":46},"end":{"line":16,"column":58}},"6":{"start":{"line":18,"column":8},"end":{"line":23,"column":46}},"7":{"start":{"line":19,"column":26},"end":{"line":19,"column":37}},"8":{"start":{"line":21,"column":16},"end":{"line":21,"column":37}},"9":{"start":{"line":23,"column":26},"end":{"line":23,"column":44}},"10":{"start":{"line":27,"column":8},"end":{"line":27,"column":38}},"11":{"start":{"line":28,"column":8},"end":{"line":28,"column":15}},"12":{"start":{"line":29,"column":8},"end":{"line":36,"column":46}},"13":{"start":{"line":30,"column":26},"end":{"line":30,"column":37}},"14":{"start":{"line":32,"column":16},"end":{"line":32,"column":35}},"15":{"start":{"line":33,"column":16},"end":{"line":33,"column":36}},"16":{"start":{"line":34,"column":16},"end":{"line":34,"column":38}},"17":{"start":{"line":36,"column":26},"end":{"line":36,"column":44}},"18":{"start":{"line":39,"column":4},"end":{"line":41,"column":11}},"19":{"start":{"line":40,"column":8},"end":{"line":40,"column":27}},"20":{"start":{"line":43,"column":26},"end":{"line":45,"column":5}},"21":{"start":{"line":44,"column":8},"end":{"line":44,"column":53}},"22":{"start":{"line":47,"column":4},"end":{"line":66,"column":6}},"23":{"start":{"line":51,"column":16},"end":{"line":53,"column":17}},"24":{"start":{"line":52,"column":20},"end":{"line":52,"column":31}},"25":{"start":{"line":60,"column":24},"end":{"line":62,"column":128}},"26":{"start":{"line":69,"column":15},"end":{"line":75,"column":2}}},"fnMap":{"0":{"name":"(anonymous_0)","decl":{"start":{"line":7,"column":24},"end":{"line":7,"column":25}},"loc":{"start":{"line":7,"column":77},"end":{"line":11,"column":1}},"line":7},"1":{"name":"Search","decl":{"start":{"line":13,"column":24},"end":{"line":13,"column":30}},"loc":{"start":{"line":13,"column":38},"end":{"line":67,"column":1}},"line":13},"2":{"name":"componenDidMount","decl":{"start":{"line":17,"column":13},"end":{"line":17,"column":29}},"loc":{"start":{"line":17,"column":32},"end":{"line":24,"column":5}},"line":17},"3":{"name":"(anonymous_3)","decl":{"start":{"line":19,"column":18},"end":{"line":19,"column":19}},"loc":{"start":{"line":19,"column":26},"end":{"line":19,"column":37}},"line":19},"4":{"name":"(anonymous_4)","decl":{"start":{"line":20,"column":18},"end":{"line":20,"column":19}},"loc":{"start":{"line":20,"column":25},"end":{"line":22,"column":13}},"line":20},"5":{"name":"(anonymous_5)","decl":{"start":{"line":23,"column":19},"end":{"line":23,"column":20}},"loc":{"start":{"line":23,"column":26},"end":{"line":23,"column":44}},"line":23},"6":{"name":"loadMore","decl":{"start":{"line":26,"column":13},"end":{"line":26,"column":21}},"loc":{"start":{"line":26,"column":24},"end":{"line":37,"column":5}},"line":26},"7":{"name":"(anonymous_7)","decl":{"start":{"line":30,"column":18},"end":{"line":30,"column":19}},"loc":{"start":{"line":30,"column":26},"end":{"line":30,"column":37}},"line":30},"8":{"name":"(anonymous_8)","decl":{"start":{"line":31,"column":18},"end":{"line":31,"column":19}},"loc":{"start":{"line":31,"column":25},"end":{"line":35,"column":13}},"line":31},"9":{"name":"(anonymous_9)","decl":{"start":{"line":36,"column":19},"end":{"line":36,"column":20}},"loc":{"start":{"line":36,"column":26},"end":{"line":36,"column":44}},"line":36},"10":{"name":"(anonymous_10)","decl":{"start":{"line":39,"column":15},"end":{"line":39,"column":16}},"loc":{"start":{"line":39,"column":21},"end":{"line":41,"column":5}},"line":39},"11":{"name":"(anonymous_11)","decl":{"start":{"line":43,"column":26},"end":{"line":43,"column":27}},"loc":{"start":{"line":43,"column":37},"end":{"line":45,"column":5}},"line":43},"12":{"name":"(anonymous_12)","decl":{"start":{"line":50,"column":22},"end":{"line":50,"column":23}},"loc":{"start":{"line":50,"column":41},"end":{"line":53,"column":18}},"line":50},"13":{"name":"(anonymous_13)","decl":{"start":{"line":59,"column":38},"end":{"line":59,"column":39}},"loc":{"start":{"line":59,"column":47},"end":{"line":62,"column":129}},"line":59}},"branchMap":{"0":{"loc":{"start":{"line":51,"column":16},"end":{"line":53,"column":17}},"type":"if","locations":[{"start":{"line":51,"column":16},"end":{"line":53,"column":17}},{"start":{},"end":{}}],"line":51}},"s":{"0":0,"1":0,"2":0,"3":0,"4":0,"5":0,"6":0,"7":0,"8":0,"9":0,"10":0,"11":0,"12":0,"13":0,"14":0,"15":0,"16":0,"17":0,"18":0,"19":0,"20":0,"21":0,"22":0,"23":0,"24":0,"25":0,"26":0},"f":{"0":0,"1":0,"2":0,"3":0,"4":0,"5":0,"6":0,"7":0,"8":0,"9":0,"10":0,"11":0,"12":0,"13":0},"b":{"0":[0,0]}}
,"/mnt/c/Users/norac/Desktop/PES/front-app/esCultura/src/screens/SingUp.js": {"path":"/mnt/c/Users/norac/Desktop/PES/front-app/esCultura/src/screens/SingUp.js","statementMap":{"0":{"start":{"line":32,"column":0},"end":{"line":32,"column":38}},"1":{"start":{"line":36,"column":42},"end":{"line":36,"column":56}},"2":{"start":{"line":37,"column":44},"end":{"line":41,"column":6}},"3":{"start":{"line":43,"column":36},"end":{"line":43,"column":48}},"4":{"start":{"line":44,"column":30},"end":{"line":44,"column":42}},"5":{"start":{"line":45,"column":36},"end":{"line":45,"column":48}},"6":{"start":{"line":46,"column":28},"end":{"line":46,"column":40}},"7":{"start":{"line":48,"column":17},"end":{"line":48,"column":81}},"8":{"start":{"line":50,"column":4},"end":{"line":55,"column":31}},"9":{"start":{"line":51,"column":8},"end":{"line":54,"column":9}},"10":{"start":{"line":52,"column":12},"end":{"line":52,"column":64}},"11":{"start":{"line":53,"column":12},"end":{"line":53,"column":43}},"12":{"start":{"line":58,"column":23},"end":{"line":62,"column":10}},"13":{"start":{"line":63,"column":25},"end":{"line":63,"column":46}},"14":{"start":{"line":64,"column":8},"end":{"line":64,"column":44}},"15":{"start":{"line":69,"column":8},"end":{"line":69,"column":21}},"16":{"start":{"line":70,"column":8},"end":{"line":70,"column":42}},"17":{"start":{"line":74,"column":8},"end":{"line":74,"column":30}},"18":{"start":{"line":76,"column":8},"end":{"line":98,"column":33}},"19":{"start":{"line":90,"column":25},"end":{"line":90,"column":35}},"20":{"start":{"line":92,"column":16},"end":{"line":92,"column":30}},"21":{"start":{"line":93,"column":16},"end":{"line":93,"column":46}},"22":{"start":{"line":94,"column":16},"end":{"line":96,"column":17}},"23":{"start":{"line":95,"column":20},"end":{"line":95,"column":74}},"24":{"start":{"line":102,"column":8},"end":{"line":102,"column":27}},"25":{"start":{"line":103,"column":8},"end":{"line":103,"column":44}},"26":{"start":{"line":106,"column":8},"end":{"line":106,"column":24}},"27":{"start":{"line":107,"column":8},"end":{"line":107,"column":41}},"28":{"start":{"line":110,"column":8},"end":{"line":110,"column":27}},"29":{"start":{"line":111,"column":8},"end":{"line":111,"column":44}},"30":{"start":{"line":114,"column":4},"end":{"line":167,"column":6}},"31":{"start":{"line":148,"column":31},"end":{"line":148,"column":39}},"32":{"start":{"line":158,"column":31},"end":{"line":158,"column":47}},"33":{"start":{"line":171,"column":15},"end":{"line":248,"column":2}}},"fnMap":{"0":{"name":"SingUp","decl":{"start":{"line":34,"column":24},"end":{"line":34,"column":30}},"loc":{"start":{"line":34,"column":33},"end":{"line":168,"column":1}},"line":34},"1":{"name":"(anonymous_1)","decl":{"start":{"line":50,"column":15},"end":{"line":50,"column":16}},"loc":{"start":{"line":50,"column":19},"end":{"line":55,"column":5}},"line":50},"2":{"name":"fetchUserInfo","decl":{"start":{"line":57,"column":19},"end":{"line":57,"column":32}},"loc":{"start":{"line":57,"column":35},"end":{"line":65,"column":5}},"line":57},"3":{"name":"loginWithGoole","decl":{"start":{"line":68,"column":13},"end":{"line":68,"column":27}},"loc":{"start":{"line":68,"column":30},"end":{"line":71,"column":5}},"line":68},"4":{"name":"singUp","decl":{"start":{"line":73,"column":13},"end":{"line":73,"column":19}},"loc":{"start":{"line":73,"column":22},"end":{"line":99,"column":5}},"line":73},"5":{"name":"(anonymous_5)","decl":{"start":{"line":90,"column":18},"end":{"line":90,"column":19}},"loc":{"start":{"line":90,"column":25},"end":{"line":90,"column":35}},"line":90},"6":{"name":"(anonymous_6)","decl":{"start":{"line":91,"column":18},"end":{"line":91,"column":19}},"loc":{"start":{"line":91,"column":32},"end":{"line":97,"column":13}},"line":91},"7":{"name":"handleTextChangeUsername","decl":{"start":{"line":101,"column":13},"end":{"line":101,"column":37}},"loc":{"start":{"line":101,"column":45},"end":{"line":104,"column":5}},"line":101},"8":{"name":"handleTextChangeEmail","decl":{"start":{"line":105,"column":13},"end":{"line":105,"column":34}},"loc":{"start":{"line":105,"column":42},"end":{"line":108,"column":5}},"line":105},"9":{"name":"handleTextChangePassword","decl":{"start":{"line":109,"column":13},"end":{"line":109,"column":37}},"loc":{"start":{"line":109,"column":45},"end":{"line":112,"column":5}},"line":109},"10":{"name":"(anonymous_10)","decl":{"start":{"line":148,"column":25},"end":{"line":148,"column":26}},"loc":{"start":{"line":148,"column":31},"end":{"line":148,"column":39}},"line":148},"11":{"name":"(anonymous_11)","decl":{"start":{"line":158,"column":25},"end":{"line":158,"column":26}},"loc":{"start":{"line":158,"column":31},"end":{"line":158,"column":47}},"line":158}},"branchMap":{"0":{"loc":{"start":{"line":51,"column":8},"end":{"line":54,"column":9}},"type":"if","locations":[{"start":{"line":51,"column":8},"end":{"line":54,"column":9}},{"start":{},"end":{}}],"line":51},"1":{"loc":{"start":{"line":53,"column":12},"end":{"line":53,"column":42}},"type":"binary-expr","locations":[{"start":{"line":53,"column":12},"end":{"line":53,"column":23}},{"start":{"line":53,"column":27},"end":{"line":53,"column":42}}],"line":53},"2":{"loc":{"start":{"line":94,"column":16},"end":{"line":96,"column":17}},"type":"if","locations":[{"start":{"line":94,"column":16},"end":{"line":96,"column":17}},{"start":{},"end":{}}],"line":94}},"s":{"0":0,"1":0,"2":0,"3":0,"4":0,"5":0,"6":0,"7":0,"8":0,"9":0,"10":0,"11":0,"12":0,"13":0,"14":0,"15":0,"16":0,"17":0,"18":0,"19":0,"20":0,"21":0,"22":0,"23":0,"24":0,"25":0,"26":0,"27":0,"28":0,"29":0,"30":0,"31":0,"32":0,"33":0},"f":{"0":0,"1":0,"2":0,"3":0,"4":0,"5":0,"6":0,"7":0,"8":0,"9":0,"10":0,"11":0},"b":{"0":[0,0],"1":[0,0],"2":[0,0]}}
,"/mnt/c/Users/norac/Desktop/PES/front-app/esCultura/src/utils/translateLabels.js": {"path":"/mnt/c/Users/norac/Desktop/PES/front-app/esCultura/src/utils/translateLabels.js","statementMap":{"0":{"start":{"line":14,"column":2},"end":{"line":14,"column":45}}},"fnMap":{},"branchMap":{},"s":{"0":0},"f":{},"b":{}}
,"/mnt/c/Users/norac/Desktop/PES/front-app/esCultura/src/utils/utilFunctions.js": {"path":"/mnt/c/Users/norac/Desktop/PES/front-app/esCultura/src/utils/utilFunctions.js","statementMap":{"0":{"start":{"line":1,"column":12},"end":{"line":1,"column":54}},"1":{"start":{"line":4,"column":4},"end":{"line":4,"column":18}},"2":{"start":{"line":8,"column":4},"end":{"line":8,"column":39}},"3":{"start":{"line":9,"column":4},"end":{"line":9,"column":40}},"4":{"start":{"line":11,"column":15},"end":{"line":11,"column":79}},"5":{"start":{"line":12,"column":4},"end":{"line":12,"column":40}},"6":{"start":{"line":15,"column":4},"end":{"line":36,"column":5}},"7":{"start":{"line":16,"column":8},"end":{"line":24,"column":10}},"8":{"start":{"line":27,"column":8},"end":{"line":35,"column":10}},"9":{"start":{"line":38,"column":21},"end":{"line":38,"column":40}},"10":{"start":{"line":40,"column":4},"end":{"line":40,"column":45}},"11":{"start":{"line":41,"column":4},"end":{"line":41,"column":22}}},"fnMap":{"0":{"name":"setToken","decl":{"start":{"line":3,"column":16},"end":{"line":3,"column":24}},"loc":{"start":{"line":3,"column":32},"end":{"line":5,"column":1}},"line":3},"1":{"name":"simpleFetch","decl":{"start":{"line":7,"column":22},"end":{"line":7,"column":33}},"loc":{"start":{"line":7,"column":62},"end":{"line":42,"column":1}},"line":7}},"branchMap":{"0":{"loc":{"start":{"line":15,"column":4},"end":{"line":36,"column":5}},"type":"if","locations":[{"start":{"line":15,"column":4},"end":{"line":36,"column":5}},{"start":{"line":26,"column":9},"end":{"line":36,"column":5}}],"line":15},"1":{"loc":{"start":{"line":15,"column":8},"end":{"line":15,"column":45}},"type":"binary-expr","locations":[{"start":{"line":15,"column":8},"end":{"line":15,"column":24}},{"start":{"line":15,"column":28},"end":{"line":15,"column":45}}],"line":15}},"s":{"0":0,"1":0,"2":0,"3":0,"4":0,"5":0,"6":0,"7":0,"8":0,"9":0,"10":0,"11":0},"f":{"0":0,"1":0},"b":{"0":[0,0],"1":[0,0]}}
}
