{"/home/tania/pes/front-app/esCultura/src/components/Calendar.js": {"path":"/home/tania/pes/front-app/esCultura/src/components/Calendar.js","statementMap":{"0":{"start":{"line":14,"column":23},"end":{"line":217,"column":1}},"1":{"start":{"line":15,"column":34},"end":{"line":15,"column":46}},"2":{"start":{"line":16,"column":46},"end":{"line":16,"column":58}},"3":{"start":{"line":17,"column":42},"end":{"line":17,"column":57}},"4":{"start":{"line":18,"column":44},"end":{"line":18,"column":59}},"5":{"start":{"line":19,"column":48},"end":{"line":19,"column":62}},"6":{"start":{"line":20,"column":44},"end":{"line":20,"column":56}},"7":{"start":{"line":21,"column":42},"end":{"line":21,"column":70}},"8":{"start":{"line":22,"column":15},"end":{"line":22,"column":27}},"9":{"start":{"line":26,"column":2},"end":{"line":113,"column":41}},"10":{"start":{"line":28,"column":28},"end":{"line":49,"column":5}},"11":{"start":{"line":29,"column":6},"end":{"line":48,"column":7}},"12":{"start":{"line":31,"column":10},"end":{"line":31,"column":23}},"13":{"start":{"line":33,"column":10},"end":{"line":33,"column":24}},"14":{"start":{"line":35,"column":10},"end":{"line":35,"column":25}},"15":{"start":{"line":37,"column":10},"end":{"line":37,"column":26}},"16":{"start":{"line":39,"column":9},"end":{"line":39,"column":25}},"17":{"start":{"line":41,"column":10},"end":{"line":41,"column":25}},"18":{"start":{"line":43,"column":10},"end":{"line":43,"column":24}},"19":{"start":{"line":45,"column":10},"end":{"line":45,"column":24}},"20":{"start":{"line":47,"column":10},"end":{"line":47,"column":26}},"21":{"start":{"line":51,"column":26},"end":{"line":111,"column":3}},"22":{"start":{"line":52,"column":6},"end":{"line":110,"column":5}},"23":{"start":{"line":53,"column":25},"end":{"line":56,"column":13}},"24":{"start":{"line":57,"column":8},"end":{"line":59,"column":9}},"25":{"start":{"line":58,"column":10},"end":{"line":58,"column":63}},"26":{"start":{"line":60,"column":21},"end":{"line":60,"column":42}},"27":{"start":{"line":61,"column":8},"end":{"line":61,"column":26}},"28":{"start":{"line":62,"column":32},"end":{"line":62,"column":53}},"29":{"start":{"line":63,"column":32},"end":{"line":63,"column":34}},"30":{"start":{"line":64,"column":8},"end":{"line":98,"column":9}},"31":{"start":{"line":64,"column":21},"end":{"line":64,"column":22}},"32":{"start":{"line":65,"column":31},"end":{"line":65,"column":51}},"33":{"start":{"line":66,"column":23},"end":{"line":66,"column":47}},"34":{"start":{"line":67,"column":32},"end":{"line":70,"column":13}},"35":{"start":{"line":71,"column":10},"end":{"line":73,"column":11}},"36":{"start":{"line":72,"column":12},"end":{"line":72,"column":64}},"37":{"start":{"line":74,"column":24},"end":{"line":74,"column":50}},"38":{"start":{"line":77,"column":26},"end":{"line":90,"column":11}},"39":{"start":{"line":85,"column":60},"end":{"line":85,"column":68}},"40":{"start":{"line":91,"column":11},"end":{"line":97,"column":11}},"41":{"start":{"line":92,"column":13},"end":{"line":92,"column":54}},"42":{"start":{"line":94,"column":13},"end":{"line":96,"column":14}},"43":{"start":{"line":100,"column":8},"end":{"line":104,"column":11}},"44":{"start":{"line":101,"column":10},"end":{"line":103,"column":11}},"45":{"start":{"line":102,"column":12},"end":{"line":102,"column":41}},"46":{"start":{"line":105,"column":34},"end":{"line":105,"column":76}},"47":{"start":{"line":107,"column":8},"end":{"line":107,"column":45}},"48":{"start":{"line":109,"column":6},"end":{"line":109,"column":27}},"49":{"start":{"line":112,"column":2},"end":{"line":112,"column":18}},"50":{"start":{"line":115,"column":4},"end":{"line":216,"column":4}},"51":{"start":{"line":120,"column":8},"end":{"line":120,"column":104}},"52":{"start":{"line":147,"column":10},"end":{"line":147,"column":37}},"53":{"start":{"line":148,"column":10},"end":{"line":164,"column":11}},"54":{"start":{"line":149,"column":12},"end":{"line":163,"column":13}},"55":{"start":{"line":150,"column":31},"end":{"line":150,"column":33}},"56":{"start":{"line":151,"column":16},"end":{"line":154,"column":17}},"57":{"start":{"line":151,"column":29},"end":{"line":151,"column":30}},"58":{"start":{"line":152,"column":34},"end":{"line":152,"column":72}},"59":{"start":{"line":153,"column":18},"end":{"line":153,"column":41}},"60":{"start":{"line":155,"column":16},"end":{"line":155,"column":43}},"61":{"start":{"line":156,"column":16},"end":{"line":156,"column":39}},"62":{"start":{"line":159,"column":30},"end":{"line":159,"column":68}},"63":{"start":{"line":160,"column":14},"end":{"line":160,"column":42}},"64":{"start":{"line":161,"column":14},"end":{"line":161,"column":36}},"65":{"start":{"line":162,"column":14},"end":{"line":162,"column":46}},"66":{"start":{"line":175,"column":18},"end":{"line":176,"column":49}},"67":{"start":{"line":192,"column":45},"end":{"line":192,"column":68}},"68":{"start":{"line":198,"column":12},"end":{"line":210,"column":16}},"69":{"start":{"line":200,"column":30},"end":{"line":200,"column":53}},"70":{"start":{"line":219,"column":0},"end":{"line":245,"column":2}},"71":{"start":{"line":246,"column":0},"end":{"line":246,"column":35}},"72":{"start":{"line":248,"column":15},"end":{"line":275,"column":4}}},"fnMap":{"0":{"name":"(anonymous_0)","decl":{"start":{"line":14,"column":23},"end":{"line":14,"column":24}},"loc":{"start":{"line":14,"column":34},"end":{"line":217,"column":1}},"line":14},"1":{"name":"(anonymous_1)","decl":{"start":{"line":26,"column":12},"end":{"line":26,"column":13}},"loc":{"start":{"line":26,"column":18},"end":{"line":113,"column":3}},"line":26},"2":{"name":"(anonymous_2)","decl":{"start":{"line":28,"column":28},"end":{"line":28,"column":29}},"loc":{"start":{"line":28,"column":42},"end":{"line":49,"column":5}},"line":28},"3":{"name":"(anonymous_3)","decl":{"start":{"line":51,"column":26},"end":{"line":51,"column":27}},"loc":{"start":{"line":51,"column":38},"end":{"line":111,"column":3}},"line":51},"4":{"name":"(anonymous_4)","decl":{"start":{"line":85,"column":52},"end":{"line":85,"column":53}},"loc":{"start":{"line":85,"column":60},"end":{"line":85,"column":68}},"line":85},"5":{"name":"(anonymous_5)","decl":{"start":{"line":100,"column":45},"end":{"line":100,"column":46}},"loc":{"start":{"line":100,"column":53},"end":{"line":104,"column":9}},"line":100},"6":{"name":"(anonymous_6)","decl":{"start":{"line":119,"column":19},"end":{"line":119,"column":20}},"loc":{"start":{"line":120,"column":8},"end":{"line":120,"column":104}},"line":120},"7":{"name":"(anonymous_7)","decl":{"start":{"line":146,"column":20},"end":{"line":146,"column":21}},"loc":{"start":{"line":146,"column":27},"end":{"line":165,"column":9}},"line":146},"8":{"name":"(anonymous_8)","decl":{"start":{"line":174,"column":22},"end":{"line":174,"column":23}},"loc":{"start":{"line":174,"column":29},"end":{"line":177,"column":19}},"line":174},"9":{"name":"(anonymous_9)","decl":{"start":{"line":192,"column":39},"end":{"line":192,"column":40}},"loc":{"start":{"line":192,"column":45},"end":{"line":192,"column":68}},"line":192},"10":{"name":"(anonymous_10)","decl":{"start":{"line":197,"column":30},"end":{"line":197,"column":31}},"loc":{"start":{"line":198,"column":12},"end":{"line":210,"column":16}},"line":198},"11":{"name":"(anonymous_11)","decl":{"start":{"line":200,"column":24},"end":{"line":200,"column":25}},"loc":{"start":{"line":200,"column":30},"end":{"line":200,"column":53}},"line":200}},"branchMap":{"0":{"loc":{"start":{"line":29,"column":6},"end":{"line":48,"column":7}},"type":"switch","locations":[{"start":{"line":30,"column":8},"end":{"line":31,"column":23}},{"start":{"line":32,"column":8},"end":{"line":33,"column":24}},{"start":{"line":34,"column":8},"end":{"line":35,"column":25}},{"start":{"line":36,"column":8},"end":{"line":37,"column":26}},{"start":{"line":38,"column":8},"end":{"line":39,"column":25}},{"start":{"line":40,"column":8},"end":{"line":41,"column":25}},{"start":{"line":42,"column":8},"end":{"line":43,"column":24}},{"start":{"line":44,"column":8},"end":{"line":45,"column":24}},{"start":{"line":46,"column":8},"end":{"line":47,"column":26}}],"line":29},"1":{"loc":{"start":{"line":57,"column":8},"end":{"line":59,"column":9}},"type":"if","locations":[{"start":{"line":57,"column":8},"end":{"line":59,"column":9}},{"start":{},"end":{}}],"line":57},"2":{"loc":{"start":{"line":71,"column":10},"end":{"line":73,"column":11}},"type":"if","locations":[{"start":{"line":71,"column":10},"end":{"line":73,"column":11}},{"start":{},"end":{}}],"line":71},"3":{"loc":{"start":{"line":91,"column":11},"end":{"line":97,"column":11}},"type":"if","locations":[{"start":{"line":91,"column":11},"end":{"line":97,"column":11}},{"start":{"line":93,"column":17},"end":{"line":97,"column":11}}],"line":91},"4":{"loc":{"start":{"line":101,"column":10},"end":{"line":103,"column":11}},"type":"if","locations":[{"start":{"line":101,"column":10},"end":{"line":103,"column":11}},{"start":{},"end":{}}],"line":101},"5":{"loc":{"start":{"line":120,"column":20},"end":{"line":120,"column":74}},"type":"cond-expr","locations":[{"start":{"line":120,"column":42},"end":{"line":120,"column":56}},{"start":{"line":120,"column":59},"end":{"line":120,"column":74}}],"line":120},"6":{"loc":{"start":{"line":148,"column":10},"end":{"line":164,"column":11}},"type":"if","locations":[{"start":{"line":148,"column":10},"end":{"line":164,"column":11}},{"start":{},"end":{}}],"line":148},"7":{"loc":{"start":{"line":149,"column":12},"end":{"line":163,"column":13}},"type":"if","locations":[{"start":{"line":149,"column":12},"end":{"line":163,"column":13}},{"start":{"line":158,"column":17},"end":{"line":163,"column":13}}],"line":149},"8":{"loc":{"start":{"line":171,"column":7},"end":{"line":189,"column":5}},"type":"binary-expr","locations":[{"start":{"line":171,"column":7},"end":{"line":171,"column":19}},{"start":{"line":172,"column":6},"end":{"line":188,"column":14}}],"line":171}},"s":{"0":0,"1":0,"2":0,"3":0,"4":0,"5":0,"6":0,"7":0,"8":0,"9":0,"10":0,"11":0,"12":0,"13":0,"14":0,"15":0,"16":0,"17":0,"18":0,"19":0,"20":0,"21":0,"22":0,"23":0,"24":0,"25":0,"26":0,"27":0,"28":0,"29":0,"30":0,"31":0,"32":0,"33":0,"34":0,"35":0,"36":0,"37":0,"38":0,"39":0,"40":0,"41":0,"42":0,"43":0,"44":0,"45":0,"46":0,"47":0,"48":0,"49":0,"50":0,"51":0,"52":0,"53":0,"54":0,"55":0,"56":0,"57":0,"58":0,"59":0,"60":0,"61":0,"62":0,"63":0,"64":0,"65":0,"66":0,"67":0,"68":0,"69":0,"70":0,"71":0,"72":0},"f":{"0":0,"1":0,"2":0,"3":0,"4":0,"5":0,"6":0,"7":0,"8":0,"9":0,"10":0,"11":0},"b":{"0":[0,0,0,0,0,0,0,0,0],"1":[0,0],"2":[0,0],"3":[0,0],"4":[0,0],"5":[0,0],"6":[0,0],"7":[0,0],"8":[0,0]}}
,"/home/tania/pes/front-app/esCultura/src/components/Esdeveniment.js": {"path":"/home/tania/pes/front-app/esCultura/src/components/Esdeveniment.js","statementMap":{"0":{"start":{"line":6,"column":16},"end":{"line":6,"column":25}},"1":{"start":{"line":7,"column":22},"end":{"line":7,"column":69}},"2":{"start":{"line":8,"column":22},"end":{"line":8,"column":66}},"3":{"start":{"line":11,"column":44},"end":{"line":11,"column":59}},"4":{"start":{"line":12,"column":15},"end":{"line":12,"column":28}},"5":{"start":{"line":13,"column":34},"end":{"line":13,"column":135}},"6":{"start":{"line":16,"column":4},"end":{"line":52,"column":5}},"7":{"start":{"line":18,"column":65},"end":{"line":18,"column":86}},"8":{"start":{"line":37,"column":29},"end":{"line":38,"column":32}},"9":{"start":{"line":55,"column":15},"end":{"line":126,"column":2}}},"fnMap":{"0":{"name":"Esdeveniment","decl":{"start":{"line":10,"column":24},"end":{"line":10,"column":36}},"loc":{"start":{"line":10,"column":45},"end":{"line":53,"column":1}},"line":10},"1":{"name":"(anonymous_1)","decl":{"start":{"line":18,"column":59},"end":{"line":18,"column":60}},"loc":{"start":{"line":18,"column":65},"end":{"line":18,"column":86}},"line":18},"2":{"name":"(anonymous_2)","decl":{"start":{"line":37,"column":22},"end":{"line":37,"column":23}},"loc":{"start":{"line":37,"column":28},"end":{"line":39,"column":17}},"line":37}},"branchMap":{"0":{"loc":{"start":{"line":13,"column":43},"end":{"line":13,"column":134}},"type":"cond-expr","locations":[{"start":{"line":13,"column":110},"end":{"line":13,"column":118}},{"start":{"line":13,"column":121},"end":{"line":13,"column":134}}],"line":13},"1":{"loc":{"start":{"line":13,"column":43},"end":{"line":13,"column":107}},"type":"binary-expr","locations":[{"start":{"line":13,"column":43},"end":{"line":13,"column":73}},{"start":{"line":13,"column":77},"end":{"line":13,"column":107}}],"line":13},"2":{"loc":{"start":{"line":28,"column":21},"end":{"line":28,"column":88}},"type":"binary-expr","locations":[{"start":{"line":28,"column":21},"end":{"line":28,"column":50}},{"start":{"line":28,"column":54},"end":{"line":28,"column":88}}],"line":28},"3":{"loc":{"start":{"line":30,"column":21},"end":{"line":30,"column":101}},"type":"binary-expr","locations":[{"start":{"line":30,"column":21},"end":{"line":30,"column":44}},{"start":{"line":30,"column":49},"end":{"line":30,"column":101}}],"line":30}},"s":{"0":0,"1":0,"2":0,"3":0,"4":0,"5":0,"6":0,"7":0,"8":0,"9":0},"f":{"0":0,"1":0,"2":0},"b":{"0":[0,0],"1":[0,0],"2":[0,0],"3":[0,0]}}
,"/home/tania/pes/front-app/esCultura/src/components/FollowButton.js": {"path":"/home/tania/pes/front-app/esCultura/src/components/FollowButton.js","statementMap":{"0":{"start":{"line":6,"column":22},"end":{"line":64,"column":3}},"1":{"start":{"line":7,"column":32},"end":{"line":7,"column":43}},"2":{"start":{"line":8,"column":24},"end":{"line":8,"column":39}},"3":{"start":{"line":9,"column":17},"end":{"line":9,"column":25}},"4":{"start":{"line":10,"column":17},"end":{"line":10,"column":29}},"5":{"start":{"line":12,"column":3},"end":{"line":20,"column":9}},"6":{"start":{"line":13,"column":25},"end":{"line":18,"column":3}},"7":{"start":{"line":14,"column":23},"end":{"line":14,"column":68}},"8":{"start":{"line":15,"column":21},"end":{"line":15,"column":59}},"9":{"start":{"line":16,"column":8},"end":{"line":17,"column":32}},"10":{"start":{"line":16,"column":32},"end":{"line":16,"column":49}},"11":{"start":{"line":17,"column":16},"end":{"line":17,"column":32}},"12":{"start":{"line":19,"column":2},"end":{"line":19,"column":17}},"13":{"start":{"line":22,"column":23},"end":{"line":26,"column":3}},"14":{"start":{"line":23,"column":19},"end":{"line":23,"column":32}},"15":{"start":{"line":24,"column":21},"end":{"line":24,"column":87}},"16":{"start":{"line":25,"column":8},"end":{"line":25,"column":24}},"17":{"start":{"line":28,"column":25},"end":{"line":33,"column":3}},"18":{"start":{"line":29,"column":19},"end":{"line":29,"column":64}},"19":{"start":{"line":30,"column":21},"end":{"line":30,"column":62}},"20":{"start":{"line":31,"column":8},"end":{"line":31,"column":25}},"21":{"start":{"line":43,"column":2},"end":{"line":63,"column":4}},"22":{"start":{"line":44,"column":4},"end":{"line":50,"column":12}},"23":{"start":{"line":54,"column":0},"end":{"line":63,"column":3}},"24":{"start":{"line":66,"column":17},"end":{"line":93,"column":6}}},"fnMap":{"0":{"name":"(anonymous_0)","decl":{"start":{"line":6,"column":22},"end":{"line":6,"column":23}},"loc":{"start":{"line":6,"column":35},"end":{"line":64,"column":3}},"line":6},"1":{"name":"(anonymous_1)","decl":{"start":{"line":12,"column":13},"end":{"line":12,"column":14}},"loc":{"start":{"line":12,"column":19},"end":{"line":20,"column":3}},"line":12},"2":{"name":"(anonymous_2)","decl":{"start":{"line":13,"column":25},"end":{"line":13,"column":26}},"loc":{"start":{"line":13,"column":37},"end":{"line":18,"column":3}},"line":13},"3":{"name":"(anonymous_3)","decl":{"start":{"line":22,"column":23},"end":{"line":22,"column":24}},"loc":{"start":{"line":22,"column":35},"end":{"line":26,"column":3}},"line":22},"4":{"name":"(anonymous_4)","decl":{"start":{"line":28,"column":25},"end":{"line":28,"column":26}},"loc":{"start":{"line":28,"column":37},"end":{"line":33,"column":3}},"line":28}},"branchMap":{"0":{"loc":{"start":{"line":8,"column":24},"end":{"line":8,"column":39}},"type":"cond-expr","locations":[{"start":{"line":8,"column":33},"end":{"line":8,"column":35}},{"start":{"line":8,"column":38},"end":{"line":8,"column":39}}],"line":8},"1":{"loc":{"start":{"line":16,"column":8},"end":{"line":17,"column":32}},"type":"if","locations":[{"start":{"line":16,"column":8},"end":{"line":17,"column":32}},{"start":{"line":17,"column":16},"end":{"line":17,"column":32}}],"line":16},"2":{"loc":{"start":{"line":43,"column":2},"end":{"line":63,"column":4}},"type":"if","locations":[{"start":{"line":43,"column":2},"end":{"line":63,"column":4}},{"start":{"line":52,"column":4},"end":{"line":63,"column":4}}],"line":43}},"s":{"0":0,"1":0,"2":0,"3":0,"4":0,"5":0,"6":0,"7":0,"8":0,"9":0,"10":0,"11":0,"12":0,"13":0,"14":0,"15":0,"16":0,"17":0,"18":0,"19":0,"20":0,"21":0,"22":0,"23":0,"24":0},"f":{"0":0,"1":0,"2":0,"3":0,"4":0},"b":{"0":[0,0],"1":[0,0],"2":[0,0]}}
,"/home/tania/pes/front-app/esCultura/src/components/GrupXatButton.js": {"path":"/home/tania/pes/front-app/esCultura/src/components/GrupXatButton.js","statementMap":{"0":{"start":{"line":12,"column":44},"end":{"line":12,"column":59}},"1":{"start":{"line":13,"column":33},"end":{"line":13,"column":45}},"2":{"start":{"line":14,"column":31},"end":{"line":14,"column":43}},"3":{"start":{"line":15,"column":50},"end":{"line":15,"column":62}},"4":{"start":{"line":16,"column":44},"end":{"line":16,"column":56}},"5":{"start":{"line":17,"column":34},"end":{"line":17,"column":46}},"6":{"start":{"line":18,"column":43},"end":{"line":18,"column":58}},"7":{"start":{"line":19,"column":31},"end":{"line":19,"column":46}},"8":{"start":{"line":20,"column":27},"end":{"line":20,"column":39}},"9":{"start":{"line":21,"column":16},"end":{"line":21,"column":32}},"10":{"start":{"line":23,"column":19},"end":{"line":23,"column":64}},"11":{"start":{"line":27,"column":8},"end":{"line":27,"column":26}},"12":{"start":{"line":31,"column":8},"end":{"line":31,"column":56}},"13":{"start":{"line":31,"column":41},"end":{"line":31,"column":54}},"14":{"start":{"line":36,"column":8},"end":{"line":36,"column":31}},"15":{"start":{"line":37,"column":18},"end":{"line":37,"column":20}},"16":{"start":{"line":38,"column":8},"end":{"line":38,"column":26}},"17":{"start":{"line":42,"column":4},"end":{"line":61,"column":5}},"18":{"start":{"line":43,"column":8},"end":{"line":60,"column":9}},"19":{"start":{"line":44,"column":12},"end":{"line":59,"column":13}},"20":{"start":{"line":48,"column":24},"end":{"line":56,"column":21}},"21":{"start":{"line":66,"column":8},"end":{"line":78,"column":9}},"22":{"start":{"line":67,"column":23},"end":{"line":67,"column":37}},"23":{"start":{"line":68,"column":12},"end":{"line":68,"column":28}},"24":{"start":{"line":69,"column":12},"end":{"line":74,"column":13}},"25":{"start":{"line":70,"column":16},"end":{"line":70,"column":56}},"26":{"start":{"line":73,"column":16},"end":{"line":73,"column":37}},"27":{"start":{"line":77,"column":12},"end":{"line":77,"column":48}},"28":{"start":{"line":79,"column":8},"end":{"line":79,"column":26}},"29":{"start":{"line":80,"column":8},"end":{"line":80,"column":44}},"30":{"start":{"line":80,"column":32},"end":{"line":80,"column":42}},"31":{"start":{"line":85,"column":8},"end":{"line":99,"column":9}},"32":{"start":{"line":86,"column":12},"end":{"line":86,"column":43}},"33":{"start":{"line":88,"column":13},"end":{"line":99,"column":9}},"34":{"start":{"line":89,"column":12},"end":{"line":89,"column":52}},"35":{"start":{"line":92,"column":25},"end":{"line":92,"column":56}},"36":{"start":{"line":92,"column":51},"end":{"line":92,"column":55}},"37":{"start":{"line":93,"column":12},"end":{"line":93,"column":41}},"38":{"start":{"line":94,"column":27},"end":{"line":94,"column":34}},"39":{"start":{"line":95,"column":12},"end":{"line":95,"column":107}},"40":{"start":{"line":95,"column":92},"end":{"line":95,"column":105}},"41":{"start":{"line":96,"column":12},"end":{"line":96,"column":35}},"42":{"start":{"line":97,"column":12},"end":{"line":97,"column":34}},"43":{"start":{"line":98,"column":12},"end":{"line":98,"column":27}},"44":{"start":{"line":102,"column":4},"end":{"line":104,"column":15}},"45":{"start":{"line":103,"column":8},"end":{"line":103,"column":29}},"46":{"start":{"line":106,"column":4},"end":{"line":163,"column":5}},"47":{"start":{"line":108,"column":65},"end":{"line":108,"column":86}},"48":{"start":{"line":138,"column":35},"end":{"line":138,"column":53}},"49":{"start":{"line":139,"column":24},"end":{"line":156,"column":25}},"50":{"start":{"line":140,"column":28},"end":{"line":146,"column":29}},"51":{"start":{"line":142,"column":91},"end":{"line":142,"column":132}},"52":{"start":{"line":148,"column":29},"end":{"line":156,"column":25}},"53":{"start":{"line":149,"column":28},"end":{"line":155,"column":29}},"54":{"start":{"line":151,"column":100},"end":{"line":151,"column":141}},"55":{"start":{"line":166,"column":15},"end":{"line":278,"column":2}}},"fnMap":{"0":{"name":"NewGrup","decl":{"start":{"line":11,"column":24},"end":{"line":11,"column":31}},"loc":{"start":{"line":11,"column":39},"end":{"line":164,"column":1}},"line":11},"1":{"name":"handleTextChange","decl":{"start":{"line":26,"column":13},"end":{"line":26,"column":29}},"loc":{"start":{"line":26,"column":37},"end":{"line":28,"column":5}},"line":26},"2":{"name":"getIndex","decl":{"start":{"line":30,"column":13},"end":{"line":30,"column":21}},"loc":{"start":{"line":30,"column":26},"end":{"line":32,"column":5}},"line":30},"3":{"name":"(anonymous_3)","decl":{"start":{"line":31,"column":34},"end":{"line":31,"column":35}},"loc":{"start":{"line":31,"column":41},"end":{"line":31,"column":54}},"line":31},"4":{"name":"tanca","decl":{"start":{"line":35,"column":13},"end":{"line":35,"column":18}},"loc":{"start":{"line":35,"column":20},"end":{"line":39,"column":5}},"line":35},"5":{"name":"(anonymous_5)","decl":{"start":{"line":42,"column":25},"end":{"line":42,"column":26}},"loc":{"start":{"line":42,"column":30},"end":{"line":61,"column":5}},"line":42},"6":{"name":"(anonymous_6)","decl":{"start":{"line":47,"column":33},"end":{"line":47,"column":34}},"loc":{"start":{"line":47,"column":44},"end":{"line":56,"column":22}},"line":47},"7":{"name":"seleccionarUsuaris","decl":{"start":{"line":64,"column":13},"end":{"line":64,"column":31}},"loc":{"start":{"line":64,"column":46},"end":{"line":81,"column":5}},"line":64},"8":{"name":"(anonymous_8)","decl":{"start":{"line":80,"column":18},"end":{"line":80,"column":19}},"loc":{"start":{"line":80,"column":32},"end":{"line":80,"column":42}},"line":80},"9":{"name":"crearGrup","decl":{"start":{"line":84,"column":13},"end":{"line":84,"column":22}},"loc":{"start":{"line":84,"column":25},"end":{"line":100,"column":5}},"line":84},"10":{"name":"(anonymous_10)","decl":{"start":{"line":92,"column":46},"end":{"line":92,"column":47}},"loc":{"start":{"line":92,"column":51},"end":{"line":92,"column":55}},"line":92},"11":{"name":"(anonymous_11)","decl":{"start":{"line":95,"column":82},"end":{"line":95,"column":83}},"loc":{"start":{"line":95,"column":92},"end":{"line":95,"column":105}},"line":95},"12":{"name":"(anonymous_12)","decl":{"start":{"line":102,"column":14},"end":{"line":102,"column":15}},"loc":{"start":{"line":102,"column":19},"end":{"line":104,"column":5}},"line":102},"13":{"name":"(anonymous_13)","decl":{"start":{"line":108,"column":59},"end":{"line":108,"column":60}},"loc":{"start":{"line":108,"column":65},"end":{"line":108,"column":86}},"line":108},"14":{"name":"(anonymous_14)","decl":{"start":{"line":137,"column":38},"end":{"line":137,"column":39}},"loc":{"start":{"line":137,"column":49},"end":{"line":157,"column":22}},"line":137},"15":{"name":"(anonymous_15)","decl":{"start":{"line":142,"column":87},"end":{"line":142,"column":88}},"loc":{"start":{"line":142,"column":91},"end":{"line":142,"column":132}},"line":142},"16":{"name":"(anonymous_16)","decl":{"start":{"line":151,"column":96},"end":{"line":151,"column":97}},"loc":{"start":{"line":151,"column":100},"end":{"line":151,"column":141}},"line":151}},"branchMap":{"0":{"loc":{"start":{"line":43,"column":8},"end":{"line":60,"column":9}},"type":"if","locations":[{"start":{"line":43,"column":8},"end":{"line":60,"column":9}},{"start":{},"end":{}}],"line":43},"1":{"loc":{"start":{"line":66,"column":8},"end":{"line":78,"column":9}},"type":"if","locations":[{"start":{"line":66,"column":8},"end":{"line":78,"column":9}},{"start":{"line":76,"column":13},"end":{"line":78,"column":9}}],"line":66},"2":{"loc":{"start":{"line":69,"column":12},"end":{"line":74,"column":13}},"type":"if","locations":[{"start":{"line":69,"column":12},"end":{"line":74,"column":13}},{"start":{"line":72,"column":17},"end":{"line":74,"column":13}}],"line":69},"3":{"loc":{"start":{"line":85,"column":8},"end":{"line":99,"column":9}},"type":"if","locations":[{"start":{"line":85,"column":8},"end":{"line":99,"column":9}},{"start":{"line":88,"column":13},"end":{"line":99,"column":9}}],"line":85},"4":{"loc":{"start":{"line":88,"column":13},"end":{"line":99,"column":9}},"type":"if","locations":[{"start":{"line":88,"column":13},"end":{"line":99,"column":9}},{"start":{"line":91,"column":13},"end":{"line":99,"column":9}}],"line":88},"5":{"loc":{"start":{"line":139,"column":24},"end":{"line":156,"column":25}},"type":"if","locations":[{"start":{"line":139,"column":24},"end":{"line":156,"column":25}},{"start":{"line":148,"column":29},"end":{"line":156,"column":25}}],"line":139},"6":{"loc":{"start":{"line":148,"column":29},"end":{"line":156,"column":25}},"type":"if","locations":[{"start":{"line":148,"column":29},"end":{"line":156,"column":25}},{"start":{},"end":{}}],"line":148}},"s":{"0":0,"1":0,"2":0,"3":0,"4":0,"5":0,"6":0,"7":0,"8":0,"9":0,"10":0,"11":0,"12":0,"13":0,"14":0,"15":0,"16":0,"17":0,"18":0,"19":0,"20":0,"21":0,"22":0,"23":0,"24":0,"25":0,"26":0,"27":0,"28":0,"29":0,"30":0,"31":0,"32":0,"33":0,"34":0,"35":0,"36":0,"37":0,"38":0,"39":0,"40":0,"41":0,"42":0,"43":0,"44":0,"45":0,"46":0,"47":0,"48":0,"49":0,"50":0,"51":0,"52":0,"53":0,"54":0,"55":1},"f":{"0":0,"1":0,"2":0,"3":0,"4":0,"5":0,"6":0,"7":0,"8":0,"9":0,"10":0,"11":0,"12":0,"13":0,"14":0,"15":0,"16":0},"b":{"0":[0,0],"1":[0,0],"2":[0,0],"3":[0,0],"4":[0,0],"5":[0,0],"6":[0,0]},"_coverageSchema":"1a1c01bbd47fc00a2c39e90264f33305004495a9","hash":"648ebd06cf66d615cf61e77f3aac4c66c1bd2010"}
,"/home/tania/pes/front-app/esCultura/src/components/InfoCompleta.js": {"path":"/home/tania/pes/front-app/esCultura/src/components/InfoCompleta.js","statementMap":{"0":{"start":{"line":8,"column":16},"end":{"line":8,"column":25}},"1":{"start":{"line":15,"column":20},"end":{"line":17,"column":5}},"2":{"start":{"line":16,"column":8},"end":{"line":16,"column":44}},"3":{"start":{"line":19,"column":4},"end":{"line":62,"column":5}},"4":{"start":{"line":34,"column":36},"end":{"line":34,"column":97}},"5":{"start":{"line":65,"column":15},"end":{"line":149,"column":2}}},"fnMap":{"0":{"name":"InfoCompleta","decl":{"start":{"line":13,"column":24},"end":{"line":13,"column":36}},"loc":{"start":{"line":13,"column":45},"end":{"line":63,"column":1}},"line":13},"1":{"name":"(anonymous_1)","decl":{"start":{"line":15,"column":20},"end":{"line":15,"column":21}},"loc":{"start":{"line":15,"column":32},"end":{"line":17,"column":5}},"line":15},"2":{"name":"(anonymous_2)","decl":{"start":{"line":33,"column":47},"end":{"line":33,"column":48}},"loc":{"start":{"line":33,"column":60},"end":{"line":35,"column":33}},"line":33}},"branchMap":{"0":{"loc":{"start":{"line":39,"column":71},"end":{"line":39,"column":170}},"type":"binary-expr","locations":[{"start":{"line":39,"column":71},"end":{"line":39,"column":97}},{"start":{"line":39,"column":101},"end":{"line":39,"column":131}},{"start":{"line":39,"column":136},"end":{"line":39,"column":170}}],"line":39},"1":{"loc":{"start":{"line":47,"column":25},"end":{"line":47,"column":90}},"type":"binary-expr","locations":[{"start":{"line":47,"column":25},"end":{"line":47,"column":35}},{"start":{"line":47,"column":39},"end":{"line":47,"column":90}}],"line":47}},"s":{"0":0,"1":0,"2":0,"3":0,"4":0,"5":0},"f":{"0":0,"1":0,"2":0},"b":{"0":[0,0,0],"1":[0,0]}}
,"/home/tania/pes/front-app/esCultura/src/components/InfoXatComp.js": {"path":"/home/tania/pes/front-app/esCultura/src/components/InfoXatComp.js","statementMap":{"0":{"start":{"line":10,"column":38},"end":{"line":10,"column":53}},"1":{"start":{"line":11,"column":33},"end":{"line":11,"column":45}},"2":{"start":{"line":12,"column":25},"end":{"line":12,"column":37}},"3":{"start":{"line":14,"column":16},"end":{"line":14,"column":32}},"4":{"start":{"line":16,"column":19},"end":{"line":16,"column":64}},"5":{"start":{"line":19,"column":8},"end":{"line":19,"column":28}},"6":{"start":{"line":22,"column":24},"end":{"line":29,"column":5}},"7":{"start":{"line":24,"column":22},"end":{"line":24,"column":43}},"8":{"start":{"line":25,"column":8},"end":{"line":25,"column":71}},"9":{"start":{"line":25,"column":56},"end":{"line":25,"column":69}},"10":{"start":{"line":26,"column":8},"end":{"line":26,"column":28}},"11":{"start":{"line":27,"column":8},"end":{"line":27,"column":30}},"12":{"start":{"line":28,"column":8},"end":{"line":28,"column":23}},"13":{"start":{"line":31,"column":4},"end":{"line":72,"column":5}},"14":{"start":{"line":33,"column":66},"end":{"line":33,"column":84}},"15":{"start":{"line":46,"column":72},"end":{"line":46,"column":93}},"16":{"start":{"line":57,"column":24},"end":{"line":67,"column":25}},"17":{"start":{"line":76,"column":15},"end":{"line":172,"column":2}}},"fnMap":{"0":{"name":"InfoXat","decl":{"start":{"line":9,"column":24},"end":{"line":9,"column":31}},"loc":{"start":{"line":9,"column":39},"end":{"line":73,"column":1}},"line":9},"1":{"name":"tanca","decl":{"start":{"line":18,"column":13},"end":{"line":18,"column":18}},"loc":{"start":{"line":18,"column":21},"end":{"line":20,"column":5}},"line":18},"2":{"name":"(anonymous_2)","decl":{"start":{"line":22,"column":24},"end":{"line":22,"column":25}},"loc":{"start":{"line":22,"column":39},"end":{"line":29,"column":5}},"line":22},"3":{"name":"(anonymous_3)","decl":{"start":{"line":25,"column":47},"end":{"line":25,"column":48}},"loc":{"start":{"line":25,"column":56},"end":{"line":25,"column":69}},"line":25},"4":{"name":"(anonymous_4)","decl":{"start":{"line":33,"column":60},"end":{"line":33,"column":61}},"loc":{"start":{"line":33,"column":66},"end":{"line":33,"column":84}},"line":33},"5":{"name":"(anonymous_5)","decl":{"start":{"line":46,"column":67},"end":{"line":46,"column":68}},"loc":{"start":{"line":46,"column":72},"end":{"line":46,"column":93}},"line":46},"6":{"name":"(anonymous_6)","decl":{"start":{"line":56,"column":43},"end":{"line":56,"column":44}},"loc":{"start":{"line":56,"column":54},"end":{"line":67,"column":26}},"line":56}},"branchMap":{},"s":{"0":0,"1":0,"2":0,"3":0,"4":0,"5":0,"6":0,"7":0,"8":0,"9":0,"10":0,"11":0,"12":0,"13":0,"14":0,"15":0,"16":0,"17":0},"f":{"0":0,"1":0,"2":0,"3":0,"4":0,"5":0,"6":0},"b":{}}
,"/home/tania/pes/front-app/esCultura/src/components/LikeButton.js": {"path":"/home/tania/pes/front-app/esCultura/src/components/LikeButton.js","statementMap":{"0":{"start":{"line":6,"column":20},"end":{"line":66,"column":3}},"1":{"start":{"line":7,"column":22},"end":{"line":7,"column":36}},"2":{"start":{"line":8,"column":30},"end":{"line":8,"column":41}},"3":{"start":{"line":9,"column":30},"end":{"line":9,"column":41}},"4":{"start":{"line":10,"column":22},"end":{"line":10,"column":36}},"5":{"start":{"line":11,"column":25},"end":{"line":11,"column":35}},"6":{"start":{"line":13,"column":3},"end":{"line":33,"column":9}},"7":{"start":{"line":15,"column":20},"end":{"line":19,"column":3}},"8":{"start":{"line":16,"column":21},"end":{"line":16,"column":42}},"9":{"start":{"line":17,"column":19},"end":{"line":17,"column":57}},"10":{"start":{"line":18,"column":6},"end":{"line":18,"column":23}},"11":{"start":{"line":21,"column":23},"end":{"line":30,"column":3}},"12":{"start":{"line":22,"column":23},"end":{"line":22,"column":79}},"13":{"start":{"line":23,"column":21},"end":{"line":23,"column":59}},"14":{"start":{"line":24,"column":8},"end":{"line":24,"column":30}},"15":{"start":{"line":25,"column":8},"end":{"line":25,"column":41}},"16":{"start":{"line":26,"column":24},"end":{"line":26,"column":91}},"17":{"start":{"line":27,"column":22},"end":{"line":27,"column":61}},"18":{"start":{"line":28,"column":8},"end":{"line":29,"column":31}},"19":{"start":{"line":28,"column":33},"end":{"line":28,"column":49}},"20":{"start":{"line":29,"column":16},"end":{"line":29,"column":31}},"21":{"start":{"line":31,"column":2},"end":{"line":31,"column":12}},"22":{"start":{"line":32,"column":2},"end":{"line":32,"column":15}},"23":{"start":{"line":35,"column":21},"end":{"line":40,"column":3}},"24":{"start":{"line":36,"column":19},"end":{"line":36,"column":46}},"25":{"start":{"line":37,"column":21},"end":{"line":37,"column":97}},"26":{"start":{"line":38,"column":8},"end":{"line":38,"column":55}},"27":{"start":{"line":38,"column":32},"end":{"line":38,"column":53}},"28":{"start":{"line":39,"column":8},"end":{"line":39,"column":23}},"29":{"start":{"line":42,"column":23},"end":{"line":48,"column":3}},"30":{"start":{"line":43,"column":19},"end":{"line":43,"column":88}},"31":{"start":{"line":44,"column":21},"end":{"line":44,"column":62}},"32":{"start":{"line":45,"column":8},"end":{"line":45,"column":55}},"33":{"start":{"line":45,"column":32},"end":{"line":45,"column":53}},"34":{"start":{"line":46,"column":8},"end":{"line":46,"column":24}},"35":{"start":{"line":50,"column":22},"end":{"line":56,"column":3}},"36":{"start":{"line":51,"column":4},"end":{"line":55,"column":5}},"37":{"start":{"line":52,"column":6},"end":{"line":52,"column":21}},"38":{"start":{"line":54,"column":6},"end":{"line":54,"column":19}},"39":{"start":{"line":59,"column":4},"end":{"line":65,"column":6}}},"fnMap":{"0":{"name":"(anonymous_0)","decl":{"start":{"line":6,"column":20},"end":{"line":6,"column":21}},"loc":{"start":{"line":6,"column":33},"end":{"line":66,"column":3}},"line":6},"1":{"name":"(anonymous_1)","decl":{"start":{"line":13,"column":13},"end":{"line":13,"column":14}},"loc":{"start":{"line":13,"column":19},"end":{"line":33,"column":3}},"line":13},"2":{"name":"(anonymous_2)","decl":{"start":{"line":15,"column":20},"end":{"line":15,"column":21}},"loc":{"start":{"line":15,"column":32},"end":{"line":19,"column":3}},"line":15},"3":{"name":"(anonymous_3)","decl":{"start":{"line":21,"column":23},"end":{"line":21,"column":24}},"loc":{"start":{"line":21,"column":35},"end":{"line":30,"column":3}},"line":21},"4":{"name":"(anonymous_4)","decl":{"start":{"line":35,"column":21},"end":{"line":35,"column":22}},"loc":{"start":{"line":35,"column":33},"end":{"line":40,"column":3}},"line":35},"5":{"name":"(anonymous_5)","decl":{"start":{"line":38,"column":17},"end":{"line":38,"column":18}},"loc":{"start":{"line":38,"column":32},"end":{"line":38,"column":53}},"line":38},"6":{"name":"(anonymous_6)","decl":{"start":{"line":42,"column":23},"end":{"line":42,"column":24}},"loc":{"start":{"line":42,"column":35},"end":{"line":48,"column":3}},"line":42},"7":{"name":"(anonymous_7)","decl":{"start":{"line":45,"column":17},"end":{"line":45,"column":18}},"loc":{"start":{"line":45,"column":32},"end":{"line":45,"column":53}},"line":45},"8":{"name":"(anonymous_8)","decl":{"start":{"line":50,"column":22},"end":{"line":50,"column":23}},"loc":{"start":{"line":50,"column":28},"end":{"line":56,"column":3}},"line":50}},"branchMap":{"0":{"loc":{"start":{"line":10,"column":22},"end":{"line":10,"column":36}},"type":"cond-expr","locations":[{"start":{"line":10,"column":30},"end":{"line":10,"column":32}},{"start":{"line":10,"column":35},"end":{"line":10,"column":36}}],"line":10},"1":{"loc":{"start":{"line":28,"column":8},"end":{"line":29,"column":31}},"type":"if","locations":[{"start":{"line":28,"column":8},"end":{"line":29,"column":31}},{"start":{"line":29,"column":16},"end":{"line":29,"column":31}}],"line":28},"2":{"loc":{"start":{"line":51,"column":4},"end":{"line":55,"column":5}},"type":"if","locations":[{"start":{"line":51,"column":4},"end":{"line":55,"column":5}},{"start":{"line":53,"column":11},"end":{"line":55,"column":5}}],"line":51},"3":{"loc":{"start":{"line":61,"column":20},"end":{"line":61,"column":47}},"type":"cond-expr","locations":[{"start":{"line":61,"column":28},"end":{"line":61,"column":35}},{"start":{"line":61,"column":38},"end":{"line":61,"column":47}}],"line":61},"4":{"loc":{"start":{"line":61,"column":66},"end":{"line":61,"column":89}},"type":"cond-expr","locations":[{"start":{"line":61,"column":74},"end":{"line":61,"column":79}},{"start":{"line":61,"column":82},"end":{"line":61,"column":89}}],"line":61}},"s":{"0":0,"1":0,"2":0,"3":0,"4":0,"5":0,"6":0,"7":0,"8":0,"9":0,"10":0,"11":0,"12":0,"13":0,"14":0,"15":0,"16":0,"17":0,"18":0,"19":0,"20":0,"21":0,"22":0,"23":0,"24":0,"25":0,"26":0,"27":0,"28":0,"29":0,"30":0,"31":0,"32":0,"33":0,"34":0,"35":0,"36":0,"37":0,"38":0,"39":0},"f":{"0":0,"1":0,"2":0,"3":0,"4":0,"5":0,"6":0,"7":0,"8":0},"b":{"0":[0,0],"1":[0,0],"2":[0,0],"3":[0,0],"4":[0,0]}}
,"/home/tania/pes/front-app/esCultura/src/components/MapComp.js": {"path":"/home/tania/pes/front-app/esCultura/src/components/MapComp.js","statementMap":{"0":{"start":{"line":10,"column":36},"end":{"line":10,"column":48}},"1":{"start":{"line":11,"column":40},"end":{"line":11,"column":59}},"2":{"start":{"line":12,"column":42},"end":{"line":12,"column":60}},"3":{"start":{"line":13,"column":30},"end":{"line":18,"column":4}},"4":{"start":{"line":20,"column":2},"end":{"line":39,"column":9}},"5":{"start":{"line":21,"column":4},"end":{"line":38,"column":9}},"6":{"start":{"line":23,"column":23},"end":{"line":23,"column":73}},"7":{"start":{"line":24,"column":6},"end":{"line":27,"column":7}},"8":{"start":{"line":25,"column":8},"end":{"line":25,"column":66}},"9":{"start":{"line":26,"column":8},"end":{"line":26,"column":15}},"10":{"start":{"line":29,"column":21},"end":{"line":29,"column":63}},"11":{"start":{"line":30,"column":6},"end":{"line":30,"column":44}},"12":{"start":{"line":31,"column":6},"end":{"line":31,"column":46}},"13":{"start":{"line":32,"column":6},"end":{"line":37,"column":9}},"14":{"start":{"line":41,"column":22},"end":{"line":43,"column":3}},"15":{"start":{"line":42,"column":4},"end":{"line":42,"column":30}},"16":{"start":{"line":45,"column":4},"end":{"line":68,"column":6}},"17":{"start":{"line":71,"column":17},"end":{"line":82,"column":4}}},"fnMap":{"0":{"name":"MapComp","decl":{"start":{"line":8,"column":24},"end":{"line":8,"column":31}},"loc":{"start":{"line":8,"column":34},"end":{"line":69,"column":3}},"line":8},"1":{"name":"(anonymous_1)","decl":{"start":{"line":20,"column":12},"end":{"line":20,"column":13}},"loc":{"start":{"line":20,"column":18},"end":{"line":39,"column":3}},"line":20},"2":{"name":"(anonymous_2)","decl":{"start":{"line":21,"column":5},"end":{"line":21,"column":6}},"loc":{"start":{"line":21,"column":17},"end":{"line":38,"column":5}},"line":21},"3":{"name":"(anonymous_3)","decl":{"start":{"line":41,"column":22},"end":{"line":41,"column":23}},"loc":{"start":{"line":41,"column":39},"end":{"line":43,"column":3}},"line":41}},"branchMap":{"0":{"loc":{"start":{"line":24,"column":6},"end":{"line":27,"column":7}},"type":"if","locations":[{"start":{"line":24,"column":6},"end":{"line":27,"column":7}},{"start":{},"end":{}}],"line":24},"1":{"loc":{"start":{"line":60,"column":24},"end":{"line":60,"column":59}},"type":"cond-expr","locations":[{"start":{"line":60,"column":41},"end":{"line":60,"column":55}},{"start":{"line":60,"column":58},"end":{"line":60,"column":59}}],"line":60},"2":{"loc":{"start":{"line":61,"column":25},"end":{"line":61,"column":62}},"type":"cond-expr","locations":[{"start":{"line":61,"column":43},"end":{"line":61,"column":58}},{"start":{"line":61,"column":61},"end":{"line":61,"column":62}}],"line":61}},"s":{"0":0,"1":0,"2":0,"3":0,"4":0,"5":0,"6":0,"7":0,"8":0,"9":0,"10":0,"11":0,"12":0,"13":0,"14":0,"15":0,"16":0,"17":0},"f":{"0":0,"1":0,"2":0,"3":0},"b":{"0":[0,0],"1":[0,0],"2":[0,0]}}
,"/home/tania/pes/front-app/esCultura/src/components/MarkersComp.js": {"path":"/home/tania/pes/front-app/esCultura/src/components/MarkersComp.js","statementMap":{"0":{"start":{"line":7,"column":22},"end":{"line":7,"column":110}},"1":{"start":{"line":8,"column":6},"end":{"line":8,"column":42}},"2":{"start":{"line":9,"column":6},"end":{"line":11,"column":7}},"3":{"start":{"line":10,"column":8},"end":{"line":10,"column":127}},"4":{"start":{"line":12,"column":6},"end":{"line":12,"column":74}},"5":{"start":{"line":12,"column":54},"end":{"line":12,"column":73}},"6":{"start":{"line":15,"column":4},"end":{"line":17,"column":54}},"7":{"start":{"line":16,"column":6},"end":{"line":16,"column":26}},"8":{"start":{"line":19,"column":40},"end":{"line":19,"column":52}},"9":{"start":{"line":21,"column":4},"end":{"line":30,"column":15}},"10":{"start":{"line":21,"column":36},"end":{"line":30,"column":14}}},"fnMap":{"0":{"name":"MarkersMap","decl":{"start":{"line":5,"column":24},"end":{"line":5,"column":34}},"loc":{"start":{"line":5,"column":83},"end":{"line":31,"column":3}},"line":5},"1":{"name":"componentDidMount","decl":{"start":{"line":6,"column":13},"end":{"line":6,"column":30}},"loc":{"start":{"line":6,"column":33},"end":{"line":13,"column":5}},"line":6},"2":{"name":"(anonymous_2)","decl":{"start":{"line":12,"column":44},"end":{"line":12,"column":45}},"loc":{"start":{"line":12,"column":54},"end":{"line":12,"column":73}},"line":12},"3":{"name":"(anonymous_3)","decl":{"start":{"line":15,"column":15},"end":{"line":15,"column":16}},"loc":{"start":{"line":15,"column":19},"end":{"line":17,"column":5}},"line":15},"4":{"name":"(anonymous_4)","decl":{"start":{"line":21,"column":26},"end":{"line":21,"column":27}},"loc":{"start":{"line":21,"column":36},"end":{"line":30,"column":14}},"line":21}},"branchMap":{"0":{"loc":{"start":{"line":9,"column":6},"end":{"line":11,"column":7}},"type":"if","locations":[{"start":{"line":9,"column":6},"end":{"line":11,"column":7}},{"start":{},"end":{}}],"line":9},"1":{"loc":{"start":{"line":24,"column":18},"end":{"line":24,"column":49}},"type":"cond-expr","locations":[{"start":{"line":24,"column":33},"end":{"line":24,"column":45}},{"start":{"line":24,"column":48},"end":{"line":24,"column":49}}],"line":24},"2":{"loc":{"start":{"line":25,"column":19},"end":{"line":25,"column":52}},"type":"cond-expr","locations":[{"start":{"line":25,"column":35},"end":{"line":25,"column":48}},{"start":{"line":25,"column":51},"end":{"line":25,"column":52}}],"line":25}},"s":{"0":0,"1":0,"2":0,"3":0,"4":0,"5":0,"6":0,"7":0,"8":0,"9":0,"10":0},"f":{"0":0,"1":0,"2":0,"3":0,"4":0},"b":{"0":[0,0],"1":[0,0],"2":[0,0]}}
,"/home/tania/pes/front-app/esCultura/src/components/NewXatButton.js": {"path":"/home/tania/pes/front-app/esCultura/src/components/NewXatButton.js","statementMap":{"0":{"start":{"line":11,"column":44},"end":{"line":11,"column":59}},"1":{"start":{"line":12,"column":33},"end":{"line":12,"column":45}},"2":{"start":{"line":13,"column":34},"end":{"line":13,"column":46}},"3":{"start":{"line":14,"column":25},"end":{"line":14,"column":37}},"4":{"start":{"line":15,"column":40},"end":{"line":15,"column":52}},"5":{"start":{"line":16,"column":36},"end":{"line":16,"column":91}},"6":{"start":{"line":17,"column":30},"end":{"line":17,"column":45}},"7":{"start":{"line":18,"column":44},"end":{"line":18,"column":59}},"8":{"start":{"line":19,"column":31},"end":{"line":19,"column":43}},"9":{"start":{"line":20,"column":44},"end":{"line":20,"column":56}},"10":{"start":{"line":22,"column":16},"end":{"line":22,"column":32}},"11":{"start":{"line":25,"column":8},"end":{"line":25,"column":29}},"12":{"start":{"line":26,"column":8},"end":{"line":26,"column":43}},"13":{"start":{"line":26,"column":32},"end":{"line":26,"column":42}},"14":{"start":{"line":31,"column":8},"end":{"line":31,"column":30}},"15":{"start":{"line":34,"column":4},"end":{"line":43,"column":17}},"16":{"start":{"line":35,"column":29},"end":{"line":40,"column":9}},"17":{"start":{"line":36,"column":27},"end":{"line":36,"column":44}},"18":{"start":{"line":37,"column":12},"end":{"line":37,"column":77}},"19":{"start":{"line":37,"column":60},"end":{"line":37,"column":76}},"20":{"start":{"line":41,"column":8},"end":{"line":41,"column":23}},"21":{"start":{"line":42,"column":8},"end":{"line":42,"column":22}},"22":{"start":{"line":45,"column":21},"end":{"line":52,"column":5}},"23":{"start":{"line":46,"column":23},"end":{"line":46,"column":30}},"24":{"start":{"line":47,"column":8},"end":{"line":47,"column":109}},"25":{"start":{"line":47,"column":95},"end":{"line":47,"column":108}},"26":{"start":{"line":50,"column":8},"end":{"line":50,"column":30}},"27":{"start":{"line":51,"column":8},"end":{"line":51,"column":22}},"28":{"start":{"line":55,"column":18},"end":{"line":55,"column":20}},"29":{"start":{"line":56,"column":8},"end":{"line":67,"column":5}},"30":{"start":{"line":57,"column":25},"end":{"line":57,"column":35}},"31":{"start":{"line":58,"column":8},"end":{"line":64,"column":11}},"32":{"start":{"line":59,"column":12},"end":{"line":63,"column":13}},"33":{"start":{"line":60,"column":16},"end":{"line":62,"column":18}},"34":{"start":{"line":61,"column":20},"end":{"line":61,"column":65}},"35":{"start":{"line":61,"column":46},"end":{"line":61,"column":65}},"36":{"start":{"line":65,"column":8},"end":{"line":65,"column":29}},"37":{"start":{"line":66,"column":8},"end":{"line":66,"column":28}},"38":{"start":{"line":69,"column":4},"end":{"line":109,"column":5}},"39":{"start":{"line":76,"column":69},"end":{"line":76,"column":91}},"40":{"start":{"line":86,"column":97},"end":{"line":86,"column":111}},"41":{"start":{"line":91,"column":24},"end":{"line":103,"column":25}},"42":{"start":{"line":92,"column":28},"end":{"line":102,"column":29}},"43":{"start":{"line":94,"column":107},"end":{"line":94,"column":125}},"44":{"start":{"line":112,"column":15},"end":{"line":201,"column":2}}},"fnMap":{"0":{"name":"NewXat","decl":{"start":{"line":10,"column":24},"end":{"line":10,"column":30}},"loc":{"start":{"line":10,"column":38},"end":{"line":110,"column":1}},"line":10},"1":{"name":"recarregar","decl":{"start":{"line":24,"column":13},"end":{"line":24,"column":23}},"loc":{"start":{"line":24,"column":25},"end":{"line":28,"column":5}},"line":24},"2":{"name":"(anonymous_2)","decl":{"start":{"line":26,"column":18},"end":{"line":26,"column":19}},"loc":{"start":{"line":26,"column":32},"end":{"line":26,"column":42}},"line":26},"3":{"name":"tancaModal","decl":{"start":{"line":30,"column":13},"end":{"line":30,"column":23}},"loc":{"start":{"line":30,"column":30},"end":{"line":32,"column":5}},"line":30},"4":{"name":"(anonymous_4)","decl":{"start":{"line":34,"column":14},"end":{"line":34,"column":15}},"loc":{"start":{"line":34,"column":20},"end":{"line":43,"column":5}},"line":34},"5":{"name":"(anonymous_5)","decl":{"start":{"line":35,"column":29},"end":{"line":35,"column":30}},"loc":{"start":{"line":35,"column":41},"end":{"line":40,"column":9}},"line":35},"6":{"name":"(anonymous_6)","decl":{"start":{"line":37,"column":50},"end":{"line":37,"column":51}},"loc":{"start":{"line":37,"column":60},"end":{"line":37,"column":76}},"line":37},"7":{"name":"(anonymous_7)","decl":{"start":{"line":45,"column":21},"end":{"line":45,"column":22}},"loc":{"start":{"line":45,"column":37},"end":{"line":52,"column":5}},"line":45},"8":{"name":"(anonymous_8)","decl":{"start":{"line":47,"column":85},"end":{"line":47,"column":86}},"loc":{"start":{"line":47,"column":95},"end":{"line":47,"column":108}},"line":47},"9":{"name":"existeixXat","decl":{"start":{"line":54,"column":13},"end":{"line":54,"column":24}},"loc":{"start":{"line":54,"column":27},"end":{"line":67,"column":6}},"line":54},"10":{"name":"(anonymous_10)","decl":{"start":{"line":58,"column":27},"end":{"line":58,"column":28}},"loc":{"start":{"line":58,"column":34},"end":{"line":64,"column":9}},"line":58},"11":{"name":"(anonymous_11)","decl":{"start":{"line":60,"column":42},"end":{"line":60,"column":43}},"loc":{"start":{"line":60,"column":46},"end":{"line":62,"column":17}},"line":60},"12":{"name":"(anonymous_12)","decl":{"start":{"line":76,"column":63},"end":{"line":76,"column":64}},"loc":{"start":{"line":76,"column":69},"end":{"line":76,"column":91}},"line":76},"13":{"name":"(anonymous_13)","decl":{"start":{"line":86,"column":92},"end":{"line":86,"column":93}},"loc":{"start":{"line":86,"column":97},"end":{"line":86,"column":111}},"line":86},"14":{"name":"(anonymous_14)","decl":{"start":{"line":90,"column":32},"end":{"line":90,"column":33}},"loc":{"start":{"line":90,"column":43},"end":{"line":104,"column":25}},"line":90},"15":{"name":"(anonymous_15)","decl":{"start":{"line":94,"column":102},"end":{"line":94,"column":103}},"loc":{"start":{"line":94,"column":107},"end":{"line":94,"column":125}},"line":94}},"branchMap":{"0":{"loc":{"start":{"line":56,"column":8},"end":{"line":67,"column":5}},"type":"if","locations":[{"start":{"line":56,"column":8},"end":{"line":67,"column":5}},{"start":{},"end":{}}],"line":56},"1":{"loc":{"start":{"line":59,"column":12},"end":{"line":63,"column":13}},"type":"if","locations":[{"start":{"line":59,"column":12},"end":{"line":63,"column":13}},{"start":{},"end":{}}],"line":59},"2":{"loc":{"start":{"line":61,"column":20},"end":{"line":61,"column":65}},"type":"if","locations":[{"start":{"line":61,"column":20},"end":{"line":61,"column":65}},{"start":{},"end":{}}],"line":61},"3":{"loc":{"start":{"line":91,"column":24},"end":{"line":103,"column":25}},"type":"if","locations":[{"start":{"line":91,"column":24},"end":{"line":103,"column":25}},{"start":{},"end":{}}],"line":91}},"s":{"0":2,"1":2,"2":2,"3":2,"4":2,"5":2,"6":2,"7":2,"8":2,"9":2,"10":2,"11":0,"12":0,"13":0,"14":0,"15":2,"16":2,"17":2,"18":2,"19":0,"20":2,"21":2,"22":2,"23":0,"24":0,"25":0,"26":0,"27":0,"28":2,"29":2,"30":0,"31":0,"32":0,"33":0,"34":0,"35":0,"36":0,"37":0,"38":2,"39":0,"40":0,"41":0,"42":0,"43":0,"44":1},"f":{"0":2,"1":0,"2":0,"3":0,"4":2,"5":2,"6":0,"7":0,"8":0,"9":2,"10":0,"11":0,"12":0,"13":0,"14":0,"15":0},"b":{"0":[0,2],"1":[0,0],"2":[0,0],"3":[0,0]},"_coverageSchema":"1a1c01bbd47fc00a2c39e90264f33305004495a9","hash":"75d0a54735a2681339a7a83b66438c10d0bec6e9"}
,"/home/tania/pes/front-app/esCultura/src/components/PerfilSimple.js": {"path":"/home/tania/pes/front-app/esCultura/src/components/PerfilSimple.js","statementMap":{"0":{"start":{"line":19,"column":16},"end":{"line":19,"column":32}},"1":{"start":{"line":22,"column":36},"end":{"line":24,"column":7}},"2":{"start":{"line":23,"column":8},"end":{"line":23,"column":39}},"3":{"start":{"line":25,"column":24},"end":{"line":25,"column":38}},"4":{"start":{"line":26,"column":46},"end":{"line":26,"column":61}},"5":{"start":{"line":27,"column":46},"end":{"line":27,"column":58}},"6":{"start":{"line":28,"column":46},"end":{"line":28,"column":58}},"7":{"start":{"line":29,"column":40},"end":{"line":29,"column":52}},"8":{"start":{"line":30,"column":44},"end":{"line":30,"column":61}},"9":{"start":{"line":31,"column":42},"end":{"line":31,"column":57}},"10":{"start":{"line":32,"column":36},"end":{"line":32,"column":50}},"11":{"start":{"line":33,"column":34},"end":{"line":33,"column":46}},"12":{"start":{"line":34,"column":34},"end":{"line":34,"column":46}},"13":{"start":{"line":35,"column":38},"end":{"line":35,"column":50}},"14":{"start":{"line":36,"column":48},"end":{"line":36,"column":63}},"15":{"start":{"line":37,"column":52},"end":{"line":37,"column":67}},"16":{"start":{"line":38,"column":46},"end":{"line":38,"column":61}},"17":{"start":{"line":39,"column":32},"end":{"line":39,"column":46}},"18":{"start":{"line":41,"column":4},"end":{"line":110,"column":30}},"19":{"start":{"line":42,"column":24},"end":{"line":47,"column":9}},"20":{"start":{"line":43,"column":27},"end":{"line":43,"column":47}},"21":{"start":{"line":44,"column":25},"end":{"line":44,"column":63}},"22":{"start":{"line":45,"column":12},"end":{"line":45,"column":40}},"23":{"start":{"line":46,"column":12},"end":{"line":46,"column":29}},"24":{"start":{"line":49,"column":31},"end":{"line":61,"column":9}},"25":{"start":{"line":50,"column":27},"end":{"line":50,"column":73}},"26":{"start":{"line":51,"column":25},"end":{"line":51,"column":63}},"27":{"start":{"line":52,"column":29},"end":{"line":52,"column":31}},"28":{"start":{"line":53,"column":12},"end":{"line":58,"column":13}},"29":{"start":{"line":53,"column":25},"end":{"line":53,"column":26}},"30":{"start":{"line":54,"column":35},"end":{"line":54,"column":55}},"31":{"start":{"line":55,"column":14},"end":{"line":55,"column":60}},"32":{"start":{"line":56,"column":26},"end":{"line":56,"column":64}},"33":{"start":{"line":57,"column":14},"end":{"line":57,"column":33}},"34":{"start":{"line":59,"column":12},"end":{"line":59,"column":39}},"35":{"start":{"line":63,"column":28},"end":{"line":85,"column":7}},"36":{"start":{"line":64,"column":25},"end":{"line":64,"column":54}},"37":{"start":{"line":65,"column":23},"end":{"line":65,"column":61}},"38":{"start":{"line":66,"column":10},"end":{"line":66,"column":39}},"39":{"start":{"line":67,"column":10},"end":{"line":67,"column":30}},"40":{"start":{"line":68,"column":10},"end":{"line":68,"column":43}},"41":{"start":{"line":69,"column":20},"end":{"line":69,"column":22}},"42":{"start":{"line":71,"column":10},"end":{"line":71,"column":73}},"43":{"start":{"line":72,"column":12},"end":{"line":72,"column":61}},"44":{"start":{"line":73,"column":12},"end":{"line":73,"column":64}},"45":{"start":{"line":74,"column":12},"end":{"line":74,"column":61}},"46":{"start":{"line":75,"column":12},"end":{"line":75,"column":57}},"47":{"start":{"line":76,"column":12},"end":{"line":76,"column":56}},"48":{"start":{"line":77,"column":12},"end":{"line":77,"column":49}},"49":{"start":{"line":78,"column":12},"end":{"line":78,"column":47}},"50":{"start":{"line":79,"column":12},"end":{"line":79,"column":56}},"51":{"start":{"line":80,"column":10},"end":{"line":80,"column":34}},"52":{"start":{"line":81,"column":10},"end":{"line":81,"column":30}},"53":{"start":{"line":82,"column":10},"end":{"line":82,"column":49}},"54":{"start":{"line":87,"column":27},"end":{"line":95,"column":7}},"55":{"start":{"line":88,"column":23},"end":{"line":88,"column":56}},"56":{"start":{"line":89,"column":21},"end":{"line":89,"column":59}},"57":{"start":{"line":90,"column":8},"end":{"line":90,"column":36}},"58":{"start":{"line":91,"column":20},"end":{"line":91,"column":22}},"59":{"start":{"line":92,"column":8},"end":{"line":92,"column":71}},"60":{"start":{"line":92,"column":21},"end":{"line":92,"column":22}},"61":{"start":{"line":92,"column":46},"end":{"line":92,"column":71}},"62":{"start":{"line":93,"column":8},"end":{"line":93,"column":24}},"63":{"start":{"line":94,"column":8},"end":{"line":94,"column":38}},"64":{"start":{"line":97,"column":29},"end":{"line":103,"column":7}},"65":{"start":{"line":98,"column":23},"end":{"line":98,"column":54}},"66":{"start":{"line":99,"column":21},"end":{"line":99,"column":59}},"67":{"start":{"line":100,"column":20},"end":{"line":100,"column":22}},"68":{"start":{"line":101,"column":8},"end":{"line":101,"column":73}},"69":{"start":{"line":101,"column":21},"end":{"line":101,"column":22}},"70":{"start":{"line":101,"column":46},"end":{"line":101,"column":73}},"71":{"start":{"line":102,"column":8},"end":{"line":102,"column":26}},"72":{"start":{"line":105,"column":6},"end":{"line":105,"column":23}},"73":{"start":{"line":106,"column":6},"end":{"line":106,"column":16}},"74":{"start":{"line":107,"column":6},"end":{"line":107,"column":21}},"75":{"start":{"line":108,"column":6},"end":{"line":108,"column":23}},"76":{"start":{"line":109,"column":6},"end":{"line":109,"column":20}},"77":{"start":{"line":112,"column":18},"end":{"line":125,"column":3}},"78":{"start":{"line":113,"column":19},"end":{"line":118,"column":6}},"79":{"start":{"line":120,"column":4},"end":{"line":124,"column":5}},"80":{"start":{"line":121,"column":6},"end":{"line":121,"column":40}},"81":{"start":{"line":122,"column":6},"end":{"line":122,"column":48}},"82":{"start":{"line":123,"column":6},"end":{"line":123,"column":43}},"83":{"start":{"line":127,"column":25},"end":{"line":139,"column":5}},"84":{"start":{"line":128,"column":23},"end":{"line":128,"column":44}},"85":{"start":{"line":130,"column":27},"end":{"line":130,"column":41}},"86":{"start":{"line":131,"column":12},"end":{"line":135,"column":15}},"87":{"start":{"line":138,"column":25},"end":{"line":138,"column":79}},"88":{"start":{"line":141,"column":21},"end":{"line":144,"column":5}},"89":{"start":{"line":142,"column":8},"end":{"line":142,"column":21}},"90":{"start":{"line":143,"column":8},"end":{"line":143,"column":29}},"91":{"start":{"line":147,"column":4},"end":{"line":405,"column":4}},"92":{"start":{"line":148,"column":4},"end":{"line":251,"column":6}},"93":{"start":{"line":163,"column":72},"end":{"line":163,"column":95}},"94":{"start":{"line":171,"column":72},"end":{"line":171,"column":97}},"95":{"start":{"line":208,"column":50},"end":{"line":208,"column":75}},"96":{"start":{"line":208,"column":76},"end":{"line":208,"column":106}},"97":{"start":{"line":214,"column":20},"end":{"line":216,"column":39}},"98":{"start":{"line":214,"column":87},"end":{"line":214,"column":110}},"99":{"start":{"line":214,"column":111},"end":{"line":214,"column":123}},"100":{"start":{"line":224,"column":50},"end":{"line":224,"column":77}},"101":{"start":{"line":224,"column":78},"end":{"line":224,"column":108}},"102":{"start":{"line":230,"column":20},"end":{"line":232,"column":39}},"103":{"start":{"line":230,"column":87},"end":{"line":230,"column":110}},"104":{"start":{"line":230,"column":111},"end":{"line":230,"column":123}},"105":{"start":{"line":240,"column":50},"end":{"line":240,"column":74}},"106":{"start":{"line":240,"column":75},"end":{"line":240,"column":105}},"107":{"start":{"line":254,"column":4},"end":{"line":404,"column":6}},"108":{"start":{"line":272,"column":50},"end":{"line":272,"column":73}},"109":{"start":{"line":279,"column":50},"end":{"line":279,"column":75}},"110":{"start":{"line":292,"column":77},"end":{"line":292,"column":100}},"111":{"start":{"line":316,"column":73},"end":{"line":316,"column":93}},"112":{"start":{"line":329,"column":50},"end":{"line":329,"column":75}},"113":{"start":{"line":329,"column":76},"end":{"line":329,"column":106}},"114":{"start":{"line":335,"column":20},"end":{"line":337,"column":39}},"115":{"start":{"line":335,"column":87},"end":{"line":335,"column":110}},"116":{"start":{"line":335,"column":111},"end":{"line":335,"column":123}},"117":{"start":{"line":345,"column":50},"end":{"line":345,"column":77}},"118":{"start":{"line":345,"column":78},"end":{"line":345,"column":108}},"119":{"start":{"line":351,"column":20},"end":{"line":353,"column":39}},"120":{"start":{"line":351,"column":87},"end":{"line":351,"column":110}},"121":{"start":{"line":351,"column":111},"end":{"line":351,"column":123}},"122":{"start":{"line":360,"column":46},"end":{"line":360,"column":68}},"123":{"start":{"line":360,"column":69},"end":{"line":360,"column":99}},"124":{"start":{"line":368,"column":50},"end":{"line":368,"column":74}},"125":{"start":{"line":368,"column":75},"end":{"line":368,"column":105}},"126":{"start":{"line":374,"column":16},"end":{"line":386,"column":30}},"127":{"start":{"line":376,"column":32},"end":{"line":376,"column":57}},"128":{"start":{"line":377,"column":56},"end":{"line":377,"column":64}},"129":{"start":{"line":393,"column":50},"end":{"line":393,"column":74}},"130":{"start":{"line":393,"column":75},"end":{"line":393,"column":105}},"131":{"start":{"line":409,"column":15},"end":{"line":528,"column":2}}},"fnMap":{"0":{"name":"PerfilSimple","decl":{"start":{"line":17,"column":24},"end":{"line":17,"column":36}},"loc":{"start":{"line":17,"column":53},"end":{"line":407,"column":1}},"line":17},"1":{"name":"(anonymous_1)","decl":{"start":{"line":22,"column":36},"end":{"line":22,"column":37}},"loc":{"start":{"line":22,"column":42},"end":{"line":24,"column":7}},"line":22},"2":{"name":"(anonymous_2)","decl":{"start":{"line":41,"column":14},"end":{"line":41,"column":15}},"loc":{"start":{"line":41,"column":20},"end":{"line":110,"column":3}},"line":41},"3":{"name":"(anonymous_3)","decl":{"start":{"line":42,"column":24},"end":{"line":42,"column":25}},"loc":{"start":{"line":42,"column":36},"end":{"line":47,"column":9}},"line":42},"4":{"name":"(anonymous_4)","decl":{"start":{"line":49,"column":31},"end":{"line":49,"column":32}},"loc":{"start":{"line":49,"column":43},"end":{"line":61,"column":9}},"line":49},"5":{"name":"(anonymous_5)","decl":{"start":{"line":63,"column":28},"end":{"line":63,"column":29}},"loc":{"start":{"line":63,"column":40},"end":{"line":85,"column":7}},"line":63},"6":{"name":"(anonymous_6)","decl":{"start":{"line":87,"column":27},"end":{"line":87,"column":28}},"loc":{"start":{"line":87,"column":39},"end":{"line":95,"column":7}},"line":87},"7":{"name":"(anonymous_7)","decl":{"start":{"line":97,"column":29},"end":{"line":97,"column":30}},"loc":{"start":{"line":97,"column":41},"end":{"line":103,"column":7}},"line":97},"8":{"name":"(anonymous_8)","decl":{"start":{"line":112,"column":18},"end":{"line":112,"column":19}},"loc":{"start":{"line":112,"column":30},"end":{"line":125,"column":3}},"line":112},"9":{"name":"(anonymous_9)","decl":{"start":{"line":127,"column":25},"end":{"line":127,"column":26}},"loc":{"start":{"line":127,"column":45},"end":{"line":139,"column":5}},"line":127},"10":{"name":"(anonymous_10)","decl":{"start":{"line":141,"column":21},"end":{"line":141,"column":22}},"loc":{"start":{"line":141,"column":28},"end":{"line":144,"column":5}},"line":141},"11":{"name":"(anonymous_11)","decl":{"start":{"line":163,"column":65},"end":{"line":163,"column":66}},"loc":{"start":{"line":163,"column":71},"end":{"line":163,"column":97}},"line":163},"12":{"name":"(anonymous_12)","decl":{"start":{"line":171,"column":65},"end":{"line":171,"column":66}},"loc":{"start":{"line":171,"column":71},"end":{"line":171,"column":99}},"line":171},"13":{"name":"(anonymous_13)","decl":{"start":{"line":208,"column":43},"end":{"line":208,"column":44}},"loc":{"start":{"line":208,"column":49},"end":{"line":208,"column":107}},"line":208},"14":{"name":"(anonymous_14)","decl":{"start":{"line":213,"column":28},"end":{"line":213,"column":29}},"loc":{"start":{"line":214,"column":20},"end":{"line":216,"column":39}},"line":214},"15":{"name":"(anonymous_15)","decl":{"start":{"line":214,"column":79},"end":{"line":214,"column":80}},"loc":{"start":{"line":214,"column":85},"end":{"line":214,"column":124}},"line":214},"16":{"name":"(anonymous_16)","decl":{"start":{"line":224,"column":43},"end":{"line":224,"column":44}},"loc":{"start":{"line":224,"column":49},"end":{"line":224,"column":109}},"line":224},"17":{"name":"(anonymous_17)","decl":{"start":{"line":229,"column":30},"end":{"line":229,"column":31}},"loc":{"start":{"line":230,"column":20},"end":{"line":232,"column":39}},"line":230},"18":{"name":"(anonymous_18)","decl":{"start":{"line":230,"column":79},"end":{"line":230,"column":80}},"loc":{"start":{"line":230,"column":85},"end":{"line":230,"column":124}},"line":230},"19":{"name":"(anonymous_19)","decl":{"start":{"line":240,"column":43},"end":{"line":240,"column":44}},"loc":{"start":{"line":240,"column":49},"end":{"line":240,"column":106}},"line":240},"20":{"name":"(anonymous_20)","decl":{"start":{"line":272,"column":43},"end":{"line":272,"column":44}},"loc":{"start":{"line":272,"column":49},"end":{"line":272,"column":75}},"line":272},"21":{"name":"(anonymous_21)","decl":{"start":{"line":279,"column":43},"end":{"line":279,"column":44}},"loc":{"start":{"line":279,"column":49},"end":{"line":279,"column":77}},"line":279},"22":{"name":"(anonymous_22)","decl":{"start":{"line":292,"column":70},"end":{"line":292,"column":71}},"loc":{"start":{"line":292,"column":76},"end":{"line":292,"column":102}},"line":292},"23":{"name":"(anonymous_23)","decl":{"start":{"line":316,"column":65},"end":{"line":316,"column":66}},"loc":{"start":{"line":316,"column":71},"end":{"line":316,"column":94}},"line":316},"24":{"name":"(anonymous_24)","decl":{"start":{"line":329,"column":43},"end":{"line":329,"column":44}},"loc":{"start":{"line":329,"column":49},"end":{"line":329,"column":107}},"line":329},"25":{"name":"(anonymous_25)","decl":{"start":{"line":334,"column":28},"end":{"line":334,"column":29}},"loc":{"start":{"line":335,"column":20},"end":{"line":337,"column":39}},"line":335},"26":{"name":"(anonymous_26)","decl":{"start":{"line":335,"column":79},"end":{"line":335,"column":80}},"loc":{"start":{"line":335,"column":85},"end":{"line":335,"column":124}},"line":335},"27":{"name":"(anonymous_27)","decl":{"start":{"line":345,"column":43},"end":{"line":345,"column":44}},"loc":{"start":{"line":345,"column":49},"end":{"line":345,"column":109}},"line":345},"28":{"name":"(anonymous_28)","decl":{"start":{"line":350,"column":30},"end":{"line":350,"column":31}},"loc":{"start":{"line":351,"column":20},"end":{"line":353,"column":39}},"line":351},"29":{"name":"(anonymous_29)","decl":{"start":{"line":351,"column":79},"end":{"line":351,"column":80}},"loc":{"start":{"line":351,"column":85},"end":{"line":351,"column":124}},"line":351},"30":{"name":"(anonymous_30)","decl":{"start":{"line":360,"column":39},"end":{"line":360,"column":40}},"loc":{"start":{"line":360,"column":45},"end":{"line":360,"column":100}},"line":360},"31":{"name":"(anonymous_31)","decl":{"start":{"line":368,"column":43},"end":{"line":368,"column":44}},"loc":{"start":{"line":368,"column":49},"end":{"line":368,"column":106}},"line":368},"32":{"name":"(anonymous_32)","decl":{"start":{"line":373,"column":34},"end":{"line":373,"column":35}},"loc":{"start":{"line":374,"column":16},"end":{"line":386,"column":30}},"line":374},"33":{"name":"(anonymous_33)","decl":{"start":{"line":376,"column":26},"end":{"line":376,"column":27}},"loc":{"start":{"line":376,"column":32},"end":{"line":376,"column":57}},"line":376},"34":{"name":"(anonymous_34)","decl":{"start":{"line":377,"column":48},"end":{"line":377,"column":49}},"loc":{"start":{"line":377,"column":56},"end":{"line":377,"column":64}},"line":377},"35":{"name":"(anonymous_35)","decl":{"start":{"line":393,"column":43},"end":{"line":393,"column":44}},"loc":{"start":{"line":393,"column":49},"end":{"line":393,"column":106}},"line":393}},"branchMap":{"0":{"loc":{"start":{"line":120,"column":4},"end":{"line":124,"column":5}},"type":"if","locations":[{"start":{"line":120,"column":4},"end":{"line":124,"column":5}},{"start":{},"end":{}}],"line":120},"1":{"loc":{"start":{"line":147,"column":4},"end":{"line":405,"column":4}},"type":"if","locations":[{"start":{"line":147,"column":4},"end":{"line":405,"column":4}},{"start":{"line":253,"column":8},"end":{"line":405,"column":4}}],"line":147},"2":{"loc":{"start":{"line":154,"column":20},"end":{"line":156,"column":67}},"type":"cond-expr","locations":[{"start":{"line":155,"column":22},"end":{"line":155,"column":39}},{"start":{"line":156,"column":22},"end":{"line":156,"column":67}}],"line":154},"3":{"loc":{"start":{"line":260,"column":20},"end":{"line":262,"column":67}},"type":"cond-expr","locations":[{"start":{"line":261,"column":22},"end":{"line":261,"column":39}},{"start":{"line":262,"column":22},"end":{"line":262,"column":67}}],"line":260},"4":{"loc":{"start":{"line":298,"column":17},"end":{"line":310,"column":17}},"type":"binary-expr","locations":[{"start":{"line":298,"column":17},"end":{"line":298,"column":46}},{"start":{"line":299,"column":16},"end":{"line":308,"column":30}}],"line":298}},"s":{"0":0,"1":0,"2":0,"3":0,"4":0,"5":0,"6":0,"7":0,"8":0,"9":0,"10":0,"11":0,"12":0,"13":0,"14":0,"15":0,"16":0,"17":0,"18":0,"19":0,"20":0,"21":0,"22":0,"23":0,"24":0,"25":0,"26":0,"27":0,"28":0,"29":0,"30":0,"31":0,"32":0,"33":0,"34":0,"35":0,"36":0,"37":0,"38":0,"39":0,"40":0,"41":0,"42":0,"43":0,"44":0,"45":0,"46":0,"47":0,"48":0,"49":0,"50":0,"51":0,"52":0,"53":0,"54":0,"55":0,"56":0,"57":0,"58":0,"59":0,"60":0,"61":0,"62":0,"63":0,"64":0,"65":0,"66":0,"67":0,"68":0,"69":0,"70":0,"71":0,"72":0,"73":0,"74":0,"75":0,"76":0,"77":0,"78":0,"79":0,"80":0,"81":0,"82":0,"83":0,"84":0,"85":0,"86":0,"87":0,"88":0,"89":0,"90":0,"91":0,"92":0,"93":0,"94":0,"95":0,"96":0,"97":0,"98":0,"99":0,"100":0,"101":0,"102":0,"103":0,"104":0,"105":0,"106":0,"107":0,"108":0,"109":0,"110":0,"111":0,"112":0,"113":0,"114":0,"115":0,"116":0,"117":0,"118":0,"119":0,"120":0,"121":0,"122":0,"123":0,"124":0,"125":0,"126":0,"127":0,"128":0,"129":0,"130":0,"131":0},"f":{"0":0,"1":0,"2":0,"3":0,"4":0,"5":0,"6":0,"7":0,"8":0,"9":0,"10":0,"11":0,"12":0,"13":0,"14":0,"15":0,"16":0,"17":0,"18":0,"19":0,"20":0,"21":0,"22":0,"23":0,"24":0,"25":0,"26":0,"27":0,"28":0,"29":0,"30":0,"31":0,"32":0,"33":0,"34":0,"35":0},"b":{"0":[0,0],"1":[0,0],"2":[0,0],"3":[0,0],"4":[0,0]}}
,"/home/tania/pes/front-app/esCultura/src/components/ProfileForm.js": {"path":"/home/tania/pes/front-app/esCultura/src/components/ProfileForm.js","statementMap":{"0":{"start":{"line":7,"column":36},"end":{"line":7,"column":71}},"1":{"start":{"line":8,"column":26},"end":{"line":8,"column":56}},"2":{"start":{"line":9,"column":36},"end":{"line":9,"column":48}},"3":{"start":{"line":10,"column":27},"end":{"line":10,"column":39}},"4":{"start":{"line":11,"column":4},"end":{"line":11,"column":33}},"5":{"start":{"line":13,"column":23},"end":{"line":38,"column":5}},"6":{"start":{"line":14,"column":6},"end":{"line":14,"column":30}},"7":{"start":{"line":17,"column":6},"end":{"line":37,"column":7}},"8":{"start":{"line":18,"column":25},"end":{"line":29,"column":10}},"9":{"start":{"line":30,"column":21},"end":{"line":30,"column":42}},"10":{"start":{"line":31,"column":8},"end":{"line":31,"column":26}},"11":{"start":{"line":32,"column":8},"end":{"line":34,"column":9}},"12":{"start":{"line":33,"column":10},"end":{"line":33,"column":63}},"13":{"start":{"line":36,"column":8},"end":{"line":36,"column":29}},"14":{"start":{"line":41,"column":6},"end":{"line":41,"column":20}},"15":{"start":{"line":42,"column":6},"end":{"line":42,"column":23}},"16":{"start":{"line":45,"column":4},"end":{"line":68,"column":6}},"17":{"start":{"line":66,"column":67},"end":{"line":66,"column":80}},"18":{"start":{"line":66,"column":81},"end":{"line":66,"column":101}},"19":{"start":{"line":71,"column":15},"end":{"line":101,"column":6}}},"fnMap":{"0":{"name":"ProfileForm","decl":{"start":{"line":6,"column":24},"end":{"line":6,"column":35}},"loc":{"start":{"line":6,"column":52},"end":{"line":69,"column":1}},"line":6},"1":{"name":"(anonymous_1)","decl":{"start":{"line":13,"column":23},"end":{"line":13,"column":24}},"loc":{"start":{"line":13,"column":35},"end":{"line":38,"column":5}},"line":13},"2":{"name":"handleChange","decl":{"start":{"line":40,"column":13},"end":{"line":40,"column":25}},"loc":{"start":{"line":40,"column":33},"end":{"line":43,"column":5}},"line":40},"3":{"name":"(anonymous_3)","decl":{"start":{"line":66,"column":60},"end":{"line":66,"column":61}},"loc":{"start":{"line":66,"column":66},"end":{"line":66,"column":102}},"line":66}},"branchMap":{"0":{"loc":{"start":{"line":32,"column":8},"end":{"line":34,"column":9}},"type":"if","locations":[{"start":{"line":32,"column":8},"end":{"line":34,"column":9}},{"start":{},"end":{}}],"line":32}},"s":{"0":0,"1":0,"2":0,"3":0,"4":0,"5":0,"6":0,"7":0,"8":0,"9":0,"10":0,"11":0,"12":0,"13":0,"14":0,"15":0,"16":0,"17":0,"18":0,"19":0},"f":{"0":0,"1":0,"2":0,"3":0},"b":{"0":[0,0]}}
,"/home/tania/pes/front-app/esCultura/src/components/ReservarButton.js": {"path":"/home/tania/pes/front-app/esCultura/src/components/ReservarButton.js","statementMap":{"0":{"start":{"line":7,"column":36},"end":{"line":7,"column":59}},"1":{"start":{"line":8,"column":34},"end":{"line":8,"column":56}},"2":{"start":{"line":9,"column":54},"end":{"line":9,"column":68}},"3":{"start":{"line":10,"column":56},"end":{"line":10,"column":71}},"4":{"start":{"line":11,"column":48},"end":{"line":11,"column":60}},"5":{"start":{"line":12,"column":36},"end":{"line":12,"column":51}},"6":{"start":{"line":13,"column":32},"end":{"line":13,"column":47}},"7":{"start":{"line":14,"column":16},"end":{"line":14,"column":26}},"8":{"start":{"line":15,"column":32},"end":{"line":15,"column":44}},"9":{"start":{"line":16,"column":24},"end":{"line":16,"column":38}},"10":{"start":{"line":18,"column":6},"end":{"line":59,"column":13}},"11":{"start":{"line":19,"column":24},"end":{"line":23,"column":7}},"12":{"start":{"line":20,"column":25},"end":{"line":20,"column":46}},"13":{"start":{"line":21,"column":23},"end":{"line":21,"column":61}},"14":{"start":{"line":22,"column":10},"end":{"line":22,"column":27}},"15":{"start":{"line":25,"column":30},"end":{"line":33,"column":9}},"16":{"start":{"line":26,"column":29},"end":{"line":26,"column":75}},"17":{"start":{"line":27,"column":23},"end":{"line":27,"column":61}},"18":{"start":{"line":28,"column":10},"end":{"line":32,"column":9}},"19":{"start":{"line":28,"column":23},"end":{"line":28,"column":24}},"20":{"start":{"line":29,"column":12},"end":{"line":31,"column":13}},"21":{"start":{"line":30,"column":14},"end":{"line":30,"column":32}},"22":{"start":{"line":35,"column":20},"end":{"line":35,"column":30}},"23":{"start":{"line":36,"column":23},"end":{"line":36,"column":25}},"24":{"start":{"line":37,"column":26},"end":{"line":37,"column":44}},"25":{"start":{"line":38,"column":25},"end":{"line":38,"column":42}},"26":{"start":{"line":39,"column":8},"end":{"line":53,"column":9}},"27":{"start":{"line":40,"column":10},"end":{"line":40,"column":26}},"28":{"start":{"line":43,"column":10},"end":{"line":45,"column":11}},"29":{"start":{"line":44,"column":12},"end":{"line":44,"column":36}},"30":{"start":{"line":46,"column":10},"end":{"line":52,"column":11}},"31":{"start":{"line":47,"column":14},"end":{"line":50,"column":15}},"32":{"start":{"line":48,"column":16},"end":{"line":48,"column":51}},"33":{"start":{"line":49,"column":16},"end":{"line":49,"column":63}},"34":{"start":{"line":54,"column":8},"end":{"line":54,"column":26}},"35":{"start":{"line":55,"column":8},"end":{"line":55,"column":28}},"36":{"start":{"line":57,"column":6},"end":{"line":57,"column":16}},"37":{"start":{"line":58,"column":6},"end":{"line":58,"column":22}},"38":{"start":{"line":61,"column":25},"end":{"line":71,"column":1}},"39":{"start":{"line":62,"column":6},"end":{"line":62,"column":32}},"40":{"start":{"line":63,"column":21},"end":{"line":63,"column":36}},"41":{"start":{"line":64,"column":6},"end":{"line":69,"column":7}},"42":{"start":{"line":65,"column":21},"end":{"line":65,"column":103}},"43":{"start":{"line":68,"column":21},"end":{"line":68,"column":113}},"44":{"start":{"line":70,"column":6},"end":{"line":70,"column":24}},"45":{"start":{"line":74,"column":27},"end":{"line":77,"column":3}},"46":{"start":{"line":75,"column":4},"end":{"line":75,"column":32}},"47":{"start":{"line":76,"column":4},"end":{"line":76,"column":33}},"48":{"start":{"line":80,"column":26},"end":{"line":85,"column":1}},"49":{"start":{"line":81,"column":4},"end":{"line":81,"column":31}},"50":{"start":{"line":82,"column":19},"end":{"line":82,"column":67}},"51":{"start":{"line":83,"column":21},"end":{"line":83,"column":62}},"52":{"start":{"line":84,"column":8},"end":{"line":84,"column":27}},"53":{"start":{"line":87,"column":0},"end":{"line":93,"column":1}},"54":{"start":{"line":88,"column":2},"end":{"line":92,"column":10}},"55":{"start":{"line":94,"column":0},"end":{"line":165,"column":1}},"56":{"start":{"line":95,"column":2},"end":{"line":99,"column":10}},"57":{"start":{"line":102,"column":5},"end":{"line":165,"column":1}},"58":{"start":{"line":103,"column":4},"end":{"line":109,"column":12}},"59":{"start":{"line":104,"column":98},"end":{"line":104,"column":114}},"60":{"start":{"line":104,"column":115},"end":{"line":104,"column":140}},"61":{"start":{"line":111,"column":5},"end":{"line":165,"column":1}},"62":{"start":{"line":112,"column":2},"end":{"line":112,"column":32}},"63":{"start":{"line":113,"column":4},"end":{"line":119,"column":12}},"64":{"start":{"line":124,"column":0},"end":{"line":164,"column":2}},"65":{"start":{"line":128,"column":86},"end":{"line":128,"column":128}},"66":{"start":{"line":141,"column":10},"end":{"line":150,"column":29}},"67":{"start":{"line":147,"column":27},"end":{"line":147,"column":50}},"68":{"start":{"line":170,"column":15},"end":{"line":248,"column":4}}},"fnMap":{"0":{"name":"Reservar","decl":{"start":{"line":6,"column":24},"end":{"line":6,"column":32}},"loc":{"start":{"line":6,"column":40},"end":{"line":168,"column":1}},"line":6},"1":{"name":"(anonymous_1)","decl":{"start":{"line":18,"column":16},"end":{"line":18,"column":17}},"loc":{"start":{"line":18,"column":22},"end":{"line":59,"column":7}},"line":18},"2":{"name":"(anonymous_2)","decl":{"start":{"line":19,"column":24},"end":{"line":19,"column":25}},"loc":{"start":{"line":19,"column":36},"end":{"line":23,"column":7}},"line":19},"3":{"name":"(anonymous_3)","decl":{"start":{"line":25,"column":30},"end":{"line":25,"column":31}},"loc":{"start":{"line":25,"column":42},"end":{"line":33,"column":9}},"line":25},"4":{"name":"(anonymous_4)","decl":{"start":{"line":61,"column":25},"end":{"line":61,"column":26}},"loc":{"start":{"line":61,"column":37},"end":{"line":71,"column":1}},"line":61},"5":{"name":"(anonymous_5)","decl":{"start":{"line":74,"column":27},"end":{"line":74,"column":28}},"loc":{"start":{"line":74,"column":38},"end":{"line":77,"column":3}},"line":74},"6":{"name":"(anonymous_6)","decl":{"start":{"line":80,"column":26},"end":{"line":80,"column":27}},"loc":{"start":{"line":80,"column":38},"end":{"line":85,"column":1}},"line":80},"7":{"name":"(anonymous_7)","decl":{"start":{"line":104,"column":91},"end":{"line":104,"column":92}},"loc":{"start":{"line":104,"column":97},"end":{"line":104,"column":141}},"line":104},"8":{"name":"(anonymous_8)","decl":{"start":{"line":128,"column":80},"end":{"line":128,"column":81}},"loc":{"start":{"line":128,"column":86},"end":{"line":128,"column":128}},"line":128},"9":{"name":"(anonymous_9)","decl":{"start":{"line":140,"column":20},"end":{"line":140,"column":21}},"loc":{"start":{"line":141,"column":10},"end":{"line":150,"column":29}},"line":141},"10":{"name":"(anonymous_10)","decl":{"start":{"line":147,"column":21},"end":{"line":147,"column":22}},"loc":{"start":{"line":147,"column":27},"end":{"line":147,"column":50}},"line":147}},"branchMap":{"0":{"loc":{"start":{"line":29,"column":12},"end":{"line":31,"column":13}},"type":"if","locations":[{"start":{"line":29,"column":12},"end":{"line":31,"column":13}},{"start":{},"end":{}}],"line":29},"1":{"loc":{"start":{"line":39,"column":8},"end":{"line":53,"column":9}},"type":"if","locations":[{"start":{"line":39,"column":8},"end":{"line":53,"column":9}},{"start":{"line":42,"column":13},"end":{"line":53,"column":9}}],"line":39},"2":{"loc":{"start":{"line":43,"column":10},"end":{"line":45,"column":11}},"type":"if","locations":[{"start":{"line":43,"column":10},"end":{"line":45,"column":11}},{"start":{},"end":{}}],"line":43},"3":{"loc":{"start":{"line":46,"column":10},"end":{"line":52,"column":11}},"type":"if","locations":[{"start":{"line":46,"column":10},"end":{"line":52,"column":11}},{"start":{},"end":{}}],"line":46},"4":{"loc":{"start":{"line":64,"column":6},"end":{"line":69,"column":7}},"type":"if","locations":[{"start":{"line":64,"column":6},"end":{"line":69,"column":7}},{"start":{"line":67,"column":11},"end":{"line":69,"column":7}}],"line":64},"5":{"loc":{"start":{"line":87,"column":0},"end":{"line":93,"column":1}},"type":"if","locations":[{"start":{"line":87,"column":0},"end":{"line":93,"column":1}},{"start":{},"end":{}}],"line":87},"6":{"loc":{"start":{"line":94,"column":0},"end":{"line":165,"column":1}},"type":"if","locations":[{"start":{"line":94,"column":0},"end":{"line":165,"column":1}},{"start":{"line":102,"column":5},"end":{"line":165,"column":1}}],"line":94},"7":{"loc":{"start":{"line":102,"column":5},"end":{"line":165,"column":1}},"type":"if","locations":[{"start":{"line":102,"column":5},"end":{"line":165,"column":1}},{"start":{"line":111,"column":5},"end":{"lin
[...]
,"/home/tania/pes/front-app/esCultura/src/screens/Search.js": {"path":"/home/tania/pes/front-app/esCultura/src/screens/Search.js","statementMap":{"0":{"start":{"line":7,"column":24},"end":{"line":11,"column":1}},"1":{"start":{"line":8,"column":26},"end":{"line":8,"column":28}},"2":{"start":{"line":9,"column":2},"end":{"line":10,"column":41}},"3":{"start":{"line":14,"column":16},"end":{"line":14,"column":94}},"4":{"start":{"line":15,"column":19},"end":{"line":15,"column":28}},"5":{"start":{"line":16,"column":46},"end":{"line":16,"column":58}},"6":{"start":{"line":18,"column":36},"end":{"line":19,"column":7}},"7":{"start":{"line":22,"column":8},"end":{"line":28,"column":46}},"8":{"start":{"line":23,"column":26},"end":{"line":23,"column":37}},"9":{"start":{"line":25,"column":16},"end":{"line":25,"column":35}},"10":{"start":{"line":26,"column":16},"end":{"line":26,"column":37}},"11":{"start":{"line":28,"column":26},"end":{"line":28,"column":44}},"12":{"start":{"line":32,"column":8},"end":{"line":32,"column":38}},"13":{"start":{"line":33,"column":8},"end":{"line":33,"column":15}},"14":{"start":{"line":34,"column":8},"end":{"line":41,"column":46}},"15":{"start":{"line":35,"column":26},"end":{"line":35,"column":37}},"16":{"start":{"line":37,"column":16},"end":{"line":37,"column":36}},"17":{"start":{"line":38,"column":16},"end":{"line":38,"column":32}},"18":{"start":{"line":39,"column":16},"end":{"line":39,"column":38}},"19":{"start":{"line":41,"column":26},"end":{"line":41,"column":44}},"20":{"start":{"line":44,"column":4},"end":{"line":46,"column":11}},"21":{"start":{"line":45,"column":8},"end":{"line":45,"column":27}},"22":{"start":{"line":48,"column":26},"end":{"line":50,"column":5}},"23":{"start":{"line":49,"column":8},"end":{"line":49,"column":53}},"24":{"start":{"line":52,"column":4},"end":{"line":72,"column":6}},"25":{"start":{"line":56,"column":16},"end":{"line":58,"column":17}},"26":{"start":{"line":57,"column":20},"end":{"line":57,"column":31}},"27":{"start":{"line":65,"column":24},"end":{"line":67,"column":197}},"28":{"start":{"line":66,"column":153},"end":{"line":66,"column":178}},"29":{"start":{"line":67,"column":148},"end":{"line":67,"column":156}},"30":{"start":{"line":75,"column":15},"end":{"line":81,"column":2}}},"fnMap":{"0":{"name":"(anonymous_0)","decl":{"start":{"line":7,"column":24},"end":{"line":7,"column":25}},"loc":{"start":{"line":7,"column":77},"end":{"line":11,"column":1}},"line":7},"1":{"name":"Search","decl":{"start":{"line":13,"column":24},"end":{"line":13,"column":30}},"loc":{"start":{"line":13,"column":38},"end":{"line":73,"column":1}},"line":13},"2":{"name":"(anonymous_2)","decl":{"start":{"line":18,"column":36},"end":{"line":18,"column":37}},"loc":{"start":{"line":18,"column":42},"end":{"line":19,"column":7}},"line":18},"3":{"name":"componenDidMount","decl":{"start":{"line":21,"column":13},"end":{"line":21,"column":29}},"loc":{"start":{"line":21,"column":32},"end":{"line":29,"column":5}},"line":21},"4":{"name":"(anonymous_4)","decl":{"start":{"line":23,"column":18},"end":{"line":23,"column":19}},"loc":{"start":{"line":23,"column":26},"end":{"line":23,"column":37}},"line":23},"5":{"name":"(anonymous_5)","decl":{"start":{"line":24,"column":18},"end":{"line":24,"column":19}},"loc":{"start":{"line":24,"column":25},"end":{"line":27,"column":13}},"line":24},"6":{"name":"(anonymous_6)","decl":{"start":{"line":28,"column":19},"end":{"line":28,"column":20}},"loc":{"start":{"line":28,"column":26},"end":{"line":28,"column":44}},"line":28},"7":{"name":"loadMore","decl":{"start":{"line":31,"column":13},"end":{"line":31,"column":21}},"loc":{"start":{"line":31,"column":24},"end":{"line":42,"column":5}},"line":31},"8":{"name":"(anonymous_8)","decl":{"start":{"line":35,"column":18},"end":{"line":35,"column":19}},"loc":{"start":{"line":35,"column":26},"end":{"line":35,"column":37}},"line":35},"9":{"name":"(anonymous_9)","decl":{"start":{"line":36,"column":18},"end":{"line":36,"column":19}},"loc":{"start":{"line":36,"column":25},"end":{"line":40,"column":13}},"line":36},"10":{"name":"(anonymous_10)","decl":{"start":{"line":41,"column":19},"end":{"line":41,"column":20}},"loc":{"start":{"line":41,"column":26},"end":{"line":41,"column":44}},"line":41},"11":{"name":"(anonymous_11)","decl":{"start":{"line":44,"column":15},"end":{"line":44,"column":16}},"loc":{"start":{"line":44,"column":21},"end":{"line":46,"column":5}},"line":44},"12":{"name":"(anonymous_12)","decl":{"start":{"line":48,"column":26},"end":{"line":48,"column":27}},"loc":{"start":{"line":48,"column":37},"end":{"line":50,"column":5}},"line":48},"13":{"name":"(anonymous_13)","decl":{"start":{"line":55,"column":22},"end":{"line":55,"column":23}},"loc":{"start":{"line":55,"column":41},"end":{"line":58,"column":18}},"line":55},"14":{"name":"(anonymous_14)","decl":{"start":{"line":64,"column":38},"end":{"line":64,"column":39}},"loc":{"start":{"line":64,"column":47},"end":{"line":67,"column":198}},"line":64},"15":{"name":"(anonymous_15)","decl":{"start":{"line":66,"column":147},"end":{"line":66,"column":148}},"loc":{"start":{"line":66,"column":153},"end":{"line":66,"column":178}},"line":66},"16":{"name":"(anonymous_16)","decl":{"start":{"line":67,"column":140},"end":{"line":67,"column":141}},"loc":{"start":{"line":67,"column":148},"end":{"line":67,"column":156}},"line":67}},"branchMap":{"0":{"loc":{"start":{"line":56,"column":16},"end":{"line":58,"column":17}},"type":"if","locations":[{"start":{"line":56,"column":16},"end":{"line":58,"column":17}},{"start":{},"end":{}}],"line":56}},"s":{"0":0,"1":0,"2":0,"3":0,"4":0,"5":0,"6":0,"7":0,"8":0,"9":0,"10":0,"11":0,"12":0,"13":0,"14":0,"15":0,"16":0,"17":0,"18":0,"19":0,"20":0,"21":0,"22":0,"23":0,"24":0,"25":0,"26":0,"27":0,"28":0,"29":0,"30":0},"f":{"0":0,"1":0,"2":0,"3":0,"4":0,"5":0,"6":0,"7":0,"8":0,"9":0,"10":0,"11":0,"12":0,"13":0,"14":0,"15":0,"16":0},"b":{"0":[0,0]}}
,"/home/tania/pes/front-app/esCultura/src/screens/Settings.js": {"path":"/home/tania/pes/front-app/esCultura/src/screens/Settings.js","statementMap":{"0":{"start":{"line":6,"column":44},"end":{"line":6,"column":58}},"1":{"start":{"line":8,"column":24},"end":{"line":8,"column":38}},"2":{"start":{"line":10,"column":4},"end":{"line":21,"column":11}},"3":{"start":{"line":12,"column":24},"end":{"line":16,"column":9}},"4":{"start":{"line":13,"column":27},"end":{"line":13,"column":48}},"5":{"start":{"line":14,"column":25},"end":{"line":14,"column":63}},"6":{"start":{"line":15,"column":12},"end":{"line":15,"column":29}},"7":{"start":{"line":18,"column":6},"end":{"line":18,"column":37}},"8":{"start":{"line":20,"column":6},"end":{"line":20,"column":16}},"9":{"start":{"line":23,"column":4},"end":{"line":28,"column":5}},"10":{"start":{"line":25,"column":52},"end":{"line":25,"column":71}}},"fnMap":{"0":{"name":"Settings","decl":{"start":{"line":5,"column":24},"end":{"line":5,"column":32}},"loc":{"start":{"line":5,"column":56},"end":{"line":29,"column":1}},"line":5},"1":{"name":"(anonymous_1)","decl":{"start":{"line":10,"column":14},"end":{"line":10,"column":15}},"loc":{"start":{"line":10,"column":20},"end":{"line":21,"column":5}},"line":10},"2":{"name":"(anonymous_2)","decl":{"start":{"line":12,"column":24},"end":{"line":12,"column":25}},"loc":{"start":{"line":12,"column":36},"end":{"line":16,"column":9}},"line":12},"3":{"name":"(anonymous_3)","decl":{"start":{"line":25,"column":46},"end":{"line":25,"column":47}},"loc":{"start":{"line":25,"column":52},"end":{"line":25,"column":71}},"line":25}},"branchMap":{},"s":{"0":0,"1":0,"2":0,"3":0,"4":0,"5":0,"6":0,"7":0,"8":0,"9":0,"10":0},"f":{"0":0,"1":0,"2":0,"3":0},"b":{}}
,"/home/tania/pes/front-app/esCultura/src/screens/SingUp.js": {"path":"/home/tania/pes/front-app/esCultura/src/screens/SingUp.js","statementMap":{"0":{"start":{"line":14,"column":0},"end":{"line":14,"column":38}},"1":{"start":{"line":18,"column":42},"end":{"line":18,"column":58}},"2":{"start":{"line":19,"column":44},"end":{"line":23,"column":6}},"3":{"start":{"line":25,"column":36},"end":{"line":25,"column":48}},"4":{"start":{"line":26,"column":30},"end":{"line":26,"column":42}},"5":{"start":{"line":27,"column":36},"end":{"line":27,"column":48}},"6":{"start":{"line":28,"column":28},"end":{"line":28,"column":40}},"7":{"start":{"line":30,"column":17},"end":{"line":30,"column":81}},"8":{"start":{"line":32,"column":4},"end":{"line":55,"column":31}},"9":{"start":{"line":33,"column":8},"end":{"line":33,"column":57}},"10":{"start":{"line":34,"column":8},"end":{"line":54,"column":9}},"11":{"start":{"line":35,"column":12},"end":{"line":35,"column":62}},"12":{"start":{"line":36,"column":12},"end":{"line":36,"column":68}},"13":{"start":{"line":37,"column":12},"end":{"line":37,"column":52}},"14":{"start":{"line":39,"column":12},"end":{"line":52,"column":37}},"15":{"start":{"line":48,"column":29},"end":{"line":48,"column":39}},"16":{"start":{"line":50,"column":20},"end":{"line":50,"column":38}},"17":{"start":{"line":58,"column":8},"end":{"line":58,"column":21}},"18":{"start":{"line":59,"column":8},"end":{"line":59,"column":42}},"19":{"start":{"line":65,"column":8},"end":{"line":65,"column":30}},"20":{"start":{"line":67,"column":8},"end":{"line":90,"column":33}},"21":{"start":{"line":75,"column":25},"end":{"line":75,"column":35}},"22":{"start":{"line":77,"column":16},"end":{"line":77,"column":30}},"23":{"start":{"line":78,"column":16},"end":{"line":78,"column":46}},"24":{"start":{"line":84,"column":16},"end":{"line":84,"column":58}},"25":{"start":{"line":87,"column":16},"end":{"line":87,"column":37}},"26":{"start":{"line":88,"column":16},"end":{"line":88,"column":30}},"27":{"start":{"line":94,"column":8},"end":{"line":94,"column":27}},"28":{"start":{"line":95,"column":8},"end":{"line":95,"column":44}},"29":{"start":{"line":98,"column":8},"end":{"line":98,"column":24}},"30":{"start":{"line":99,"column":8},"end":{"line":99,"column":41}},"31":{"start":{"line":102,"column":8},"end":{"line":102,"column":27}},"32":{"start":{"line":103,"column":8},"end":{"line":103,"column":44}},"33":{"start":{"line":106,"column":4},"end":{"line":166,"column":6}},"34":{"start":{"line":140,"column":31},"end":{"line":140,"column":39}},"35":{"start":{"line":150,"column":31},"end":{"line":150,"column":47}},"36":{"start":{"line":158,"column":29},"end":{"line":158,"column":57}},"37":{"start":{"line":170,"column":15},"end":{"line":247,"column":2}}},"fnMap":{"0":{"name":"SingUp","decl":{"start":{"line":16,"column":24},"end":{"line":16,"column":30}},"loc":{"start":{"line":16,"column":54},"end":{"line":167,"column":1}},"line":16},"1":{"name":"(anonymous_1)","decl":{"start":{"line":32,"column":15},"end":{"line":32,"column":16}},"loc":{"start":{"line":32,"column":19},"end":{"line":55,"column":5}},"line":32},"2":{"name":"(anonymous_2)","decl":{"start":{"line":48,"column":22},"end":{"line":48,"column":23}},"loc":{"start":{"line":48,"column":29},"end":{"line":48,"column":39}},"line":48},"3":{"name":"(anonymous_3)","decl":{"start":{"line":49,"column":22},"end":{"line":49,"column":23}},"loc":{"start":{"line":49,"column":30},"end":{"line":51,"column":17}},"line":49},"4":{"name":"loginWithGoole","decl":{"start":{"line":57,"column":13},"end":{"line":57,"column":27}},"loc":{"start":{"line":57,"column":30},"end":{"line":60,"column":5}},"line":57},"5":{"name":"singUp","decl":{"start":{"line":64,"column":13},"end":{"line":64,"column":19}},"loc":{"start":{"line":64,"column":22},"end":{"line":91,"column":5}},"line":64},"6":{"name":"(anonymous_6)","decl":{"start":{"line":75,"column":18},"end":{"line":75,"column":19}},"loc":{"start":{"line":75,"column":25},"end":{"line":75,"column":35}},"line":75},"7":{"name":"(anonymous_7)","decl":{"start":{"line":76,"column":18},"end":{"line":76,"column":19}},"loc":{"start":{"line":76,"column":32},"end":{"line":89,"column":13}},"line":76},"8":{"name":"handleTextChangeUsername","decl":{"start":{"line":93,"column":13},"end":{"line":93,"column":37}},"loc":{"start":{"line":93,"column":45},"end":{"line":96,"column":5}},"line":93},"9":{"name":"handleTextChangeEmail","decl":{"start":{"line":97,"column":13},"end":{"line":97,"column":34}},"loc":{"start":{"line":97,"column":42},"end":{"line":100,"column":5}},"line":97},"10":{"name":"handleTextChangePassword","decl":{"start":{"line":101,"column":13},"end":{"line":101,"column":37}},"loc":{"start":{"line":101,"column":45},"end":{"line":104,"column":5}},"line":101},"11":{"name":"(anonymous_11)","decl":{"start":{"line":140,"column":25},"end":{"line":140,"column":26}},"loc":{"start":{"line":140,"column":31},"end":{"line":140,"column":39}},"line":140},"12":{"name":"(anonymous_12)","decl":{"start":{"line":150,"column":25},"end":{"line":150,"column":26}},"loc":{"start":{"line":150,"column":31},"end":{"line":150,"column":47}},"line":150},"13":{"name":"(anonymous_13)","decl":{"start":{"line":158,"column":25},"end":{"line":158,"column":26}},"loc":{"start":{"line":158,"column":29},"end":{"line":158,"column":57}},"line":158}},"branchMap":{"0":{"loc":{"start":{"line":34,"column":8},"end":{"line":54,"column":9}},"type":"if","locations":[{"start":{"line":34,"column":8},"end":{"line":54,"column":9}},{"start":{},"end":{}}],"line":34}},"s":{"0":0,"1":0,"2":0,"3":0,"4":0,"5":0,"6":0,"7":0,"8":0,"9":0,"10":0,"11":0,"12":0,"13":0,"14":0,"15":0,"16":0,"17":0,"18":0,"19":0,"20":0,"21":0,"22":0,"23":0,"24":0,"25":0,"26":0,"27":0,"28":0,"29":0,"30":0,"31":0,"32":0,"33":0,"34":0,"35":0,"36":0,"37":0},"f":{"0":0,"1":0,"2":0,"3":0,"4":0,"5":0,"6":0,"7":0,"8":0,"9":0,"10":0,"11":0,"12":0,"13":0},"b":{"0":[0,0]}}
,"/home/tania/pes/front-app/esCultura/src/utils/translateFunctions.js": {"path":"/home/tania/pes/front-app/esCultura/src/utils/translateFunctions.js","statementMap":{"0":{"start":{"line":9,"column":15},"end":{"line":9,"column":17}},"1":{"start":{"line":12,"column":6},"end":{"line":19,"column":7}},"2":{"start":{"line":13,"column":22},"end":{"line":13,"column":55}},"3":{"start":{"line":14,"column":8},"end":{"line":16,"column":9}},"4":{"start":{"line":15,"column":10},"end":{"line":15,"column":23}},"5":{"start":{"line":18,"column":8},"end":{"line":18,"column":68}},"6":{"start":{"line":21,"column":4},"end":{"line":21,"column":21}},"7":{"start":{"line":23,"column":4},"end":{"line":27,"column":5}},"8":{"start":{"line":24,"column":21},"end":{"line":24,"column":41}},"9":{"start":{"line":25,"column":8},"end":{"line":25,"column":38}},"10":{"start":{"line":26,"column":8},"end":{"line":26,"column":22}},"11":{"start":{"line":28,"column":4},"end":{"line":28,"column":16}},"12":{"start":{"line":31,"column":0},"end":{"line":46,"column":2}}},"fnMap":{"0":{"name":"setIniLang","decl":{"start":{"line":7,"column":9},"end":{"line":7,"column":19}},"loc":{"start":{"line":7,"column":22},"end":{"line":29,"column":1}},"line":7},"1":{"name":"_retrieveData","decl":{"start":{"line":11,"column":19},"end":{"line":11,"column":32}},"loc":{"start":{"line":11,"column":36},"end":{"line":20,"column":5}},"line":11}},"branchMap":{"0":{"loc":{"start":{"line":14,"column":8},"end":{"line":16,"column":9}},"type":"if","locations":[{"start":{"line":14,"column":8},"end":{"line":16,"column":9}},{"start":{},"end":{}}],"line":14},"1":{"loc":{"start":{"line":23,"column":4},"end":{"line":27,"column":5}},"type":"if","locations":[{"start":{"line":23,"column":4},"end":{"line":27,"column":5}},{"start":{},"end":{}}],"line":23}},"s":{"0":0,"1":0,"2":0,"3":0,"4":0,"5":0,"6":0,"7":0,"8":0,"9":0,"10":0,"11":0,"12":0},"f":{"0":0,"1":0},"b":{"0":[0,0],"1":[0,0]}}
,"/home/tania/pes/front-app/esCultura/src/utils/translateLabels.js": {"path":"/home/tania/pes/front-app/esCultura/src/utils/translateLabels.js","statementMap":{"0":{"start":{"line":1,"column":11},"end":{"line":21,"column":1}},"1":{"start":{"line":23,"column":11},"end":{"line":36,"column":1}},"2":{"start":{"line":38,"column":12},"end":{"line":58,"column":1}}},"fnMap":{},"branchMap":{},"s":{"0":0,"1":0,"2":0},"f":{},"b":{}}
,"/home/tania/pes/front-app/esCultura/src/utils/utilFunctions.js": {"path":"/home/tania/pes/front-app/esCultura/src/utils/utilFunctions.js","statementMap":{"0":{"start":{"line":6,"column":2},"end":{"line":14,"column":3}},"1":{"start":{"line":7,"column":18},"end":{"line":7,"column":53}},"2":{"start":{"line":8,"column":4},"end":{"line":10,"column":5}},"3":{"start":{"line":9,"column":8},"end":{"line":9,"column":22}},"4":{"start":{"line":11,"column":4},"end":{"line":11,"column":41}},"5":{"start":{"line":13,"column":4},"end":{"line":13,"column":70}},"6":{"start":{"line":16,"column":0},"end":{"line":16,"column":17}},"7":{"start":{"line":20,"column":8},"end":{"line":28,"column":9}},"8":{"start":{"line":21,"column":12},"end":{"line":24,"column":14}},"9":{"start":{"line":25,"column":12},"end":{"line":25,"column":48}},"10":{"start":{"line":27,"column":12},"end":{"line":27,"column":78}},"11":{"start":{"line":30,"column":4},"end":{"line":30,"column":17}},"12":{"start":{"line":35,"column":4},"end":{"line":35,"column":39}},"13":{"start":{"line":36,"column":4},"end":{"line":36,"column":40}},"14":{"start":{"line":38,"column":15},"end":{"line":38,"column":79}},"15":{"start":{"line":39,"column":4},"end":{"line":39,"column":40}},"16":{"start":{"line":42,"column":4},"end":{"line":63,"column":5}},"17":{"start":{"line":43,"column":8},"end":{"line":51,"column":10}},"18":{"start":{"line":54,"column":8},"end":{"line":62,"column":10}},"19":{"start":{"line":65,"column":21},"end":{"line":65,"column":40}},"20":{"start":{"line":68,"column":4},"end":{"line":68,"column":22}}},"fnMap":{"0":{"name":"_retrieveData","decl":{"start":{"line":5,"column":15},"end":{"line":5,"column":28}},"loc":{"start":{"line":5,"column":32},"end":{"line":15,"column":1}},"line":5},"1":{"name":"setToken","decl":{"start":{"line":18,"column":16},"end":{"line":18,"column":24}},"loc":{"start":{"line":18,"column":35},"end":{"line":31,"column":1}},"line":18},"2":{"name":"_storeData","decl":{"start":{"line":19,"column":19},"end":{"line":19,"column":29}},"loc":{"start":{"line":19,"column":32},"end":{"line":29,"column":5}},"line":19},"3":{"name":"simpleFetch","decl":{"start":{"line":33,"column":22},"end":{"line":33,"column":33}},"loc":{"start":{"line":33,"column":62},"end":{"line":69,"column":1}},"line":33}},"branchMap":{"0":{"loc":{"start":{"line":8,"column":4},"end":{"line":10,"column":5}},"type":"if","locations":[{"start":{"line":8,"column":4},"end":{"line":10,"column":5}},{"start":{},"end":{}}],"line":8},"1":{"loc":{"start":{"line":42,"column":4},"end":{"line":63,"column":5}},"type":"if","locations":[{"start":{"line":42,"column":4},"end":{"line":63,"column":5}},{"start":{"line":53,"column":9},"end":{"line":63,"column":5}}],"line":42},"2":{"loc":{"start":{"line":42,"column":8},"end":{"line":42,"column":45}},"type":"binary-expr","locations":[{"start":{"line":42,"column":8},"end":{"line":42,"column":24}},{"start":{"line":42,"column":28},"end":{"line":42,"column":45}}],"line":42}},"s":{"0":2,"1":2,"2":0,"3":0,"4":0,"5":2,"6":2,"7":0,"8":0,"9":0,"10":0,"11":0,"12":10,"13":10,"14":10,"15":10,"16":10,"17":8,"18":2,"19":0,"20":0},"f":{"0":2,"1":0,"2":0,"3":10},"b":{"0":[0,0],"1":[8,2],"2":[10,2]},"_coverageSchema":"1a1c01bbd47fc00a2c39e90264f33305004495a9","hash":"41434266d4c2f646d4499fa1f36bb5f534814db0"}
}
