TN:
SF:src/components/Calendar.js
FN:14,(anonymous_0)
FN:26,(anonymous_1)
FN:28,(anonymous_2)
FN:51,(anonymous_3)
FN:85,(anonymous_4)
FN:100,(anonymous_5)
FN:119,(anonymous_6)
FN:146,(anonymous_7)
FN:174,(anonymous_8)
FN:192,(anonymous_9)
FN:197,(anonymous_10)
FN:200,(anonymous_11)
FNF:12
FNH:0
FNDA:0,(anonymous_0)
FNDA:0,(anonymous_1)
FNDA:0,(anonymous_2)
FNDA:0,(anonymous_3)
FNDA:0,(anonymous_4)
FNDA:0,(anonymous_5)
FNDA:0,(anonymous_6)
FNDA:0,(anonymous_7)
FNDA:0,(anonymous_8)
FNDA:0,(anonymous_9)
FNDA:0,(anonymous_10)
FNDA:0,(anonymous_11)
DA:14,0
DA:15,0
DA:16,0
DA:17,0
DA:18,0
DA:19,0
DA:20,0
DA:21,0
DA:22,0
DA:26,0
DA:28,0
DA:29,0
DA:31,0
DA:33,0
DA:35,0
DA:37,0
DA:39,0
DA:41,0
DA:43,0
DA:45,0
DA:47,0
DA:51,0
DA:52,0
DA:53,0
DA:57,0
DA:58,0
DA:60,0
DA:61,0
DA:62,0
DA:63,0
DA:64,0
DA:65,0
DA:66,0
DA:67,0
DA:71,0
DA:72,0
DA:74,0
DA:77,0
DA:85,0
DA:91,0
DA:92,0
DA:94,0
DA:100,0
DA:101,0
DA:102,0
DA:105,0
DA:107,0
DA:109,0
DA:112,0
DA:115,0
DA:120,0
DA:147,0
DA:148,0
DA:149,0
DA:150,0
DA:151,0
DA:152,0
DA:153,0
DA:155,0
DA:156,0
DA:159,0
DA:160,0
DA:161,0
DA:162,0
DA:175,0
DA:192,0
DA:198,0
DA:200,0
DA:219,0
DA:246,0
DA:248,0
LF:71
LH:0
BRDA:29,0,0,0
BRDA:29,0,1,0
BRDA:29,0,2,0
BRDA:29,0,3,0
BRDA:29,0,4,0
BRDA:29,0,5,0
BRDA:29,0,6,0
BRDA:29,0,7,0
BRDA:29,0,8,0
BRDA:57,1,0,0
BRDA:57,1,1,0
BRDA:71,2,0,0
BRDA:71,2,1,0
BRDA:91,3,0,0
BRDA:91,3,1,0
BRDA:101,4,0,0
BRDA:101,4,1,0
BRDA:120,5,0,0
BRDA:120,5,1,0
BRDA:148,6,0,0
BRDA:148,6,1,0
BRDA:149,7,0,0
BRDA:149,7,1,0
BRDA:171,8,0,0
BRDA:171,8,1,0
BRF:25
BRH:0
end_of_record
TN:
SF:src/components/Esdeveniment.js
FN:10,Esdeveniment
FN:18,(anonymous_1)
FN:37,(anonymous_2)
FNF:3
FNH:0
FNDA:0,Esdeveniment
FNDA:0,(anonymous_1)
FNDA:0,(anonymous_2)
DA:6,0
DA:7,0
DA:8,0
DA:11,0
DA:12,0
DA:13,0
DA:16,0
DA:18,0
DA:37,0
DA:55,0
LF:10
LH:0
BRDA:13,0,0,0
BRDA:13,0,1,0
BRDA:13,1,0,0
BRDA:13,1,1,0
BRDA:28,2,0,0
BRDA:28,2,1,0
BRDA:30,3,0,0
BRDA:30,3,1,0
BRF:8
BRH:0
end_of_record
TN:
SF:src/components/FollowButton.js
FN:6,(anonymous_0)
FN:12,(anonymous_1)
FN:13,(anonymous_2)
FN:22,(anonymous_3)
FN:28,(anonymous_4)
FNF:5
FNH:0
FNDA:0,(anonymous_0)
FNDA:0,(anonymous_1)
FNDA:0,(anonymous_2)
FNDA:0,(anonymous_3)
FNDA:0,(anonymous_4)
DA:6,0
DA:7,0
DA:8,0
DA:9,0
DA:10,0
DA:12,0
DA:13,0
DA:14,0
DA:15,0
DA:16,0
DA:17,0
DA:19,0
DA:22,0
DA:23,0
DA:24,0
DA:25,0
DA:28,0
DA:29,0
DA:30,0
DA:31,0
DA:43,0
DA:44,0
DA:54,0
DA:66,0
LF:24
LH:0
BRDA:8,0,0,0
BRDA:8,0,1,0
BRDA:16,1,0,0
BRDA:16,1,1,0
BRDA:43,2,0,0
BRDA:43,2,1,0
BRF:6
BRH:0
end_of_record
TN:
SF:src/components/GrupXatButton.js
FN:11,NewGrup
FN:26,handleTextChange
FN:30,getIndex
FN:31,(anonymous_3)
FN:35,tanca
FN:42,(anonymous_5)
FN:47,(anonymous_6)
FN:64,seleccionarUsuaris
FN:80,(anonymous_8)
FN:84,crearGrup
FN:92,(anonymous_10)
FN:95,(anonymous_11)
FN:102,(anonymous_12)
FN:108,(anonymous_13)
FN:137,(anonymous_14)
FN:142,(anonymous_15)
FN:151,(anonymous_16)
FNF:17
FNH:0
FNDA:0,NewGrup
FNDA:0,handleTextChange
FNDA:0,getIndex
FNDA:0,(anonymous_3)
FNDA:0,tanca
FNDA:0,(anonymous_5)
FNDA:0,(anonymous_6)
FNDA:0,seleccionarUsuaris
FNDA:0,(anonymous_8)
FNDA:0,crearGrup
FNDA:0,(anonymous_10)
FNDA:0,(anonymous_11)
FNDA:0,(anonymous_12)
FNDA:0,(anonymous_13)
FNDA:0,(anonymous_14)
FNDA:0,(anonymous_15)
FNDA:0,(anonymous_16)
DA:12,0
DA:13,0
DA:14,0
DA:15,0
DA:16,0
DA:17,0
DA:18,0
DA:19,0
DA:20,0
DA:21,0
DA:23,0
DA:27,0
DA:31,0
DA:36,0
DA:37,0
DA:38,0
DA:42,0
DA:43,0
DA:44,0
DA:48,0
DA:66,0
DA:67,0
DA:68,0
DA:69,0
DA:70,0
DA:73,0
DA:77,0
DA:79,0
DA:80,0
DA:85,0
DA:86,0
DA:88,0
DA:89,0
DA:92,0
DA:93,0
DA:94,0
DA:95,0
DA:96,0
DA:97,0
DA:98,0
DA:102,0
DA:103,0
DA:106,0
DA:108,0
DA:138,0
DA:139,0
DA:140,0
DA:142,0
DA:148,0
DA:149,0
DA:151,0
DA:166,1
LF:52
LH:1
BRDA:43,0,0,0
BRDA:43,0,1,0
BRDA:66,1,0,0
BRDA:66,1,1,0
BRDA:69,2,0,0
BRDA:69,2,1,0
BRDA:85,3,0,0
BRDA:85,3,1,0
BRDA:88,4,0,0
BRDA:88,4,1,0
BRDA:139,5,0,0
BRDA:139,5,1,0
BRDA:148,6,0,0
BRDA:148,6,1,0
BRF:14
BRH:0
end_of_record
TN:
SF:src/components/InfoCompleta.js
FN:13,InfoCompleta
FN:15,(anonymous_1)
FN:33,(anonymous_2)
FNF:3
FNH:0
FNDA:0,InfoCompleta
FNDA:0,(anonymous_1)
FNDA:0,(anonymous_2)
DA:8,0
DA:15,0
DA:16,0
DA:19,0
DA:34,0
DA:65,0
LF:6
LH:0
BRDA:39,0,0,0
BRDA:39,0,1,0
BRDA:39,0,2,0
BRDA:47,1,0,0
BRDA:47,1,1,0
BRF:5
BRH:0
end_of_record
TN:
SF:src/components/InfoXatComp.js
FN:9,InfoXat
FN:18,tanca
FN:22,(anonymous_2)
FN:25,(anonymous_3)
FN:33,(anonymous_4)
FN:46,(anonymous_5)
FN:56,(anonymous_6)
FNF:7
FNH:0
FNDA:0,InfoXat
FNDA:0,tanca
FNDA:0,(anonymous_2)
FNDA:0,(anonymous_3)
FNDA:0,(anonymous_4)
FNDA:0,(anonymous_5)
FNDA:0,(anonymous_6)
DA:10,0
DA:11,0
DA:12,0
DA:14,0
DA:16,0
DA:19,0
DA:22,0
DA:24,0
DA:25,0
DA:26,0
DA:27,0
DA:28,0
DA:31,0
DA:33,0
DA:46,0
DA:57,0
DA:76,0
LF:17
LH:0
BRF:0
BRH:0
end_of_record
TN:
SF:src/components/LikeButton.js
FN:6,(anonymous_0)
FN:13,(anonymous_1)
FN:15,(anonymous_2)
FN:21,(anonymous_3)
FN:35,(anonymous_4)
FN:38,(anonymous_5)
FN:42,(anonymous_6)
FN:45,(anonymous_7)
FN:50,(anonymous_8)
FNF:9
FNH:0
FNDA:0,(anonymous_0)
FNDA:0,(anonymous_1)
FNDA:0,(anonymous_2)
FNDA:0,(anonymous_3)
FNDA:0,(anonymous_4)
FNDA:0,(anonymous_5)
FNDA:0,(anonymous_6)
FNDA:0,(anonymous_7)
FNDA:0,(anonymous_8)
DA:6,0
DA:7,0
DA:8,0
DA:9,0
DA:10,0
DA:11,0
DA:13,0
DA:15,0
DA:16,0
DA:17,0
DA:18,0
DA:21,0
DA:22,0
DA:23,0
DA:24,0
DA:25,0
DA:26,0
DA:27,0
DA:28,0
DA:29,0
DA:31,0
DA:32,0
DA:35,0
DA:36,0
DA:37,0
DA:38,0
DA:39,0
DA:42,0
DA:43,0
DA:44,0
DA:45,0
DA:46,0
DA:50,0
DA:51,0
DA:52,0
DA:54,0
DA:59,0
LF:37
LH:0
BRDA:10,0,0,0
BRDA:10,0,1,0
BRDA:28,1,0,0
BRDA:28,1,1,0
BRDA:51,2,0,0
BRDA:51,2,1,0
BRDA:61,3,0,0
BRDA:61,3,1,0
BRDA:61,4,0,0
BRDA:61,4,1,0
BRF:10
BRH:0
end_of_record
TN:
SF:src/components/MapComp.js
FN:8,MapComp
FN:20,(anonymous_1)
FN:21,(anonymous_2)
FN:41,(anonymous_3)
FNF:4
FNH:0
FNDA:0,MapComp
FNDA:0,(anonymous_1)
FNDA:0,(anonymous_2)
FNDA:0,(anonymous_3)
DA:10,0
DA:11,0
DA:12,0
DA:13,0
DA:20,0
DA:21,0
DA:23,0
DA:24,0
DA:25,0
DA:26,0
DA:29,0
DA:30,0
DA:31,0
DA:32,0
DA:41,0
DA:42,0
DA:45,0
DA:71,0
LF:18
LH:0
BRDA:24,0,0,0
BRDA:24,0,1,0
BRDA:60,1,0,0
BRDA:60,1,1,0
BRDA:61,2,0,0
BRDA:61,2,1,0
BRF:6
BRH:0
end_of_record
TN:
SF:src/components/MarkersComp.js
FN:5,MarkersMap
FN:6,componentDidMount
FN:12,(anonymous_2)
FN:15,(anonymous_3)
FN:21,(anonymous_4)
FNF:5
FNH:0
FNDA:0,MarkersMap
FNDA:0,componentDidMount
FNDA:0,(anonymous_2)
FNDA:0,(anonymous_3)
FNDA:0,(anonymous_4)
DA:7,0
DA:8,0
DA:9,0
DA:10,0
DA:12,0
DA:15,0
DA:16,0
DA:19,0
DA:21,0
LF:9
LH:0
BRDA:9,0,0,0
BRDA:9,0,1,0
BRDA:24,1,0,0
BRDA:24,1,1,0
BRDA:25,2,0,0
BRDA:25,2,1,0
BRF:6
BRH:0
end_of_record
TN:
SF:src/components/NewXatButton.js
FN:10,NewXat
FN:24,recarregar
FN:26,(anonymous_2)
FN:30,tancaModal
FN:34,(anonymous_4)
FN:35,(anonymous_5)
FN:37,(anonymous_6)
FN:45,(anonymous_7)
FN:47,(anonymous_8)
FN:54,existeixXat
FN:58,(anonymous_10)
FN:60,(anonymous_11)
FN:76,(anonymous_12)
FN:86,(anonymous_13)
FN:90,(anonymous_14)
FN:94,(anonymous_15)
FNF:16
FNH:4
FNDA:2,NewXat
FNDA:0,recarregar
FNDA:0,(anonymous_2)
FNDA:0,tancaModal
FNDA:2,(anonymous_4)
FNDA:2,(anonymous_5)
FNDA:0,(anonymous_6)
FNDA:0,(anonymous_7)
FNDA:0,(anonymous_8)
FNDA:2,existeixXat
FNDA:0,(anonymous_10)
FNDA:0,(anonymous_11)
FNDA:0,(anonymous_12)
FNDA:0,(anonymous_13)
FNDA:0,(anonymous_14)
FNDA:0,(anonymous_15)
DA:11,2
DA:12,2
DA:13,2
DA:14,2
DA:15,2
DA:16,2
DA:17,2
DA:18,2
DA:19,2
DA:20,2
DA:22,2
DA:25,0
DA:26,0
DA:31,0
DA:34,2
DA:35,2
DA:36,2
DA:37,2
DA:41,2
DA:42,2
DA:45,2
DA:46,0
DA:47,0
DA:50,0
DA:51,0
DA:55,2
DA:56,2
DA:57,0
DA:58,0
DA:59,0
DA:60,0
DA:61,0
DA:65,0
DA:66,0
DA:69,2
DA:76,0
DA:86,0
DA:91,0
DA:92,0
DA:94,0
DA:112,1
LF:41
LH:22
BRDA:56,0,0,0
BRDA:56,0,1,2
BRDA:59,1,0,0
BRDA:59,1,1,0
BRDA:61,2,0,0
BRDA:61,2,1,0
BRDA:91,3,0,0
BRDA:91,3,1,0
BRF:8
BRH:1
end_of_record
TN:
SF:src/components/PerfilSimple.js
FN:17,PerfilSimple
FN:22,(anonymous_1)
FN:41,(anonymous_2)
FN:42,(anonymous_3)
FN:49,(anonymous_4)
FN:63,(anonymous_5)
FN:87,(anonymous_6)
FN:97,(anonymous_7)
FN:112,(anonymous_8)
FN:127,(anonymous_9)
FN:141,(anonymous_10)
FN:163,(anonymous_11)
FN:171,(anonymous_12)
FN:208,(anonymous_13)
FN:213,(anonymous_14)
FN:214,(anonymous_15)
FN:224,(anonymous_16)
FN:229,(anonymous_17)
FN:230,(anonymous_18)
FN:240,(anonymous_19)
FN:272,(anonymous_20)
FN:279,(anonymous_21)
FN:292,(anonymous_22)
FN:316,(anonymous_23)
FN:329,(anonymous_24)
FN:334,(anonymous_25)
FN:335,(anonymous_26)
FN:345,(anonymous_27)
FN:350,(anonymous_28)
FN:351,(anonymous_29)
FN:360,(anonymous_30)
FN:368,(anonymous_31)
FN:373,(anonymous_32)
FN:376,(anonymous_33)
FN:377,(anonymous_34)
FN:393,(anonymous_35)
FNF:36
FNH:0
FNDA:0,PerfilSimple
FNDA:0,(anonymous_1)
FNDA:0,(anonymous_2)
FNDA:0,(anonymous_3)
FNDA:0,(anonymous_4)
FNDA:0,(anonymous_5)
FNDA:0,(anonymous_6)
FNDA:0,(anonymous_7)
FNDA:0,(anonymous_8)
FNDA:0,(anonymous_9)
FNDA:0,(anonymous_10)
FNDA:0,(anonymous_11)
FNDA:0,(anonymous_12)
FNDA:0,(anonymous_13)
FNDA:0,(anonymous_14)
FNDA:0,(anonymous_15)
FNDA:0,(anonymous_16)
FNDA:0,(anonymous_17)
FNDA:0,(anonymous_18)
FNDA:0,(anonymous_19)
FNDA:0,(anonymous_20)
FNDA:0,(anonymous_21)
FNDA:0,(anonymous_22)
FNDA:0,(anonymous_23)
FNDA:0,(anonymous_24)
FNDA:0,(anonymous_25)
FNDA:0,(anonymous_26)
FNDA:0,(anonymous_27)
FNDA:0,(anonymous_28)
FNDA:0,(anonymous_29)
FNDA:0,(anonymous_30)
FNDA:0,(anonymous_31)
FNDA:0,(anonymous_32)
FNDA:0,(anonymous_33)
FNDA:0,(anonymous_34)
FNDA:0,(anonymous_35)
DA:19,0
DA:22,0
DA:23,0
DA:25,0
DA:26,0
DA:27,0
DA:28,0
DA:29,0
DA:30,0
DA:31,0
DA:32,0
DA:33,0
DA:34,0
DA:35,0
DA:36,0
DA:37,0
DA:38,0
DA:39,0
DA:41,0
DA:42,0
DA:43,0
DA:44,0
DA:45,0
DA:46,0
DA:49,0
DA:50,0
DA:51,0
DA:52,0
DA:53,0
DA:54,0
DA:55,0
DA:56,0
DA:57,0
DA:59,0
DA:63,0
DA:64,0
DA:65,0
DA:66,0
DA:67,0
DA:68,0
DA:69,0
DA:71,0
DA:72,0
DA:73,0
DA:74,0
DA:75,0
DA:76,0
DA:77,0
DA:78,0
DA:79,0
DA:80,0
DA:81,0
DA:82,0
DA:87,0
DA:88,0
DA:89,0
DA:90,0
DA:91,0
DA:92,0
DA:93,0
DA:94,0
DA:97,0
DA:98,0
DA:99,0
DA:100,0
DA:101,0
DA:102,0
DA:105,0
DA:106,0
DA:107,0
DA:108,0
DA:109,0
DA:112,0
DA:113,0
DA:120,0
DA:121,0
DA:122,0
DA:123,0
DA:127,0
DA:128,0
DA:130,0
DA:131,0
DA:138,0
DA:141,0
DA:142,0
DA:143,0
DA:147,0
DA:148,0
DA:163,0
DA:171,0
DA:208,0
DA:214,0
DA:224,0
DA:230,0
DA:240,0
DA:254,0
DA:272,0
DA:279,0
DA:292,0
DA:316,0
DA:329,0
DA:335,0
DA:345,0
DA:351,0
DA:360,0
DA:368,0
DA:374,0
DA:376,0
DA:377,0
DA:393,0
DA:409,0
LF:111
LH:0
BRDA:120,0,0,0
BRDA:120,0,1,0
BRDA:147,1,0,0
BRDA:147,1,1,0
BRDA:154,2,0,0
BRDA:154,2,1,0
BRDA:260,3,0,0
BRDA:260,3,1,0
BRDA:298,4,0,0
BRDA:298,4,1,0
BRF:10
BRH:0
end_of_record
TN:
SF:src/components/ProfileForm.js
FN:6,ProfileForm
FN:13,(anonymous_1)
FN:40,handleChange
FN:66,(anonymous_3)
FNF:4
FNH:0
FNDA:0,ProfileForm
FNDA:0,(anonymous_1)
FNDA:0,handleChange
FNDA:0,(anonymous_3)
DA:7,0
DA:8,0
DA:9,0
DA:10,0
DA:11,0
DA:13,0
DA:14,0
DA:17,0
DA:18,0
DA:30,0
DA:31,0
DA:32,0
DA:33,0
DA:36,0
DA:41,0
DA:42,0
DA:45,0
DA:66,0
DA:71,0
LF:19
LH:0
BRDA:32,0,0,0
BRDA:32,0,1,0
BRF:2
BRH:0
end_of_record
TN:
SF:src/components/ReservarButton.js
FN:6,Reservar
FN:18,(anonymous_1)
FN:19,(anonymous_2)
FN:25,(anonymous_3)
FN:61,(anonymous_4)
FN:74,(anonymous_5)
FN:80,(anonymous_6)
FN:104,(anonymous_7)
FN:128,(anonymous_8)
FN:140,(anonymous_9)
FN:147,(anonymous_10)
FNF:11
FNH:5
FNDA:6,Reservar
FNDA:3,(anonymous_1)
FNDA:3,(anonymous_2)
FNDA:3,(anonymous_3)
FNDA:2,(anonymous_4)
FNDA:0,(anonymous_5)
FNDA:0,(anonymous_6)
FNDA:0,(anonymous_7)
FNDA:0,(anonymous_8)
FNDA:0,(anonymous_9)
FNDA:0,(anonymous_10)
DA:7,6
DA:8,6
DA:9,6
DA:10,6
DA:11,6
DA:12,6
DA:13,6
DA:14,6
DA:15,6
DA:16,6
DA:18,6
DA:19,3
DA:20,3
DA:21,3
DA:22,0
DA:25,3
DA:26,3
DA:27,3
DA:28,0
DA:29,0
DA:30,0
DA:35,3
DA:36,3
DA:37,3
DA:38,3
DA:39,3
DA:40,0
DA:43,3
DA:44,0
DA:46,3
DA:47,3
DA:48,0
DA:49,0
DA:54,3
DA:55,3
DA:57,3
DA:58,3
DA:61,6
DA:62,2
DA:63,2
DA:64,2
DA:65,2
DA:68,0
DA:70,0
DA:74,6
DA:75,0
DA:76,0
DA:80,6
DA:81,0
DA:82,0
DA:83,0
DA:84,0
DA:87,6
DA:88,0
DA:94,6
DA:95,0
DA:102,6
DA:103,0
DA:104,0
DA:111,6
DA:112,6
DA:113,6
DA:124,0
DA:128,0
DA:141,0
DA:147,0
DA:170,1
LF:67
LH:43
BRDA:29,0,0,0
BRDA:29,0,1,0
BRDA:39,1,0,0
BRDA:39,1,1,3
BRDA:43,2,0,0
BRDA:43,2,1,3
BRDA:46,3,0,3
BRDA:46,3,1,0
BRDA:64,4,0,2
BRDA:64,4,1,0
BRDA:87,5,0,0
BRDA:87,5,1,6
BRDA:94,6,0,0
BRDA:94,6,1,6
BRDA:102,7,0,0
BRDA:102,7,1,6
BRDA:111,8,0,6
BRDA:111,8,1,0
BRDA:126,9,0,0
BRDA:126,9,1,0
BRDA:135,10,0,0
BRDA:135,10,1,0
BRDA:145,11,0,0
BRDA:145,11,1,0
BRDA:157,12,0,0
BRDA:157,12,1,0
BRF:26
BRH:8
end_of_record
TN:
SF:src/components/Screen.js
FN:4,Screen
FN:15,(anonymous_1)
FNF:2
FNH:0
FNDA:0,Screen
FNDA:0,(anonymous_1)
DA:5,0
DA:15,0
DA:26,0
LF:3
LH:0
BRF:0
BRH:0
end_of_record
TN:
SF:src/components/SearchFilter.js
FN:12,SearchFilter
FN:40,saveFilter
FN:54,(anonymous_2)
FN:76,(anonymous_3)
FN:91,tematiquesArry
FN:121,(anonymous_5)
FN:127,(anonymous_6)
FN:137,(anonymous_7)
FN:153,(anonymous_8)
FN:159,(anonymous_9)
FN:174,(anonymous_10)
FN:195,(anonymous_11)
FN:201,(anonymous_12)
FN:207,(anonymous_13)
FN:213,(anonymous_14)
FN:219,(anonymous_15)
FN:225,(anonymous_16)
FN:231,(anonymous_17)
FN:237,(anonymous_18)
FNF:19
FNH:0
FNDA:0,SearchFilter
FNDA:0,saveFilter
FNDA:0,(anonymous_2)
FNDA:0,(anonymous_3)
FNDA:0,tematiquesArry
FNDA:0,(anonymous_5)
FNDA:0,(anonymous_6)
FNDA:0,(anonymous_7)
FNDA:0,(anonymous_8)
FNDA:0,(anonymous_9)
FNDA:0,(anonymous_10)
FNDA:0,(anonymous_11)
FNDA:0,(anonymous_12)
FNDA:0,(anonymous_13)
FNDA:0,(anonymous_14)
FNDA:0,(anonymous_15)
FNDA:0,(anonymous_16)
FNDA:0,(anonymous_17)
FNDA:0,(anonymous_18)
DA:14,0
DA:15,0
DA:17,0
DA:18,0
DA:19,0
DA:20,0
DA:22,0
DA:23,0
DA:24,0
DA:25,0
DA:26,0
DA:27,0
DA:28,0
DA:29,0
DA:31,0
DA:33,0
DA:41,0
DA:42,0
DA:44,0
DA:47,0
DA:48,0
DA:52,0
DA:53,0
DA:54,0
DA:55,0
DA:56,0
DA:59,0
DA:62,0
DA:66,0
DA:67,0
DA:68,0
DA:72,0
DA:73,0
DA:76,0
DA:77,0
DA:78,0
DA:81,0
DA:84,0
DA:92,0
DA:93,0
DA:94,0
DA:96,0
DA:97,0
DA:99,0
DA:100,0
DA:102,0
DA:103,0
DA:105,0
DA:106,0
DA:108,0
DA:109,0
DA:111,0
DA:112,0
DA:114,0
DA:115,0
DA:118,0
DA:121,0
DA:122,0
DA:123,0
DA:124,0
DA:127,0
DA:128,0
DA:129,0
DA:130,0
DA:133,0
DA:137,0
DA:153,0
DA:159,0
DA:174,0
DA:195,0
DA:201,0
DA:207,0
DA:213,0
DA:219,0
DA:225,0
DA:231,0
DA:237,0
DA:271,0
LF:78
LH:0
BRDA:47,0,0,0
BRDA:47,0,1,0
BRDA:52,1,0,0
BRDA:52,1,1,0
BRDA:55,2,0,0
BRDA:55,2,1,0
BRDA:66,3,0,0
BRDA:66,3,1,0
BRDA:72,4,0,0
BRDA:72,4,1,0
BRDA:77,5,0,0
BRDA:77,5,1,0
BRDA:93,6,0,0
BRDA:93,6,1,0
BRDA:96,7,0,0
BRDA:96,7,1,0
BRDA:99,8,0,0
BRDA:99,8,1,0
BRDA:102,9,0,0
BRDA:102,9,1,0
BRDA:105,10,0,0
BRDA:105,10,1,0
BRDA:108,11,0,0
BRDA:108,11,1,0
BRDA:111,12,0,0
BRDA:111,12,1,0
BRDA:114,13,0,0
BRDA:114,13,1,0
BRDA:122,14,0,0
BRDA:122,14,1,0
BRDA:128,15,0,0
BRDA:128,15,1,0
BRDA:163,16,0,0
BRDA:163,16,1,0
BRDA:178,17,0,0
BRDA:178,17,1,0
BRDA:240,18,0,0
BRDA:240,18,1,0
BRF:38
BRH:0
end_of_record
TN:
SF:src/components/TranslateSelector.js
FN:8,TranslateSelector
FN:13,_storeData
FN:24,onChange
FN:33,(anonymous_3)
FNF:4
FNH:0
FNDA:0,TranslateSelector
FNDA:0,_storeData
FNDA:0,onChange
FNDA:0,(anonymous_3)
DA:10,0
DA:11,0
DA:14,0
DA:15,0
DA:20,0
DA:25,0
DA:26,0
DA:27,0
DA:30,0
DA:33,0
LF:10
LH:0
BRF:0
BRH:0
end_of_record
TN:
SF:src/components/Trofeu.js
FN:12,InfoCompleta
FN:83,(anonymous_1)
FN:86,(anonymous_2)
FN:87,(anonymous_3)
FN:88,(anonymous_4)
FN:89,(anonymous_5)
FN:90,(anonymous_6)
FN:91,(anonymous_7)
FN:92,(anonymous_8)
FN:93,(anonymous_9)
FN:94,(anonymous_10)
FN:95,(anonymous_11)
FN:96,(anonymous_12)
FN:97,(anonymous_13)
FN:98,(anonymous_14)
FN:99,(anonymous_15)
FN:100,(anonymous_16)
FN:101,(anonymous_17)
FN:102,(anonymous_18)
FN:103,(anonymous_19)
FN:104,(anonymous_20)
FN:105,(anonymous_21)
FN:106,(anonymous_22)
FN:107,(anonymous_23)
FN:108,(anonymous_24)
FN:109,(anonymous_25)
FN:117,(anonymous_26)
FNF:27
FNH:0
FNDA:0,InfoCompleta
FNDA:0,(anonymous_1)
FNDA:0,(anonymous_2)
FNDA:0,(anonymous_3)
FNDA:0,(anonymous_4)
FNDA:0,(anonymous_5)
FNDA:0,(anonymous_6)
FNDA:0,(anonymous_7)
FNDA:0,(anonymous_8)
FNDA:0,(anonymous_9)
FNDA:0,(anonymous_10)
FNDA:0,(anonymous_11)
FNDA:0,(anonymous_12)
FNDA:0,(anonymous_13)
FNDA:0,(anonymous_14)
FNDA:0,(anonymous_15)
FNDA:0,(anonymous_16)
FNDA:0,(anonymous_17)
FNDA:0,(anonymous_18)
FNDA:0,(anonymous_19)
FNDA:0,(anonymous_20)
FNDA:0,(anonymous_21)
FNDA:0,(anonymous_22)
FNDA:0,(anonymous_23)
FNDA:0,(anonymous_24)
FNDA:0,(anonymous_25)
FNDA:0,(anonymous_26)
DA:7,0
DA:13,0
DA:14,0
DA:15,0
DA:16,0
DA:17,0
DA:18,0
DA:19,0
DA:20,0
DA:22,0
DA:50,0
DA:83,0
DA:84,0
DA:85,0
DA:86,0
DA:87,0
DA:88,0
DA:89,0
DA:90,0
DA:91,0
DA:92,0
DA:93,0
DA:94,0
DA:95,0
DA:96,0
DA:97,0
DA:98,0
DA:99,0
DA:100,0
DA:101,0
DA:102,0
DA:103,0
DA:104,0
DA:105,0
DA:106,0
DA:107,0
DA:108,0
DA:109,0
DA:114,0
DA:118,0
DA:119,0
DA:140,0
LF:42
LH:0
BRDA:86,0,0,0
BRDA:86,0,1,0
BRDA:86,1,0,0
BRDA:86,1,1,0
BRDA:87,2,0,0
BRDA:87,2,1,0
BRDA:87,3,0,0
BRDA:87,3,1,0
BRDA:88,4,0,0
BRDA:88,4,1,0
BRDA:89,5,0,0
BRDA:89,5,1,0
BRDA:89,6,0,0
BRDA:89,6,1,0
BRDA:90,7,0,0
BRDA:90,7,1,0
BRDA:90,8,0,0
BRDA:90,8,1,0
BRDA:91,9,0,0
BRDA:91,9,1,0
BRDA:92,10,0,0
BRDA:92,10,1,0
BRDA:92,11,0,0
BRDA:92,11,1,0
BRDA:93,12,0,0
BRDA:93,12,1,0
BRDA:93,13,0,0
BRDA:93,13,1,0
BRDA:94,14,0,0
BRDA:94,14,1,0
BRDA:95,15,0,0
BRDA:95,15,1,0
BRDA:95,16,0,0
BRDA:95,16,1,0
BRDA:96,17,0,0
BRDA:96,17,1,0
BRDA:96,18,0,0
BRDA:96,18,1,0
BRDA:97,19,0,0
BRDA:97,19,1,0
BRDA:98,20,0,0
BRDA:98,20,1,0
BRDA:98,21,0,0
BRDA:98,21,1,0
BRDA:99,22,0,0
BRDA:99,22,1,0
BRDA:99,23,0,0
BRDA:99,23,1,0
BRDA:100,24,0,0
BRDA:100,24,1,0
BRDA:101,25,0,0
BRDA:101,25,1,0
BRDA:101,26,0,0
BRDA:101,26,1,0
BRDA:102,27,0,0
BRDA:102,27,1,0
BRDA:102,28,0,0
BRDA:102,28,1,0
BRDA:103,29,0,0
BRDA:103,29,1,0
BRDA:104,30,0,0
BRDA:104,30,1,0
BRDA:104,31,0,0
BRDA:104,31,1,0
BRDA:105,32,0,0
BRDA:105,32,1,0
BRDA:105,33,0,0
BRDA:105,33,1,0
BRDA:106,34,0,0
BRDA:106,34,1,0
BRDA:107,35,0,0
BRDA:107,35,1,0
BRDA:107,36,0,0
BRDA:107,36,1,0
BRDA:108,37,0,0
BRDA:108,37,1,0
BRDA:108,38,0,0
BRDA:108,38,1,0
BRDA:109,39,0,0
BRDA:109,39,1,0
BRDA:118,40,0,0
BRDA:118,40,1,0
BRF:82
BRH:0
end_of_record
TN:
SF:src/components/XatComp.js
FN:9,Xat
FN:24,imatgePerfil
FN:31,handleTextChange
FN:36,ultimMissatge
FN:42,getData
FN:46,veureXat
FN:50,(anonymous_6)
FN:54,(anonymous_7)
FN:56,(anonymous_8)
FN:58,(anonymous_9)
FN:66,nomXat
FN:69,(anonymous_11)
FN:79,(anonymous_12)
FN:81,(anonymous_13)
FN:83,(anonymous_14)
FN:99,(anonymous_15)
FN:111,(anonymous_16)
FN:117,(anonymous_17)
FN:119,(anonymous_18)
FNF:19
FNH:0
FNDA:0,Xat
FNDA:0,imatgePerfil
FNDA:0,handleTextChange
FNDA:0,ultimMissatge
FNDA:0,getData
FNDA:0,veureXat
FNDA:0,(anonymous_6)
FNDA:0,(anonymous_7)
FNDA:0,(anonymous_8)
FNDA:0,(anonymous_9)
FNDA:0,nomXat
FNDA:0,(anonymous_11)
FNDA:0,(anonymous_12)
FNDA:0,(anonymous_13)
FNDA:0,(anonymous_14)
FNDA:0,(anonymous_15)
FNDA:0,(anonymous_16)
FNDA:0,(anonymous_17)
FNDA:0,(anonymous_18)
DA:10,0
DA:11,0
DA:12,0
DA:13,0
DA:14,0
DA:15,0
DA:16,0
DA:17,0
DA:18,0
DA:19,0
DA:21,0
DA:25,0
DA:26,0
DA:32,0
DA:37,0
DA:38,0
DA:43,0
DA:47,0
DA:50,0
DA:51,0
DA:54,0
DA:56,0
DA:57,0
DA:58,0
DA:62,0
DA:63,0
DA:67,0
DA:68,0
DA:69,0
DA:70,0
DA:74,0
DA:79,0
DA:80,0
DA:81,0
DA:82,0
DA:83,0
DA:86,0
DA:99,0
DA:111,0
DA:117,0
DA:120,0
DA:121,0
DA:129,0
DA:152,0
LF:44
LH:0
BRDA:25,0,0,0
BRDA:25,0,1,0
BRDA:37,1,0,0
BRDA:37,1,1,0
BRDA:68,2,0,0
BRDA:68,2,1,0
BRDA:70,3,0,0
BRDA:70,3,1,0
BRDA:120,4,0,0
BRDA:120,4,1,0
BRF:10
BRH:0
end_of_record
TN:
SF:src/screens/Agenda.js
FN:8,Agenda
FN:12,(anonymous_1)
FN:13,(anonymous_2)
FNF:3
FNH:0
FNDA:0,Agenda
FNDA:0,(anonymous_1)
FNDA:0,(anonymous_2)
DA:9,0
DA:10,0
DA:12,0
DA:13,0
DA:14,0
DA:15,0
DA:16,0
DA:19,0
DA:20,0
DA:23,0
DA:31,0
LF:11
LH:0
BRF:0
BRH:0
end_of_record
TN:
SF:src/screens/Base.js
FN:19,Base
FN:24,(anonymous_1)
FN:27,(anonymous_2)
FN:33,(anonymous_3)
FN:36,(anonymous_4)
FN:43,(anonymous_5)
FN:50,(anonymous_6)
FN:57,(anonymous_7)
FNF:8
FNH:0
FNDA:0,Base
FNDA:0,(anonymous_1)
FNDA:0,(anonymous_2)
FNDA:0,(anonymous_3)
FNDA:0,(anonymous_4)
FNDA:0,(anonymous_5)
FNDA:0,(anonymous_6)
FNDA:0,(anonymous_7)
DA:17,0
DA:20,0
DA:24,0
DA:28,0
DA:33,0
DA:37,0
DA:44,0
DA:51,0
DA:58,0
DA:67,0
LF:10
LH:0
BRF:0
BRH:0
end_of_record
TN:
SF:src/screens/Chat.js
FN:11,Chat
FN:21,(anonymous_1)
FN:22,(anonymous_2)
FN:24,(anonymous_3)
FN:30,(anonymous_4)
FN:31,(anonymous_5)
FN:33,(anonymous_6)
FN:44,recarrega
FN:45,(anonymous_8)
FN:48,filterSearch
FN:51,(anonymous_10)
FN:80,(anonymous_11)
FNF:12
FNH:0
FNDA:0,Chat
FNDA:0,(anonymous_1)
FNDA:0,(anonymous_2)
FNDA:0,(anonymous_3)
FNDA:0,(anonymous_4)
FNDA:0,(anonymous_5)
FNDA:0,(anonymous_6)
FNDA:0,recarrega
FNDA:0,(anonymous_8)
FNDA:0,filterSearch
FNDA:0,(anonymous_10)
FNDA:0,(anonymous_11)
DA:12,0
DA:13,0
DA:14,0
DA:15,0
DA:16,0
DA:18,0
DA:21,0
DA:22,0
DA:23,0
DA:24,0
DA:26,0
DA:30,0
DA:31,0
DA:32,0
DA:33,0
DA:34,0
DA:35,0
DA:40,0
DA:45,0
DA:50,0
DA:51,0
DA:52,0
DA:54,0
DA:57,0
DA:59,0
DA:62,0
DA:81,0
DA:94,0
LF:28
LH:0
BRDA:50,0,0,0
BRDA:50,0,1,0
BRF:2
BRH:0
end_of_record
TN:
SF:src/screens/Home.js
FN:7,Home
FN:11,(anonymous_1)
FN:12,(anonymous_2)
FN:28,(anonymous_3)
FNF:4
FNH:0
FNDA:0,Home
FNDA:0,(anonymous_1)
FNDA:0,(anonymous_2)
FNDA:0,(anonymous_3)
DA:8,0
DA:9,0
DA:11,0
DA:12,0
DA:13,0
DA:14,0
DA:15,0
DA:16,0
DA:18,0
DA:19,0
DA:22,0
DA:25,0
DA:28,0
DA:29,0
DA:32,0
DA:50,0
LF:16
LH:0
BRDA:15,0,0,0
BRDA:15,0,1,0
BRF:2
BRH:0
end_of_record
TN:
SF:src/screens/Login.js
FN:11,Login
FN:25,(anonymous_1)
FN:41,(anonymous_2)
FN:42,(anonymous_3)
FN:51,loginWithGoogle
FN:56,_storeData
FN:67,login
FN:78,(anonymous_7)
FN:79,(anonymous_8)
FN:121,handleTextChangePassword
FN:124,handleTextChangeUsername
FN:153,(anonymous_11)
FN:161,(anonymous_12)
FN:169,(anonymous_13)
FNF:14
FNH:0
FNDA:0,Login
FNDA:0,(anonymous_1)
FNDA:0,(anonymous_2)
FNDA:0,(anonymous_3)
FNDA:0,loginWithGoogle
FNDA:0,_storeData
FNDA:0,login
FNDA:0,(anonymous_7)
FNDA:0,(anonymous_8)
FNDA:0,handleTextChangePassword
FNDA:0,handleTextChangeUsername
FNDA:0,(anonymous_11)
FNDA:0,(anonymous_12)
FNDA:0,(anonymous_13)
DA:9,0
DA:14,0
DA:15,0
DA:16,0
DA:17,0
DA:22,0
DA:23,0
DA:25,0
DA:26,0
DA:27,0
DA:28,0
DA:29,0
DA:30,0
DA:32,0
DA:41,0
DA:43,0
DA:52,0
DA:53,0
DA:57,0
DA:58,0
DA:63,0
DA:68,0
DA:70,0
DA:78,0
DA:80,0
DA:81,0
DA:82,0
DA:100,0
DA:115,0
DA:116,0
DA:122,0
DA:125,0
DA:128,0
DA:153,0
DA:161,0
DA:169,0
DA:179,0
LF:37
LH:0
BRDA:27,0,0,0
BRDA:27,0,1,0
BRF:2
BRH:0
end_of_record
TN:
SF:src/screens/Map.js
FN:6,Map
FNF:1
FNH:0
FNDA:0,Map
DA:8,0
LF:1
LH:0
BRF:0
BRH:0
end_of_record
TN:
SF:src/screens/Perfil.js
FN:6,Perfil
FN:9,(anonymous_1)
FNF:2
FNH:0
FNDA:0,Perfil
FNDA:0,(anonymous_1)
DA:7,0
DA:9,0
DA:10,0
DA:14,0
DA:22,0
LF:5
LH:0
BRF:0
BRH:0
end_of_record
TN:
SF:src/screens/Search.js
FN:7,(anonymous_0)
FN:13,Search
FN:18,(anonymous_2)
FN:21,componenDidMount
FN:23,(anonymous_4)
FN:24,(anonymous_5)
FN:28,(anonymous_6)
FN:31,loadMore
FN:35,(anonymous_8)
FN:36,(anonymous_9)
FN:41,(anonymous_10)
FN:44,(anonymous_11)
FN:48,(anonymous_12)
FN:55,(anonymous_13)
FN:64,(anonymous_14)
FN:66,(anonymous_15)
FN:67,(anonymous_16)
FNF:17
FNH:0
FNDA:0,(anonymous_0)
FNDA:0,Search
FNDA:0,(anonymous_2)
FNDA:0,componenDidMount
FNDA:0,(anonymous_4)
FNDA:0,(anonymous_5)
FNDA:0,(anonymous_6)
FNDA:0,loadMore
FNDA:0,(anonymous_8)
FNDA:0,(anonymous_9)
FNDA:0,(anonymous_10)
FNDA:0,(anonymous_11)
FNDA:0,(anonymous_12)
FNDA:0,(anonymous_13)
FNDA:0,(anonymous_14)
FNDA:0,(anonymous_15)
FNDA:0,(anonymous_16)
DA:7,0
DA:8,0
DA:9,0
DA:14,0
DA:15,0
DA:16,0
DA:18,0
DA:22,0
DA:23,0
DA:25,0
DA:26,0
DA:28,0
DA:32,0
DA:33,0
DA:34,0
DA:35,0
DA:37,0
DA:38,0
DA:39,0
DA:41,0
DA:44,0
DA:45,0
DA:48,0
DA:49,0
DA:52,0
DA:56,0
DA:57,0
DA:65,0
DA:66,0
DA:67,0
DA:75,0
LF:31
LH:0
BRDA:56,0,0,0
BRDA:56,0,1,0
BRF:2
BRH:0
end_of_record
TN:
SF:src/screens/Settings.js
FN:5,Settings
FN:10,(anonymous_1)
FN:12,(anonymous_2)
FN:25,(anonymous_3)
FNF:4
FNH:0
FNDA:0,Settings
FNDA:0,(anonymous_1)
FNDA:0,(anonymous_2)
FNDA:0,(anonymous_3)
DA:6,0
DA:8,0
DA:10,0
DA:12,0
DA:13,0
DA:14,0
DA:15,0
DA:18,0
DA:20,0
DA:23,0
DA:25,0
LF:11
LH:0
BRF:0
BRH:0
end_of_record
TN:
SF:src/screens/SingUp.js
FN:16,SingUp
FN:32,(anonymous_1)
FN:48,(anonymous_2)
FN:49,(anonymous_3)
FN:57,loginWithGoole
FN:64,singUp
FN:75,(anonymous_6)
FN:76,(anonymous_7)
FN:93,handleTextChangeUsername
FN:97,handleTextChangeEmail
FN:101,handleTextChangePassword
FN:140,(anonymous_11)
FN:150,(anonymous_12)
FN:158,(anonymous_13)
FNF:14
FNH:0
FNDA:0,SingUp
FNDA:0,(anonymous_1)
FNDA:0,(anonymous_2)
FNDA:0,(anonymous_3)
FNDA:0,loginWithGoole
FNDA:0,singUp
FNDA:0,(anonymous_6)
FNDA:0,(anonymous_7)
FNDA:0,handleTextChangeUsername
FNDA:0,handleTextChangeEmail
FNDA:0,handleTextChangePassword
FNDA:0,(anonymous_11)
FNDA:0,(anonymous_12)
FNDA:0,(anonymous_13)
DA:14,0
DA:18,0
DA:19,0
DA:25,0
DA:26,0
DA:27,0
DA:28,0
DA:30,0
DA:32,0
DA:33,0
DA:34,0
DA:35,0
DA:36,0
DA:37,0
DA:39,0
DA:48,0
DA:50,0
DA:58,0
DA:59,0
DA:65,0
DA:67,0
DA:75,0
DA:77,0
DA:78,0
DA:84,0
DA:87,0
DA:88,0
DA:94,0
DA:95,0
DA:98,0
DA:99,0
DA:102,0
DA:103,0
DA:106,0
DA:140,0
DA:150,0
DA:158,0
DA:170,0
LF:38
LH:0
BRDA:34,0,0,0
BRDA:34,0,1,0
BRF:2
BRH:0
end_of_record
TN:
SF:src/utils/translateFunctions.js
FN:7,setIniLang
FN:11,_retrieveData
FNF:2
FNH:0
FNDA:0,setIniLang
FNDA:0,_retrieveData
DA:9,0
DA:12,0
DA:13,0
DA:14,0
DA:15,0
DA:18,0
DA:21,0
DA:23,0
DA:24,0
DA:25,0
DA:26,0
DA:28,0
DA:31,0
LF:13
LH:0
BRDA:14,0,0,0
BRDA:14,0,1,0
BRDA:23,1,0,0
BRDA:23,1,1,0
BRF:4
BRH:0
end_of_record
TN:
SF:src/utils/translateLabels.js
FNF:0
FNH:0
DA:1,0
DA:23,0
DA:38,0
LF:3
LH:0
BRF:0
BRH:0
end_of_record
TN:
SF:src/utils/utilFunctions.js
FN:5,_retrieveData
FN:18,setToken
FN:19,_storeData
FN:33,simpleFetch
FNF:4
FNH:2
FNDA:2,_retrieveData
FNDA:0,setToken
FNDA:0,_storeData
FNDA:10,simpleFetch
DA:6,2
DA:7,2
DA:8,0
DA:9,0
DA:11,0
DA:13,2
DA:16,2
DA:20,0
DA:21,0
DA:25,0
DA:27,0
DA:30,0
DA:35,10
DA:36,10
DA:38,10
DA:39,10
DA:42,10
DA:43,8
DA:54,2
DA:65,0
DA:68,0
LF:21
LH:11
BRDA:8,0,0,0
BRDA:8,0,1,0
BRDA:42,1,0,8
BRDA:42,1,1,2
BRDA:42,2,0,10
BRDA:42,2,1,2
BRF:6
BRH:4
end_of_record
