TN:
SF:src/components/Calendar.js
FN:14,(anonymous_0)
FN:26,(anonymous_1)
FN:28,(anonymous_2)
FN:51,(anonymous_3)
FN:85,(anonymous_4)
FN:100,(anonymous_5)
FN:119,(anonymous_6)
FN:146,(anonymous_7)
FN:174,(anonymous_8)
FN:192,(anonymous_9)
FN:197,(anonymous_10)
FN:200,(anonymous_11)
FNF:12
FNH:0
FNDA:0,(anonymous_0)
FNDA:0,(anonymous_1)
FNDA:0,(anonymous_2)
FNDA:0,(anonymous_3)
FNDA:0,(anonymous_4)
FNDA:0,(anonymous_5)
FNDA:0,(anonymous_6)
FNDA:0,(anonymous_7)
FNDA:0,(anonymous_8)
FNDA:0,(anonymous_9)
FNDA:0,(anonymous_10)
FNDA:0,(anonymous_11)
DA:14,0
DA:15,0
DA:16,0
DA:17,0
DA:18,0
DA:19,0
DA:20,0
DA:21,0
DA:22,0
DA:26,0
DA:28,0
DA:29,0
DA:31,0
DA:33,0
DA:35,0
DA:37,0
DA:39,0
DA:41,0
DA:43,0
DA:45,0
DA:47,0
DA:51,0
DA:52,0
DA:53,0
DA:57,0
DA:58,0
DA:60,0
DA:61,0
DA:62,0
DA:63,0
DA:64,0
DA:65,0
DA:66,0
DA:67,0
DA:71,0
DA:72,0
DA:74,0
DA:77,0
DA:85,0
DA:91,0
DA:92,0
DA:94,0
DA:100,0
DA:101,0
DA:102,0
DA:105,0
DA:107,0
DA:109,0
DA:112,0
DA:115,0
DA:120,0
DA:147,0
DA:148,0
DA:149,0
DA:150,0
DA:151,0
DA:152,0
DA:153,0
DA:155,0
DA:156,0
DA:159,0
DA:160,0
DA:161,0
DA:162,0
DA:175,0
DA:192,0
DA:198,0
DA:200,0
DA:219,0
DA:246,0
DA:248,0
LF:71
LH:0
BRDA:29,0,0,0
BRDA:29,0,1,0
BRDA:29,0,2,0
BRDA:29,0,3,0
BRDA:29,0,4,0
BRDA:29,0,5,0
BRDA:29,0,6,0
BRDA:29,0,7,0
BRDA:29,0,8,0
BRDA:57,1,0,0
BRDA:57,1,1,0
BRDA:71,2,0,0
BRDA:71,2,1,0
BRDA:91,3,0,0
BRDA:91,3,1,0
BRDA:101,4,0,0
BRDA:101,4,1,0
BRDA:120,5,0,0
BRDA:120,5,1,0
BRDA:148,6,0,0
BRDA:148,6,1,0
BRDA:149,7,0,0
BRDA:149,7,1,0
BRDA:171,8,0,0
BRDA:171,8,1,0
BRF:25
BRH:0
end_of_record
TN:
SF:src/components/Esdeveniment.js
FN:12,Esdeveniment
FN:17,(anonymous_1)
FN:36,(anonymous_2)
FNF:3
FNH:0
FNDA:0,Esdeveniment
FNDA:0,(anonymous_1)
FNDA:0,(anonymous_2)
DA:8,0
DA:9,0
DA:10,0
DA:13,0
DA:14,0
DA:15,0
DA:17,0
DA:36,0
DA:54,0
LF:9
LH:0
BRDA:27,0,0,0
BRDA:27,0,1,0
BRF:2
BRH:0
end_of_record
TN:
SF:src/components/FollowButton.js
FN:6,(anonymous_0)
FN:12,(anonymous_1)
FN:13,(anonymous_2)
FN:22,(anonymous_3)
FN:28,(anonymous_4)
FNF:5
FNH:0
FNDA:0,(anonymous_0)
FNDA:0,(anonymous_1)
FNDA:0,(anonymous_2)
FNDA:0,(anonymous_3)
FNDA:0,(anonymous_4)
DA:6,0
DA:7,0
DA:8,0
DA:9,0
DA:10,0
DA:12,0
DA:13,0
DA:14,0
DA:15,0
DA:16,0
DA:17,0
DA:19,0
DA:22,0
DA:23,0
DA:24,0
DA:25,0
DA:28,0
DA:29,0
DA:30,0
DA:31,0
DA:43,0
DA:44,0
DA:54,0
DA:66,0
LF:24
LH:0
BRDA:8,0,0,0
BRDA:8,0,1,0
BRDA:16,1,0,0
BRDA:16,1,1,0
BRDA:43,2,0,0
BRDA:43,2,1,0
BRF:6
BRH:0
end_of_record
TN:
SF:src/components/InfoCompleta.js
FN:13,InfoCompleta
FN:15,(anonymous_1)
FN:33,(anonymous_2)
FNF:3
FNH:0
FNDA:0,InfoCompleta
FNDA:0,(anonymous_1)
FNDA:0,(anonymous_2)
DA:8,0
DA:15,0
DA:16,0
DA:19,0
DA:34,0
DA:65,0
LF:6
LH:0
BRDA:39,0,0,0
BRDA:39,0,1,0
BRDA:47,1,0,0
BRDA:47,1,1,0
BRF:4
BRH:0
end_of_record
TN:
SF:src/components/LikeButton.js
FN:6,(anonymous_0)
FN:13,(anonymous_1)
FN:14,(anonymous_2)
FN:27,(anonymous_3)
FN:30,(anonymous_4)
FN:34,(anonymous_5)
FN:37,(anonymous_6)
FN:42,(anonymous_7)
FNF:8
FNH:0
FNDA:0,(anonymous_0)
FNDA:0,(anonymous_1)
FNDA:0,(anonymous_2)
FNDA:0,(anonymous_3)
FNDA:0,(anonymous_4)
FNDA:0,(anonymous_5)
FNDA:0,(anonymous_6)
FNDA:0,(anonymous_7)
DA:6,0
DA:7,0
DA:8,0
DA:9,0
DA:10,0
DA:11,0
DA:13,0
DA:14,0
DA:15,0
DA:16,0
DA:17,0
DA:19,0
DA:20,0
DA:21,0
DA:22,0
DA:24,0
DA:27,0
DA:28,0
DA:29,0
DA:30,0
DA:31,0
DA:34,0
DA:35,0
DA:36,0
DA:37,0
DA:38,0
DA:42,0
DA:43,0
DA:44,0
DA:46,0
DA:51,0
LF:31
LH:0
BRDA:9,0,0,0
BRDA:9,0,1,0
BRDA:21,1,0,0
BRDA:21,1,1,0
BRDA:43,2,0,0
BRDA:43,2,1,0
BRDA:53,3,0,0
BRDA:53,3,1,0
BRDA:53,4,0,0
BRDA:53,4,1,0
BRF:10
BRH:0
end_of_record
TN:
SF:src/components/MapComp.js
FN:9,MapComp
FN:20,(anonymous_1)
FN:21,(anonymous_2)
FN:40,(anonymous_3)
FNF:4
FNH:0
FNDA:0,MapComp
FNDA:0,(anonymous_1)
FNDA:0,(anonymous_2)
FNDA:0,(anonymous_3)
DA:11,0
DA:12,0
DA:13,0
DA:20,0
DA:21,0
DA:23,0
DA:24,0
DA:25,0
DA:26,0
DA:29,0
DA:30,0
DA:31,0
DA:40,0
DA:41,0
DA:44,0
DA:58,0
LF:16
LH:0
BRDA:24,0,0,0
BRDA:24,0,1,0
BRF:2
BRH:0
end_of_record
TN:
SF:src/components/MarkersComp.js
FN:5,MarkersMap
FN:7,componentDidMount
FN:10,(anonymous_2)
FN:13,(anonymous_3)
FN:19,(anonymous_4)
FNF:5
FNH:0
FNDA:0,MarkersMap
FNDA:0,componentDidMount
FNDA:0,(anonymous_2)
FNDA:0,(anonymous_3)
FNDA:0,(anonymous_4)
DA:8,0
DA:10,0
DA:13,0
DA:14,0
DA:17,0
DA:19,0
LF:6
LH:0
BRDA:21,0,0,0
BRDA:21,0,1,0
BRDA:22,1,0,0
BRDA:22,1,1,0
BRF:4
BRH:0
end_of_record
TN:
SF:src/components/PerfilSimple.js
FN:14,PerfilSimple
FN:15,(anonymous_1)
FN:36,(anonymous_2)
FN:37,(anonymous_3)
FN:44,(anonymous_4)
FN:58,(anonymous_5)
FN:84,(anonymous_6)
FN:94,(anonymous_7)
FN:109,(anonymous_8)
FN:124,(anonymous_9)
FN:154,(anonymous_10)
FN:162,(anonymous_11)
FN:184,(anonymous_12)
FN:189,(anonymous_13)
FN:190,(anonymous_14)
FN:200,(anonymous_15)
FN:205,(anonymous_16)
FN:206,(anonymous_17)
FN:216,(anonymous_18)
FN:248,(anonymous_19)
FN:255,(anonymous_20)
FN:268,(anonymous_21)
FN:290,(anonymous_22)
FN:303,(anonymous_23)
FN:308,(anonymous_24)
FN:309,(anonymous_25)
FN:319,(anonymous_26)
FN:324,(anonymous_27)
FN:325,(anonymous_28)
FN:334,(anonymous_29)
FN:342,(anonymous_30)
FN:347,(anonymous_31)
FN:350,(anonymous_32)
FN:351,(anonymous_33)
FN:367,(anonymous_34)
FNF:35
FNH:0
FNDA:0,PerfilSimple
FNDA:0,(anonymous_1)
FNDA:0,(anonymous_2)
FNDA:0,(anonymous_3)
FNDA:0,(anonymous_4)
FNDA:0,(anonymous_5)
FNDA:0,(anonymous_6)
FNDA:0,(anonymous_7)
FNDA:0,(anonymous_8)
FNDA:0,(anonymous_9)
FNDA:0,(anonymous_10)
FNDA:0,(anonymous_11)
FNDA:0,(anonymous_12)
FNDA:0,(anonymous_13)
FNDA:0,(anonymous_14)
FNDA:0,(anonymous_15)
FNDA:0,(anonymous_16)
FNDA:0,(anonymous_17)
FNDA:0,(anonymous_18)
FNDA:0,(anonymous_19)
FNDA:0,(anonymous_20)
FNDA:0,(anonymous_21)
FNDA:0,(anonymous_22)
FNDA:0,(anonymous_23)
FNDA:0,(anonymous_24)
FNDA:0,(anonymous_25)
FNDA:0,(anonymous_26)
FNDA:0,(anonymous_27)
FNDA:0,(anonymous_28)
FNDA:0,(anonymous_29)
FNDA:0,(anonymous_30)
FNDA:0,(anonymous_31)
FNDA:0,(anonymous_32)
FNDA:0,(anonymous_33)
FNDA:0,(anonymous_34)
DA:15,0
DA:16,0
DA:18,0
DA:19,0
DA:20,0
DA:21,0
DA:22,0
DA:23,0
DA:24,0
DA:25,0
DA:26,0
DA:27,0
DA:28,0
DA:29,0
DA:30,0
DA:31,0
DA:32,0
DA:36,0
DA:37,0
DA:38,0
DA:39,0
DA:40,0
DA:41,0
DA:44,0
DA:45,0
DA:46,0
DA:47,0
DA:48,0
DA:49,0
DA:50,0
DA:51,0
DA:52,0
DA:54,0
DA:58,0
DA:59,0
DA:60,0
DA:61,0
DA:62,0
DA:63,0
DA:64,0
DA:65,0
DA:66,0
DA:67,0
DA:68,0
DA:69,0
DA:70,0
DA:71,0
DA:72,0
DA:73,0
DA:74,0
DA:75,0
DA:84,0
DA:85,0
DA:86,0
DA:87,0
DA:88,0
DA:89,0
DA:90,0
DA:91,0
DA:94,0
DA:95,0
DA:96,0
DA:97,0
DA:98,0
DA:99,0
DA:102,0
DA:103,0
DA:104,0
DA:105,0
DA:106,0
DA:109,0
DA:110,0
DA:117,0
DA:118,0
DA:119,0
DA:120,0
DA:124,0
DA:125,0
DA:127,0
DA:128,0
DA:135,0
DA:138,0
DA:139,0
DA:154,0
DA:162,0
DA:184,0
DA:190,0
DA:200,0
DA:206,0
DA:216,0
DA:230,0
DA:248,0
DA:255,0
DA:268,0
DA:290,0
DA:303,0
DA:309,0
DA:319,0
DA:325,0
DA:334,0
DA:342,0
DA:348,0
DA:350,0
DA:351,0
DA:367,0
DA:383,0
LF:106
LH:0
BRDA:117,0,0,0
BRDA:117,0,1,0
BRDA:138,1,0,0
BRDA:138,1,1,0
BRDA:145,2,0,0
BRDA:145,2,1,0
BRDA:236,3,0,0
BRDA:236,3,1,0
BRF:8
BRH:0
end_of_record
TN:
SF:src/components/ProfileForm.js
FN:6,ProfileForm
FN:13,(anonymous_1)
FN:40,handleChange
FN:66,(anonymous_3)
FNF:4
FNH:0
FNDA:0,ProfileForm
FNDA:0,(anonymous_1)
FNDA:0,handleChange
FNDA:0,(anonymous_3)
DA:7,0
DA:8,0
DA:9,0
DA:10,0
DA:11,0
DA:13,0
DA:14,0
DA:17,0
DA:18,0
DA:30,0
DA:31,0
DA:32,0
DA:33,0
DA:36,0
DA:41,0
DA:42,0
DA:45,0
DA:66,0
DA:71,0
LF:19
LH:0
BRDA:32,0,0,0
BRDA:32,0,1,0
BRF:2
BRH:0
end_of_record
TN:
SF:src/components/ReservarButton.js
FN:6,Reservar
FN:18,(anonymous_1)
FN:19,(anonymous_2)
FN:54,(anonymous_3)
FN:67,(anonymous_4)
FN:73,(anonymous_5)
FN:90,(anonymous_6)
FN:113,(anonymous_7)
FN:125,(anonymous_8)
FN:132,(anonymous_9)
FNF:10
FNH:4
FNDA:6,Reservar
FNDA:3,(anonymous_1)
FNDA:3,(anonymous_2)
FNDA:2,(anonymous_3)
FNDA:0,(anonymous_4)
FNDA:0,(anonymous_5)
FNDA:0,(anonymous_6)
FNDA:0,(anonymous_7)
FNDA:0,(anonymous_8)
FNDA:0,(anonymous_9)
DA:7,6
DA:8,6
DA:9,6
DA:10,6
DA:11,6
DA:12,6
DA:13,6
DA:14,6
DA:15,6
DA:16,6
DA:18,6
DA:19,3
DA:20,3
DA:21,3
DA:22,0
DA:23,0
DA:24,0
DA:29,3
DA:30,3
DA:31,3
DA:32,3
DA:33,3
DA:34,0
DA:37,3
DA:38,0
DA:40,3
DA:41,3
DA:42,0
DA:43,0
DA:48,3
DA:49,3
DA:51,3
DA:54,6
DA:55,2
DA:56,2
DA:57,2
DA:58,2
DA:61,0
DA:63,0
DA:67,6
DA:68,0
DA:69,0
DA:73,6
DA:74,0
DA:75,0
DA:76,0
DA:77,0
DA:80,6
DA:81,0
DA:88,6
DA:89,0
DA:90,0
DA:97,6
DA:98,6
DA:109,0
DA:113,0
DA:126,0
DA:132,0
DA:155,1
LF:59
LH:37
BRDA:23,0,0,0
BRDA:23,0,1,0
BRDA:33,1,0,0
BRDA:33,1,1,3
BRDA:37,2,0,0
BRDA:37,2,1,3
BRDA:40,3,0,3
BRDA:40,3,1,0
BRDA:57,4,0,2
BRDA:57,4,1,0
BRDA:80,5,0,0
BRDA:80,5,1,6
BRDA:88,6,0,0
BRDA:88,6,1,6
BRDA:97,7,0,6
BRDA:97,7,1,0
BRDA:111,8,0,0
BRDA:111,8,1,0
BRDA:120,9,0,0
BRDA:120,9,1,0
BRDA:130,10,0,0
BRDA:130,10,1,0
BRDA:142,11,0,0
BRDA:142,11,1,0
BRF:24
BRH:7
end_of_record
TN:
SF:src/components/Screen.js
FN:4,Screen
FNF:1
FNH:0
FNDA:0,Screen
DA:5,0
DA:26,0
LF:2
LH:0
BRF:0
BRH:0
end_of_record
TN:
SF:src/components/SearchFilter.js
FN:13,SearchFilter
FN:46,emitVariable
FN:54,handleTextChange
FN:63,saveFilter
FN:78,(anonymous_4)
FN:100,(anonymous_5)
FN:116,tematiquesArry
FN:146,(anonymous_7)
FN:152,(anonymous_8)
FN:162,(anonymous_9)
FN:178,(anonymous_10)
FN:184,(anonymous_11)
FN:199,(anonymous_12)
FN:220,(anonymous_13)
FN:226,(anonymous_14)
FN:232,(anonymous_15)
FN:238,(anonymous_16)
FN:244,(anonymous_17)
FN:250,(anonymous_18)
FN:256,(anonymous_19)
FN:262,(anonymous_20)
FNF:21
FNH:0
FNDA:0,SearchFilter
FNDA:0,emitVariable
FNDA:0,handleTextChange
FNDA:0,saveFilter
FNDA:0,(anonymous_4)
FNDA:0,(anonymous_5)
FNDA:0,tematiquesArry
FNDA:0,(anonymous_7)
FNDA:0,(anonymous_8)
FNDA:0,(anonymous_9)
FNDA:0,(anonymous_10)
FNDA:0,(anonymous_11)
FNDA:0,(anonymous_12)
FNDA:0,(anonymous_13)
FNDA:0,(anonymous_14)
FNDA:0,(anonymous_15)
FNDA:0,(anonymous_16)
FNDA:0,(anonymous_17)
FNDA:0,(anonymous_18)
FNDA:0,(anonymous_19)
FNDA:0,(anonymous_20)
DA:16,0
DA:17,0
DA:18,0
DA:19,0
DA:20,0
DA:21,0
DA:22,0
DA:24,0
DA:26,0
DA:27,0
DA:29,0
DA:30,0
DA:31,0
DA:32,0
DA:34,0
DA:35,0
DA:36,0
DA:37,0
DA:38,0
DA:39,0
DA:40,0
DA:41,0
DA:44,0
DA:47,0
DA:55,0
DA:56,0
DA:64,0
DA:65,0
DA:67,0
DA:68,0
DA:71,0
DA:72,0
DA:76,0
DA:77,0
DA:78,0
DA:79,0
DA:80,0
DA:83,0
DA:86,0
DA:90,0
DA:91,0
DA:92,0
DA:96,0
DA:97,0
DA:100,0
DA:101,0
DA:102,0
DA:105,0
DA:109,0
DA:110,0
DA:117,0
DA:118,0
DA:119,0
DA:121,0
DA:122,0
DA:124,0
DA:125,0
DA:127,0
DA:128,0
DA:130,0
DA:131,0
DA:133,0
DA:134,0
DA:136,0
DA:137,0
DA:139,0
DA:140,0
DA:143,0
DA:146,0
DA:147,0
DA:148,0
DA:149,0
DA:152,0
DA:153,0
DA:154,0
DA:155,0
DA:158,0
DA:162,0
DA:178,0
DA:184,0
DA:199,0
DA:220,0
DA:226,0
DA:232,0
DA:238,0
DA:244,0
DA:250,0
DA:256,0
DA:262,0
DA:296,0
LF:90
LH:0
BRDA:71,0,0,0
BRDA:71,0,1,0
BRDA:76,1,0,0
BRDA:76,1,1,0
BRDA:79,2,0,0
BRDA:79,2,1,0
BRDA:90,3,0,0
BRDA:90,3,1,0
BRDA:96,4,0,0
BRDA:96,4,1,0
BRDA:101,5,0,0
BRDA:101,5,1,0
BRDA:118,6,0,0
BRDA:118,6,1,0
BRDA:121,7,0,0
BRDA:121,7,1,0
BRDA:124,8,0,0
BRDA:124,8,1,0
BRDA:127,9,0,0
BRDA:127,9,1,0
BRDA:130,10,0,0
BRDA:130,10,1,0
BRDA:133,11,0,0
BRDA:133,11,1,0
BRDA:136,12,0,0
BRDA:136,12,1,0
BRDA:139,13,0,0
BRDA:139,13,1,0
BRDA:147,14,0,0
BRDA:147,14,1,0
BRDA:153,15,0,0
BRDA:153,15,1,0
BRDA:188,16,0,0
BRDA:188,16,1,0
BRDA:203,17,0,0
BRDA:203,17,1,0
BRDA:265,18,0,0
BRDA:265,18,1,0
BRF:38
BRH:0
end_of_record
TN:
SF:src/components/Trofeu.js
FN:12,InfoCompleta
FN:15,(anonymous_1)
FNF:2
FNH:0
FNDA:0,InfoCompleta
FNDA:0,(anonymous_1)
DA:7,0
DA:13,0
DA:15,0
DA:16,0
DA:21,0
LF:5
LH:0
BRF:0
BRH:0
end_of_record
TN:
SF:src/screens/Agenda.js
FN:8,Agenda
FN:11,(anonymous_1)
FNF:2
FNH:0
FNDA:0,Agenda
FNDA:0,(anonymous_1)
DA:9,0
DA:11,0
DA:12,0
DA:15,0
DA:23,0
LF:5
LH:0
BRF:0
BRH:0
end_of_record
TN:
SF:src/screens/Chat.js
FN:8,Agenda
FN:11,(anonymous_1)
FNF:2
FNH:0
FNDA:0,Agenda
FNDA:0,(anonymous_1)
DA:9,0
DA:11,0
DA:12,0
DA:16,0
DA:24,0
LF:5
LH:0
BRF:0
BRH:0
end_of_record
TN:
SF:src/screens/Home.js
FN:8,Home
FN:14,(anonymous_1)
FN:15,(anonymous_2)
FN:31,(anonymous_3)
FNF:4
FNH:0
FNDA:0,Home
FNDA:0,(anonymous_1)
FNDA:0,(anonymous_2)
FNDA:0,(anonymous_3)
DA:11,0
DA:12,0
DA:14,0
DA:15,0
DA:16,0
DA:17,0
DA:18,0
DA:19,0
DA:21,0
DA:22,0
DA:25,0
DA:28,0
DA:31,0
DA:32,0
DA:35,0
DA:53,0
LF:16
LH:0
BRDA:18,0,0,0
BRDA:18,0,1,0
BRF:2
BRH:0
end_of_record
TN:
SF:src/screens/Map.js
FN:6,Map
FNF:1
FNH:0
FNDA:0,Map
DA:8,0
LF:1
LH:0
BRF:0
BRH:0
end_of_record
TN:
SF:src/screens/Perfil.js
FN:8,Agenda
FN:11,(anonymous_1)
FNF:2
FNH:0
FNDA:0,Agenda
FNDA:0,(anonymous_1)
DA:9,0
DA:11,0
DA:12,0
DA:16,0
DA:24,0
LF:5
LH:0
BRF:0
BRH:0
end_of_record
TN:
SF:src/screens/Search.js
FN:7,(anonymous_0)
FN:13,Search
FN:18,(anonymous_2)
FN:21,componenDidMount
FN:23,(anonymous_4)
FN:24,(anonymous_5)
FN:30,(anonymous_6)
FN:33,loadMore
FN:37,(anonymous_8)
FN:38,(anonymous_9)
FN:43,(anonymous_10)
FN:46,(anonymous_11)
FN:50,(anonymous_12)
FN:57,(anonymous_13)
FN:66,(anonymous_14)
FN:68,(anonymous_15)
FN:69,(anonymous_16)
FNF:17
FNH:0
FNDA:0,(anonymous_0)
FNDA:0,Search
FNDA:0,(anonymous_2)
FNDA:0,componenDidMount
FNDA:0,(anonymous_4)
FNDA:0,(anonymous_5)
FNDA:0,(anonymous_6)
FNDA:0,loadMore
FNDA:0,(anonymous_8)
FNDA:0,(anonymous_9)
FNDA:0,(anonymous_10)
FNDA:0,(anonymous_11)
FNDA:0,(anonymous_12)
FNDA:0,(anonymous_13)
FNDA:0,(anonymous_14)
FNDA:0,(anonymous_15)
FNDA:0,(anonymous_16)
DA:7,0
DA:8,0
DA:9,0
DA:14,0
DA:15,0
DA:16,0
DA:18,0
DA:22,0
DA:23,0
DA:25,0
DA:26,0
DA:27,0
DA:28,0
DA:30,0
DA:34,0
DA:35,0
DA:36,0
DA:37,0
DA:39,0
DA:40,0
DA:41,0
DA:43,0
DA:46,0
DA:47,0
DA:50,0
DA:51,0
DA:54,0
DA:58,0
DA:59,0
DA:67,0
DA:68,0
DA:69,0
DA:76,0
LF:33
LH:0
BRDA:58,0,0,0
BRDA:58,0,1,0
BRF:2
BRH:0
end_of_record
TN:
SF:src/utils/translateLabels.js
FNF:0
FNH:0
DA:1,0
DA:5,0
DA:9,0
LF:3
LH:0
BRF:0
BRH:0
end_of_record
TN:
SF:src/utils/utilFunctions.js
FN:3,setToken
FN:7,simpleFetch
FNF:2
FNH:1
FNDA:0,setToken
FNDA:5,simpleFetch
DA:1,1
DA:4,0
DA:8,5
DA:9,5
DA:11,5
DA:12,5
DA:15,5
DA:16,3
DA:27,2
DA:38,0
DA:41,0
LF:11
LH:8
BRDA:15,0,0,3
BRDA:15,0,1,2
BRDA:15,1,0,5
BRDA:15,1,1,2
BRF:4
BRH:4
end_of_record
